2025-12-25 08:41:40,767 [INFO] Activator:176 - 


2025-12-25 08:41:40,778 [INFO] Activator:177 - !SESSION log4j initialized
2025-12-25 08:41:51,797 [INFO] LogOutputStream:77 - [STDOUT_REDIRECT] 
2025-12-25 08:41:55,279 [INFO] ApplicationProperties:184 - Using Application install path: C:\ST\STM32CubeIDE_1.19.0\STM32CubeIDE\plugins\com.st.stm32cube.common.mx_6.15.0.202507011659
2025-12-25 08:41:55,314 [INFO] DbMcusXml:78 - Set database path to: C:\ST\STM32CubeIDE_1.19.0\STM32CubeIDE\plugins\com.st.stm32cube.common.mx_6.15.0.202507011659\\db\/mcu/
2025-12-25 08:41:55,314 [INFO] ApiDb:274 - Set plugin database path to: C:\ST\STM32CubeIDE_1.19.0\STM32CubeIDE\plugins\com.st.stm32cube.common.mx_6.15.0.202507011659\\db\/plugins/boardmanager/
2025-12-25 08:41:55,315 [WARN] ApiDb:259 - Overriding images path with different value:  => C:\ST\STM32CubeIDE_1.19.0\STM32CubeIDE\plugins\com.st.stm32cube.common.mx_6.15.0.202507011659\\db\/plugins/mcufinder/images/
2025-12-25 08:41:55,333 [INFO] ApiDb:250 - Set database path to: C:\Users\ADMIN\.stmcufinder\plugins\mcufinder//mcu/
2025-12-25 08:41:55,336 [INFO] DbMcusAds:125 - Set database path to: C:\Users\ADMIN\.stmcufinder\plugins\mcufinder//mcu/
2025-12-25 08:41:55,341 [INFO] CrossReferenceDbSqlite:203 - Set database path to: C:\Users\ADMIN\.stmcufinder\plugins\mcufinder//mcu/cs/
2025-12-25 08:41:55,653 [INFO] RulesReader:64 - Compatibility file has been processed (317 Rules)
2025-12-25 08:41:55,812 [INFO] DbMcusXml:78 - Set database path to: C:\ST\STM32CubeIDE_1.19.0\STM32CubeIDE\plugins\com.st.stm32cube.common.mx_6.15.0.202507011659\\db\/mcu/
2025-12-25 08:41:55,813 [INFO] ApiDb:274 - Set plugin database path to: C:\ST\STM32CubeIDE_1.19.0\STM32CubeIDE\plugins\com.st.stm32cube.common.mx_6.15.0.202507011659\\db\/plugins/boardmanager/
2025-12-25 08:41:55,813 [INFO] ApiDb:261 - Set plugin images path to: C:\ST\STM32CubeIDE_1.19.0\STM32CubeIDE\plugins\com.st.stm32cube.common.mx_6.15.0.202507011659\\db\/plugins/mcufinder/images/
2025-12-25 08:41:55,814 [WARN] DbFile:41 - Overriding database path with different value: C:\Users\ADMIN\.stmcufinder\plugins\mcufinder/ => C:\Users\ADMIN\.stmcufinder\plugins\mcufinder
2025-12-25 08:41:55,814 [INFO] ApiDb:250 - Set database path to: C:\Users\ADMIN\.stmcufinder\plugins\mcufinder//mcu/
2025-12-25 08:41:55,815 [WARN] DbFile:41 - Overriding database path with different value: C:\Users\ADMIN\.stmcufinder\plugins\mcufinder/ => C:\Users\ADMIN\.stmcufinder\plugins\mcufinder
2025-12-25 08:41:55,815 [INFO] DbMcusAds:125 - Set database path to: C:\Users\ADMIN\.stmcufinder\plugins\mcufinder//mcu/
2025-12-25 08:41:55,815 [WARN] DbFile:41 - Overriding database path with different value: C:\Users\ADMIN\.stmcufinder\plugins\mcufinder/ => C:\Users\ADMIN\.stmcufinder\plugins\mcufinder
2025-12-25 08:41:55,815 [WARN] DbFile:41 - Overriding database path with different value: C:\Users\ADMIN\.stmcufinder\plugins\mcufinder/ => C:\Users\ADMIN\.stmcufinder\plugins\mcufinder
2025-12-25 08:41:55,815 [INFO] CrossReferenceDbSqlite:203 - Set database path to: C:\Users\ADMIN\.stmcufinder\plugins\mcufinder//mcu/cs/
2025-12-25 08:41:55,989 [INFO] MainPanel:274 - HeapMemory: 268435456
2025-12-25 08:41:56,183 [INFO] DbMcusXml:78 - Set database path to: C:\ST\STM32CubeIDE_1.19.0\STM32CubeIDE\plugins\com.st.stm32cube.common.mx_6.15.0.202507011659\\db\/mcu/
2025-12-25 08:41:56,184 [INFO] ApiDb:274 - Set plugin database path to: C:\ST\STM32CubeIDE_1.19.0\STM32CubeIDE\plugins\com.st.stm32cube.common.mx_6.15.0.202507011659\\db\/plugins/boardmanager/
2025-12-25 08:41:56,184 [INFO] ApiDb:261 - Set plugin images path to: C:\ST\STM32CubeIDE_1.19.0\STM32CubeIDE\plugins\com.st.stm32cube.common.mx_6.15.0.202507011659\\db\/plugins/mcufinder/images/
2025-12-25 08:41:56,184 [WARN] DbFile:41 - Overriding database path with different value: C:\Users\ADMIN\.stmcufinder\plugins\mcufinder/ => C:\Users\ADMIN\.stmcufinder\plugins\mcufinder
2025-12-25 08:41:56,185 [INFO] ApiDb:250 - Set database path to: C:\Users\ADMIN\.stmcufinder\plugins\mcufinder//mcu/
2025-12-25 08:41:56,186 [WARN] DbFile:41 - Overriding database path with different value: C:\Users\ADMIN\.stmcufinder\plugins\mcufinder/ => C:\Users\ADMIN\.stmcufinder\plugins\mcufinder
2025-12-25 08:41:56,186 [INFO] DbMcusAds:125 - Set database path to: C:\Users\ADMIN\.stmcufinder\plugins\mcufinder//mcu/
2025-12-25 08:41:56,186 [WARN] DbFile:41 - Overriding database path with different value: C:\Users\ADMIN\.stmcufinder\plugins\mcufinder/ => C:\Users\ADMIN\.stmcufinder\plugins\mcufinder
2025-12-25 08:41:56,186 [WARN] DbFile:41 - Overriding database path with different value: C:\Users\ADMIN\.stmcufinder\plugins\mcufinder/ => C:\Users\ADMIN\.stmcufinder\plugins\mcufinder
2025-12-25 08:41:56,187 [INFO] CrossReferenceDbSqlite:203 - Set database path to: C:\Users\ADMIN\.stmcufinder\plugins\mcufinder//mcu/cs/
2025-12-25 08:41:56,222 [INFO] ApplicationProperties:184 - Using Application install path: C:\ST\STM32CubeIDE_1.19.0\STM32CubeIDE\plugins\com.st.stm32cube.common.mx_6.15.0.202507011659
2025-12-25 08:41:56,225 [INFO] PluginManage:196 - Search for loadable plugins [exclusion list=, ]
2025-12-25 08:41:56,227 [INFO] PluginManage:310 - Check plugin analytics
2025-12-25 08:41:56,760 [INFO] AnalyticsPlugin:253 - Accepted Software Licenses: 
2025-12-25 08:41:56,760 [INFO] AnalyticsPlugin:255 - Accepted CMSIS Pack Licenses: 
2025-12-25 08:41:56,761 [INFO] AnalyticsPlugin:257 - Accepted Firmware Licenses: FW.F4.1.28.0
2025-12-25 08:41:56,777 [INFO] PluginManage:359 - Loaded plugin analytics (category:tool,tabindex:-1)
2025-12-25 08:41:56,778 [INFO] PluginManage:310 - Check plugin cadmodel
2025-12-25 08:41:56,785 [INFO] CADModel:105 - Init CAD model plugin
2025-12-25 08:41:56,786 [INFO] PluginManage:359 - Loaded plugin cadmodel (category:power,tabindex:5)
2025-12-25 08:41:56,786 [INFO] PluginManage:310 - Check plugin clock
2025-12-25 08:41:56,805 [INFO] PluginManage:359 - Loaded plugin clock (category:base,tabindex:2)
2025-12-25 08:41:56,805 [INFO] PluginManage:310 - Check plugin ddr
2025-12-25 08:41:56,805 [INFO] PluginManage:359 - Loaded plugin ddr (category:tool,tabindex:6)
2025-12-25 08:41:56,805 [INFO] PluginManage:310 - Check plugin filemanager
2025-12-25 08:41:57,163 [INFO] PluginManage:359 - Loaded plugin filemanager (category:base,tabindex:10)
2025-12-25 08:41:57,163 [INFO] PluginManage:310 - Check plugin ipmanager
2025-12-25 08:41:57,179 [INFO] PluginManage:359 - Loaded plugin ipmanager (category:base,tabindex:5)
2025-12-25 08:41:57,179 [INFO] PluginManage:310 - Check plugin lpbam
2025-12-25 08:41:57,188 [INFO] PluginManage:359 - Loaded plugin lpbam (category:base,tabindex:0)
2025-12-25 08:41:57,188 [INFO] PluginManage:310 - Check plugin memorymap
2025-12-25 08:41:57,225 [INFO] PluginManage:359 - Loaded plugin memorymap (category:base,tabindex:4)
2025-12-25 08:41:57,225 [INFO] PluginManage:310 - Check plugin pinoutandconfiguration
2025-12-25 08:41:57,239 [INFO] PluginManage:359 - Loaded plugin pinoutandconfiguration (category:base,tabindex:1)
2025-12-25 08:41:57,239 [INFO] PluginManage:310 - Check plugin pinoutconfig
2025-12-25 08:41:57,408 [WARN] SupportedApi:132 - Cannot load RTOS API schema: s4s-elt-must-match.1: The content of 'definitions' must match (annotation?, (simpleType | complexType)?, (unique | key | keyref)*)). A problem was found starting at: attribute.
2025-12-25 08:41:57,631 [INFO] PluginManage:359 - Loaded plugin pinoutconfig (category:base,tabindex:0)
2025-12-25 08:41:57,631 [INFO] PluginManage:310 - Check plugin power
2025-12-25 08:41:57,640 [INFO] PluginManage:359 - Loaded plugin power (category:power,tabindex:4)
2025-12-25 08:41:57,640 [INFO] PluginManage:310 - Check plugin projectmanager
2025-12-25 08:41:57,721 [INFO] PluginManage:359 - Loaded plugin projectmanager (category:projectmanager,tabindex:4)
2025-12-25 08:41:57,721 [INFO] PluginManage:310 - Check plugin rif
2025-12-25 08:41:57,731 [INFO] PluginManage:359 - Loaded plugin rif (category:base,tabindex:3)
2025-12-25 08:41:57,731 [INFO] PluginManage:310 - Check plugin thirdparty
2025-12-25 08:41:58,006 [INFO] PluginManage:359 - Loaded plugin thirdparty (category:base,tabindex:-1)
2025-12-25 08:41:58,007 [INFO] PluginManage:310 - Check plugin tools
2025-12-25 08:41:58,012 [INFO] PluginManage:359 - Loaded plugin tools (category:base,tabindex:7)
2025-12-25 08:41:58,012 [INFO] PluginManage:310 - Check plugin tutovideos
2025-12-25 08:41:58,021 [WARN] IntegrityCheckThread:84 - waiting for thirdparty lock release [integrity check]
2025-12-25 08:41:58,023 [INFO] IntegrityCheckThread:86 - entering critical section [integrity check]
2025-12-25 08:41:58,023 [INFO] ThirdPartyUpdaterWithRetryManager:70 - Updater plugin not ready yet. [1/15]
2025-12-25 08:41:58,379 [INFO] PluginManage:359 - Loaded plugin tutovideos (category:base,tabindex:-1)
2025-12-25 08:41:58,379 [INFO] PluginManage:310 - Check plugin updater
2025-12-25 08:41:58,421 [INFO] PluginManage:359 - Loaded plugin updater (category:base,tabindex:12)
2025-12-25 08:41:58,423 [INFO] PluginManage:310 - Check plugin userauth
2025-12-25 08:41:58,428 [INFO] UserAuth:118 - Init User Auth plugin
2025-12-25 08:41:58,429 [INFO] PluginManage:359 - Loaded plugin userauth (category:base,tabindex:14)
2025-12-25 08:41:58,429 [INFO] PluginManage:283 - PluginManage : Loaded plugins [18]
2025-12-25 08:41:58,833 [INFO] PinOutPanel:1589 - setPackage(No Configuration,No Configuration)
2025-12-25 08:41:59,005 [INFO] CADModel:165 - CPN selected for project level
2025-12-25 08:41:59,005 [INFO] CADModel:114 - Register for checkConnection events
2025-12-25 08:41:59,039 [INFO] IPUIPlugin:80 - create IPUIPlugin
2025-12-25 08:41:59,040 [INFO] PluginManager:220 - loadIPPluginJar : add adc
2025-12-25 08:41:59,044 [INFO] IPUIPlugin:80 - create IPUIPlugin
2025-12-25 08:41:59,044 [INFO] PluginManager:220 - loadIPPluginJar : add aes
2025-12-25 08:41:59,045 [INFO] IPUIPlugin:80 - create IPUIPlugin
2025-12-25 08:41:59,048 [INFO] PluginManager:220 - loadIPPluginJar : add can
2025-12-25 08:41:59,049 [INFO] IPUIPlugin:80 - create IPUIPlugin
2025-12-25 08:41:59,049 [INFO] PluginManager:220 - loadIPPluginJar : add comp
2025-12-25 08:41:59,049 [INFO] IPUIPlugin:80 - create IPUIPlugin
2025-12-25 08:41:59,049 [INFO] PluginManager:220 - loadIPPluginJar : add cryp
2025-12-25 08:41:59,049 [INFO] IPUIPlugin:80 - create IPUIPlugin
2025-12-25 08:41:59,049 [INFO] PluginManager:220 - loadIPPluginJar : add ddr_ctrl_phy
2025-12-25 08:41:59,049 [INFO] IPUIPlugin:80 - create IPUIPlugin
2025-12-25 08:41:59,049 [INFO] PluginManager:220 - loadIPPluginJar : add dfsdm
2025-12-25 08:41:59,065 [INFO] IPUIPlugin:80 - create IPUIPlugin
2025-12-25 08:41:59,065 [INFO] PluginManager:220 - loadIPPluginJar : add dma
2025-12-25 08:41:59,065 [INFO] IPUIPlugin:80 - create IPUIPlugin
2025-12-25 08:41:59,065 [INFO] PluginManager:220 - loadIPPluginJar : add dma3
2025-12-25 08:41:59,065 [INFO] IPUIPlugin:80 - create IPUIPlugin
2025-12-25 08:41:59,065 [INFO] PluginManager:220 - loadIPPluginJar : add extmemmanager
2025-12-25 08:41:59,065 [INFO] IPUIPlugin:80 - create IPUIPlugin
2025-12-25 08:41:59,065 [INFO] PluginManager:220 - loadIPPluginJar : add fatfs
2025-12-25 08:41:59,080 [INFO] IPUIPlugin:80 - create IPUIPlugin
2025-12-25 08:41:59,080 [INFO] PluginManager:220 - loadIPPluginJar : add fmc
2025-12-25 08:41:59,080 [INFO] IPUIPlugin:80 - create IPUIPlugin
2025-12-25 08:41:59,080 [INFO] PluginManager:220 - loadIPPluginJar : add freertos
2025-12-25 08:41:59,080 [INFO] IPUIPlugin:80 - create IPUIPlugin
2025-12-25 08:41:59,080 [INFO] PluginManager:220 - loadIPPluginJar : add genericplugin
2025-12-25 08:41:59,096 [INFO] IPUIPlugin:80 - create IPUIPlugin
2025-12-25 08:41:59,096 [INFO] PluginManager:220 - loadIPPluginJar : add gfxmmu
2025-12-25 08:41:59,102 [INFO] IPUIPlugin:80 - create IPUIPlugin
2025-12-25 08:41:59,102 [INFO] PluginManager:220 - loadIPPluginJar : add gic
2025-12-25 08:41:59,102 [INFO] IPUIPlugin:80 - create IPUIPlugin
2025-12-25 08:41:59,102 [INFO] PluginManager:220 - loadIPPluginJar : add gpio
2025-12-25 08:41:59,102 [INFO] IPUIPlugin:80 - create IPUIPlugin
2025-12-25 08:41:59,102 [INFO] PluginManager:220 - loadIPPluginJar : add gtzc
2025-12-25 08:41:59,119 [INFO] IPUIPlugin:80 - create IPUIPlugin
2025-12-25 08:41:59,119 [INFO] PluginManager:220 - loadIPPluginJar : add hash
2025-12-25 08:41:59,119 [INFO] IPUIPlugin:80 - create IPUIPlugin
2025-12-25 08:41:59,119 [INFO] PluginManager:220 - loadIPPluginJar : add i2c
2025-12-25 08:41:59,119 [INFO] IPUIPlugin:80 - create IPUIPlugin
2025-12-25 08:41:59,128 [INFO] PluginManager:220 - loadIPPluginJar : add i2s
2025-12-25 08:41:59,129 [INFO] IPUIPlugin:80 - create IPUIPlugin
2025-12-25 08:41:59,129 [INFO] PluginManager:220 - loadIPPluginJar : add i3c
2025-12-25 08:41:59,134 [INFO] IPUIPlugin:80 - create IPUIPlugin
2025-12-25 08:41:59,139 [INFO] PluginManager:220 - loadIPPluginJar : add ipddr
2025-12-25 08:41:59,141 [INFO] IPUIPlugin:80 - create IPUIPlugin
2025-12-25 08:41:59,152 [INFO] PluginManager:220 - loadIPPluginJar : add linkedlist
2025-12-25 08:41:59,156 [INFO] IPUIPlugin:80 - create IPUIPlugin
2025-12-25 08:41:59,156 [INFO] PluginManager:220 - loadIPPluginJar : add lorawan
2025-12-25 08:41:59,156 [INFO] IPUIPlugin:80 - create IPUIPlugin
2025-12-25 08:41:59,156 [INFO] PluginManager:220 - loadIPPluginJar : add ltdc
2025-12-25 08:41:59,172 [INFO] IPUIPlugin:80 - create IPUIPlugin
2025-12-25 08:41:59,174 [INFO] PluginManager:220 - loadIPPluginJar : add mdma
2025-12-25 08:41:59,183 [INFO] IPUIPlugin:80 - create IPUIPlugin
2025-12-25 08:41:59,183 [INFO] PluginManager:220 - loadIPPluginJar : add nvic
2025-12-25 08:41:59,183 [INFO] IPUIPlugin:80 - create IPUIPlugin
2025-12-25 08:41:59,183 [INFO] PluginManager:220 - loadIPPluginJar : add opamp
2025-12-25 08:41:59,198 [INFO] IPUIPlugin:80 - create IPUIPlugin
2025-12-25 08:41:59,198 [INFO] PluginManager:220 - loadIPPluginJar : add openamp
2025-12-25 08:41:59,214 [INFO] IPUIPlugin:80 - create IPUIPlugin
2025-12-25 08:41:59,214 [INFO] PluginManager:220 - loadIPPluginJar : add pdm2pcm
2025-12-25 08:41:59,230 [INFO] IPUIPlugin:80 - create IPUIPlugin
2025-12-25 08:41:59,237 [INFO] PluginManager:220 - loadIPPluginJar : add plateformsettings
2025-12-25 08:41:59,238 [INFO] IPUIPlugin:80 - create IPUIPlugin
2025-12-25 08:41:59,238 [INFO] PluginManager:220 - loadIPPluginJar : add quadspi
2025-12-25 08:41:59,246 [INFO] IPUIPlugin:80 - create IPUIPlugin
2025-12-25 08:41:59,246 [INFO] PluginManager:220 - loadIPPluginJar : add radio
2025-12-25 08:41:59,256 [INFO] IPUIPlugin:80 - create IPUIPlugin
2025-12-25 08:41:59,256 [INFO] PluginManager:220 - loadIPPluginJar : add resmgrutility
2025-12-25 08:41:59,269 [INFO] IPUIPlugin:80 - create IPUIPlugin
2025-12-25 08:41:59,269 [INFO] PluginManager:220 - loadIPPluginJar : add sai
2025-12-25 08:41:59,272 [INFO] IPUIPlugin:80 - create IPUIPlugin
2025-12-25 08:41:59,272 [INFO] PluginManager:220 - loadIPPluginJar : add spi
2025-12-25 08:41:59,289 [INFO] IPUIPlugin:80 - create IPUIPlugin
2025-12-25 08:41:59,289 [INFO] PluginManager:220 - loadIPPluginJar : add stm32_wpan
2025-12-25 08:41:59,289 [INFO] IPUIPlugin:80 - create IPUIPlugin
2025-12-25 08:41:59,289 [INFO] PluginManager:220 - loadIPPluginJar : add tim
2025-12-25 08:41:59,289 [INFO] IPUIPlugin:80 - create IPUIPlugin
2025-12-25 08:41:59,304 [INFO] PluginManager:220 - loadIPPluginJar : add touchsensing
2025-12-25 08:41:59,305 [INFO] IPUIPlugin:80 - create IPUIPlugin
2025-12-25 08:41:59,305 [INFO] PluginManager:220 - loadIPPluginJar : add tracer_emb
2025-12-25 08:41:59,305 [INFO] IPUIPlugin:80 - create IPUIPlugin
2025-12-25 08:41:59,305 [INFO] PluginManager:220 - loadIPPluginJar : add ts
2025-12-25 08:41:59,305 [INFO] IPUIPlugin:80 - create IPUIPlugin
2025-12-25 08:41:59,305 [INFO] PluginManager:220 - loadIPPluginJar : add tsc
2025-12-25 08:41:59,321 [INFO] IPUIPlugin:80 - create IPUIPlugin
2025-12-25 08:41:59,321 [INFO] PluginManager:220 - loadIPPluginJar : add ucpd
2025-12-25 08:41:59,321 [INFO] IPUIPlugin:80 - create IPUIPlugin
2025-12-25 08:41:59,331 [INFO] PluginManager:220 - loadIPPluginJar : add usart
2025-12-25 08:41:59,336 [INFO] IPUIPlugin:80 - create IPUIPlugin
2025-12-25 08:41:59,336 [INFO] PluginManager:220 - loadIPPluginJar : add usbx
2025-12-25 08:41:59,536 [FATAL] Updater:351 - Updater called before beeing initialized
2025-12-25 08:41:59,638 [INFO] RulesReader:64 - Compatibility file has been processed (317 Rules)
2025-12-25 08:41:59,704 [INFO] RulesReader:64 - Compatibility file has been processed (317 Rules)
2025-12-25 08:41:59,719 [INFO] CADModel:165 - CPN selected for project level
2025-12-25 08:41:59,719 [INFO] CADModel:114 - Register for checkConnection events
2025-12-25 08:41:59,719 [FATAL] Updater:351 - Updater called before beeing initialized
2025-12-25 08:41:59,720 [ERROR] CADModel:125 - Updater not yet initialized, retry later 
2025-12-25 08:41:59,910 [FATAL] Updater:351 - Updater called before beeing initialized
2025-12-25 08:41:59,914 [INFO] CADModel:165 - CPN selected for project level
2025-12-25 08:41:59,914 [INFO] CADModel:114 - Register for checkConnection events
2025-12-25 08:41:59,914 [FATAL] Updater:351 - Updater called before beeing initialized
2025-12-25 08:41:59,914 [ERROR] CADModel:125 - Updater not yet initialized, retry later 
2025-12-25 08:41:59,920 [FATAL] Updater:351 - Updater called before beeing initialized
2025-12-25 08:42:00,156 [FATAL] Updater:351 - Updater called before beeing initialized
2025-12-25 08:42:00,162 [INFO] DbMcusAds:53 - JSON generation date=Tue Dec 16 04:41:46 IST 2025 (1765840306612)
2025-12-25 08:42:00,163 [FATAL] Updater:351 - Updater called before beeing initialized
2025-12-25 08:42:00,218 [WARN] DetailPanel:346 - Failed to get advertising image, set to default
2025-12-25 08:42:00,428 [FATAL] Updater:351 - Updater called before beeing initialized
2025-12-25 08:42:00,431 [FATAL] Updater:351 - Updater called before beeing initialized
2025-12-25 08:42:00,431 [FATAL] Updater:351 - Updater called before beeing initialized
2025-12-25 08:42:00,431 [WARN] DetailPanel:346 - Failed to get advertising image, set to default
2025-12-25 08:42:00,435 [FATAL] Updater:351 - Updater called before beeing initialized
2025-12-25 08:42:00,524 [ERROR] Updater:1198 - MainUpdater not yet initialized. External WinMGr cannot be set.
2025-12-25 08:42:00,525 [INFO] Updater:1134 - Updater Version found : 6.15.0
2025-12-25 08:42:00,541 [INFO] ApplicationProperties:184 - Using Application install path: C:\ST\STM32CubeIDE_1.19.0\STM32CubeIDE\plugins\com.st.stm32cube.common.mx_6.15.0.202507011659
2025-12-25 08:42:01,029 [INFO] ThirdPartyUpdaterWithRetryManager:70 - Updater plugin not ready yet. [2/15]
2025-12-25 08:42:01,127 [INFO] MainUpdater:2872 - connection check result : 10
2025-12-25 08:42:01,127 [INFO] MainUpdater:289 - Updater Check For Update Now.
2025-12-25 08:42:01,127 [INFO] MicroXplorer:498 - Change Database Version : DB.6.0.150
2025-12-25 08:42:01,143 [INFO] McuFinderGlobals:63 - Set McuFinder mode to 2 (CubeIDE integrated)
2025-12-25 08:42:01,143 [INFO] UserAuth:487 - Internet connection configuration mode: 1
2025-12-25 08:42:01,214 [INFO] JxBrowserEngine:152 - Initiate JxBrowser Engine with user profile folder
2025-12-25 08:42:01,526 [INFO] CheckServerUpdateThread:120 - End of CheckServer Thread
2025-12-25 08:42:02,375 [INFO] WebApp:169 - Instantiating new browser for Auth
2025-12-25 08:42:03,854 [INFO] WebApp:463 - Apply proxy settings
2025-12-25 08:42:03,855 [INFO] WebApp:548 - Chromium requires no authentication
2025-12-25 08:42:03,873 [INFO] WebApp:491 - Direct internet connection detected
2025-12-25 08:42:03,919 [INFO] WebApp:900 - Register for checkConnection events
2025-12-25 08:42:03,920 [INFO] WebApp:463 - Apply proxy settings
2025-12-25 08:42:03,920 [INFO] WebApp:548 - Chromium requires no authentication
2025-12-25 08:42:03,921 [INFO] WebApp:491 - Direct internet connection detected
2025-12-25 08:42:04,284 [INFO] WebApp:225 - Starting web application
2025-12-25 08:42:04,284 [INFO] WebApp:593 - Web application path used C:\ST\STM32CubeIDE_1.19.0\STM32CubeIDE\plugins\com.st.stm32cube.common.mx_6.15.0.202507011659\db\plugins\mcufinder\reactClient1\index.html
2025-12-25 08:42:04,610 [INFO] UserAuth:487 - Internet connection configuration mode: 1
2025-12-25 08:42:04,743 [WARN] PackLoader:240 - Cannot read IP mode file for STMicroelectronics.FP-SNS-MOTENVWB1.1.4.0
2025-12-25 08:42:04,761 [WARN] PackLoader:240 - Cannot read IP mode file for STMicroelectronics.FP-ATR-ASTRA1.2.0.2
2025-12-25 08:42:04,783 [WARN] PackLoader:240 - Cannot read IP mode file for STMicroelectronics.X-CUBE-SMBUS.2.1.0
2025-12-25 08:42:04,796 [WARN] PackLoader:240 - Cannot read IP mode file for STMicroelectronics.X-CUBE-ST60.1.0.0
2025-12-25 08:42:04,932 [WARN] PackLoader:240 - Cannot read IP mode file for STMicroelectronics.X-CUBE-AZRTOS-F7.1.1.0
2025-12-25 08:42:05,048 [WARN] PackLoader:240 - Cannot read IP mode file for STMicroelectronics.FP-SNS-MOTENV1.5.1.0
2025-12-25 08:42:05,104 [WARN] PackLoader:240 - Cannot read IP mode file for WES.I-CUBE-Cesium.1.4.0
2025-12-25 08:42:05,179 [WARN] PackLoader:240 - Cannot read IP mode file for Infineon.AIROC-Wi-Fi-Bluetooth-STM32.1.7.1
2025-12-25 08:42:05,276 [WARN] PackLoader:240 - Cannot read IP mode file for STMicroelectronics.X-CUBE-AZRTOS-H7.3.4.0
2025-12-25 08:42:05,308 [WARN] PackLoader:240 - Cannot read IP mode file for STMicroelectronics.X-CUBE-DISPLAY.3.0.0
2025-12-25 08:42:05,342 [WARN] PackLoader:240 - Cannot read IP mode file for STMicroelectronics.X-CUBE-NFC10.1.0.0
2025-12-25 08:42:05,359 [WARN] PackLoader:240 - Cannot read IP mode file for STMicroelectronics.X-CUBE-ST60.1.1.0
2025-12-25 08:42:05,384 [WARN] PackLoader:240 - Cannot read IP mode file for emotas.I-CUBE-CANOPEN.1.3.0
2025-12-25 08:42:05,399 [WARN] PackLoader:240 - Cannot read IP mode file for STMicroelectronics.X-CUBE-GNSS1.7.1.0
2025-12-25 08:42:05,424 [WARN] PackLoader:240 - Cannot read IP mode file for STMicroelectronics.FP-SNS-STBOX1.2.1.0
2025-12-25 08:42:05,443 [WARN] PackLoader:240 - Cannot read IP mode file for STMicroelectronics.FP-SNS-SMARTAG2.1.2.0
2025-12-25 08:42:05,453 [WARN] PackLoader:240 - Cannot read IP mode file for STMicroelectronics.FP-SNS-FLIGHT1.5.1.0
2025-12-25 08:42:05,477 [INFO] LogOutputStream:77 - [STDOUT_REDIRECT] 1 : Invalid condition id : UX_CORESTACK_Condition cause : null
2025-12-25 08:42:05,479 [INFO] LogOutputStream:77 - [STDOUT_REDIRECT] 1 : Invalid condition id : UX_CORESTACK_Condition cause : null
2025-12-25 08:42:05,481 [INFO] LogOutputStream:77 - [STDOUT_REDIRECT] 1 : Invalid condition id : UX_CORESTACK_Condition cause : null
2025-12-25 08:42:05,496 [INFO] LogOutputStream:77 - [STDOUT_REDIRECT] 1 : Invalid condition id : UX_CORESTACK_Condition cause : null
2025-12-25 08:42:05,499 [INFO] LogOutputStream:77 - [STDOUT_REDIRECT] 1 : Invalid condition id : UX_CORESTACK_Condition cause : null
2025-12-25 08:42:05,509 [WARN] PackLoader:240 - Cannot read IP mode file for STMicroelectronics.X-CUBE-AZRTOS-WL.2.0.0
2025-12-25 08:42:05,520 [WARN] PackLoader:240 - Cannot read IP mode file for STMicroelectronics.FP-SNS-MOTENV1.5.0.0
2025-12-25 08:42:05,578 [WARN] PackLoader:240 - Cannot read IP mode file for STMicroelectronics.X-CUBE-AZRTOS-H7RS.1.2.0
2025-12-25 08:42:05,597 [WARN] PackLoader:240 - Cannot read IP mode file for STMicroelectronics.X-CUBE-BLE2.3.3.0
2025-12-25 08:42:05,682 [WARN] PackLoader:240 - Cannot read IP mode file for STMicroelectronics.X-CUBE-NFC9.1.0.0
2025-12-25 08:42:05,699 [WARN] PackLoader:240 - Cannot read IP mode file for wolfSSL.I-CUBE-wolfSSL.5.8.2
2025-12-25 08:42:05,710 [WARN] PackLoader:240 - Cannot read IP mode file for STMicroelectronics.X-CUBE-BLE1.7.1.0
2025-12-25 08:42:05,717 [WARN] PackLoader:240 - Cannot read IP mode file for wolfSSL.I-CUBE-wolfMQTT.1.19.2
2025-12-25 08:42:05,731 [WARN] PackLoader:240 - Cannot read IP mode file for STMicroelectronics.X-CUBE-FREERTOS.1.4.0
2025-12-25 08:42:05,744 [WARN] PackLoader:240 - Cannot read IP mode file for STMicroelectronics.X-CUBE-EEPRMA1.5.2.0
2025-12-25 08:42:05,783 [WARN] PackLoader:240 - Cannot read IP mode file for STMicroelectronics.X-CUBE-ST67W61.1.1.0
2025-12-25 08:42:05,999 [WARN] PackLoader:240 - Cannot read IP mode file for STMicroelectronics.X-CUBE-MEMS1.12.0.0
2025-12-25 08:42:06,395 [WARN] PackLoader:240 - Cannot read IP mode file for STMicroelectronics.X-CUBE-AZRTOS-G0.1.1.0
2025-12-25 08:42:06,401 [INFO] WebApp:191 - Connection restablished
2025-12-25 08:42:06,416 [WARN] PackLoader:240 - Cannot read IP mode file for STMicroelectronics.X-CUBE-SAFEA1.1.2.2
2025-12-25 08:42:06,432 [WARN] PackLoader:240 - Cannot read IP mode file for STMicroelectronics.X-CUBE-NFC4.3.0.0
2025-12-25 08:42:06,457 [WARN] PackLoader:240 - Cannot read IP mode file for EmbeddedOffice.I-CUBE-FS-RTOS.1.0.1
2025-12-25 08:42:06,472 [WARN] PackLoader:240 - Cannot read IP mode file for STMicroelectronics.X-CUBE-WB05N.2.0.0
2025-12-25 08:42:06,483 [WARN] PackLoader:240 - Cannot read IP mode file for wolfSSL.I-CUBE-wolfTPM.3.8.0
2025-12-25 08:42:06,519 [WARN] PackLoader:240 - Cannot read IP mode file for STMicroelectronics.X-CUBE-TCPP.4.2.0
2025-12-25 08:42:06,536 [WARN] PackLoader:240 - Cannot read IP mode file for RealThread.X-CUBE-RT-Thread_Nano.4.1.1
2025-12-25 08:42:06,545 [WARN] PackLoader:240 - Cannot read IP mode file for STMicroelectronics.FP-ATR-SIGFOX1.3.2.0
2025-12-25 08:42:06,560 [WARN] PackLoader:240 - Cannot read IP mode file for ITTIA_DB.I-CUBE-ITTIADB.8.9.0
2025-12-25 08:42:06,574 [WARN] PackLoader:240 - Cannot read IP mode file for STMicroelectronics.X-CUBE-ST67W61.1.0.0
2025-12-25 08:42:06,583 [WARN] PackLoader:240 - Cannot read IP mode file for STMicroelectronics.X-CUBE-AI.10.2.0
2025-12-25 08:42:06,669 [WARN] PackLoader:240 - Cannot read IP mode file for SEGGER.I-CUBE-embOS.1.3.1
2025-12-25 08:42:06,905 [WARN] PackLoader:240 - Cannot read IP mode file for STMicroelectronics.X-CUBE-ALGOBUILD.1.4.0
2025-12-25 08:42:07,074 [WARN] PackLoader:240 - Cannot read IP mode file for STMicroelectronics.X-CUBE-MEMS1.11.3.0
2025-12-25 08:42:07,581 [WARN] PackLoader:240 - Cannot read IP mode file for STMicroelectronics.X-CUBE-PM33A1.1.0.0
2025-12-25 08:42:07,641 [WARN] PackLoader:240 - Cannot read IP mode file for STMicroelectronics.X-CUBE-AZRTOS-F4.1.1.0
2025-12-25 08:42:07,651 [WARN] PackLoader:240 - Cannot read IP mode file for Avnet-IotConnect.X-CUBE-IoTC-DA16k-PMOD.1.0.0
2025-12-25 08:42:07,658 [WARN] PackLoader:240 - Cannot read IP mode file for STMicroelectronics.X-CUBE-ISPU.2.1.0
2025-12-25 08:42:07,715 [WARN] PackLoader:240 - Cannot read IP mode file for STMicroelectronics.X-CUBE-IPS.3.2.0
2025-12-25 08:42:07,755 [WARN] PackLoader:240 - Cannot read IP mode file for STMicroelectronics.X-CUBE-NFC12.1.0.0
2025-12-25 08:42:07,808 [WARN] PackLoader:240 - Cannot read IP mode file for STMicroelectronics.X-CUBE-AZRTOS-L5.2.0.0
2025-12-25 08:42:07,846 [WARN] PackLoader:240 - Cannot read IP mode file for STMicroelectronics.X-CUBE-NFC6.3.1.0
2025-12-25 08:42:07,892 [WARN] PackLoader:240 - Cannot read IP mode file for STMicroelectronics.X-CUBE-FREERTOS.1.3.1
2025-12-25 08:42:07,902 [WARN] PackLoader:240 - Cannot read IP mode file for STMicroelectronics.X-CUBE-TOUCHGFX.4.26.0
2025-12-25 08:42:07,911 [WARN] PackLoader:240 - Cannot read IP mode file for STMicroelectronics.FP-SNS-STAIOTCFT.1.0.0
2025-12-25 08:42:07,923 [WARN] PackLoader:240 - Cannot read IP mode file for STMicroelectronics.X-CUBE-DPower.1.3.0
2025-12-25 08:42:07,962 [WARN] ConditionMgr:438 - getConditionDescription Invalid condition id : LAN8742 Phy interface Condition cause : null
2025-12-25 08:42:07,964 [WARN] PackLoader:240 - Cannot read IP mode file for STMicroelectronics.X-CUBE-AZRTOS-L4.2.0.0
2025-12-25 08:42:07,967 [WARN] ConditionMgr:1044 - genDependencies : Invalid condition id : LAN8742 Phy interface Condition cause : null
2025-12-25 08:42:07,967 [WARN] ConditionMgr:1044 - genDependencies : Invalid condition id : LAN8742 Phy interface Condition cause : null
2025-12-25 08:42:07,969 [WARN] ConditionMgr:1044 - genDependencies : Invalid condition id : LAN8742 Phy interface Condition cause : null
2025-12-25 08:42:07,984 [WARN] PackLoader:240 - Cannot read IP mode file for STMicroelectronics.X-CUBE-SFXS2LP1.4.0.0
2025-12-25 08:42:08,027 [WARN] PackLoader:240 - Cannot read IP mode file for STMicroelectronics.X-CUBE-BLEMGR.4.1.0
2025-12-25 08:42:08,067 [WARN] ConditionMgr:438 - getConditionDescription Invalid condition id : UX DEVICE CLASS RTOS Condition cause : null
2025-12-25 08:42:08,068 [WARN] ConditionMgr:438 - getConditionDescription Invalid condition id : UX DEVICE CLASS RTOS Condition cause : null
2025-12-25 08:42:08,072 [WARN] PackLoader:240 - Cannot read IP mode file for STMicroelectronics.X-CUBE-AZRTOS-WB.2.0.0
2025-12-25 08:42:08,073 [WARN] ConditionMgr:1044 - genDependencies : Invalid condition id : UX DEVICE CLASS RTOS Condition cause : null
2025-12-25 08:42:08,074 [WARN] ConditionMgr:1044 - genDependencies : Invalid condition id : UX DEVICE CLASS RTOS Condition cause : null
2025-12-25 08:42:08,074 [WARN] ConditionMgr:1044 - genDependencies : Invalid condition id : UX DEVICE CLASS RTOS Condition cause : null
2025-12-25 08:42:08,075 [WARN] ConditionMgr:1044 - genDependencies : Invalid condition id : UX DEVICE CLASS RTOS Condition cause : null
2025-12-25 08:42:08,075 [WARN] ConditionMgr:1044 - genDependencies : Invalid condition id : UX DEVICE CLASS RTOS Condition cause : null
2025-12-25 08:42:08,084 [WARN] PackLoader:240 - Cannot read IP mode file for STMicroelectronics.X-CUBE-GNSS1.7.0.1
2025-12-25 08:42:08,091 [WARN] PackLoader:240 - Cannot read IP mode file for STMicroelectronics.X-CUBE-TOUCHGFX.4.25.0
2025-12-25 08:42:08,099 [WARN] ConditionMgr:438 - getConditionDescription Invalid condition id : Cortex-A Device cause : null
2025-12-25 08:42:08,131 [WARN] ConditionMgr:1044 - genDependencies : Invalid condition id : Cortex-A Device cause : null
2025-12-25 08:42:08,132 [WARN] ConditionMgr:1044 - genDependencies : Invalid condition id : Cortex-A Device cause : null
2025-12-25 08:42:08,132 [WARN] ConditionMgr:1044 - genDependencies : Invalid condition id : Cortex-A Device cause : null
2025-12-25 08:42:08,180 [WARN] PackLoader:240 - Cannot read IP mode file for STMicroelectronics.X-CUBE-SUBG2.5.0.0
2025-12-25 08:42:08,228 [WARN] PackLoader:240 - Cannot read IP mode file for STMicroelectronics.X-CUBE-AZRTOS-H7RS.1.1.0
2025-12-25 08:42:08,243 [WARN] PackLoader:240 - Cannot read IP mode file for Cesanta.I-CUBE-Mongoose.7.13.0
2025-12-25 08:42:08,281 [WARN] PackLoader:240 - Cannot read IP mode file for STMicroelectronics.X-CUBE-AZRTOS-G4.2.0.0
2025-12-25 08:42:08,298 [WARN] PackLoader:240 - Cannot read IP mode file for wolfSSL.I-CUBE-wolfSSH.1.4.20
2025-12-25 08:42:08,312 [WARN] PackLoader:240 - Cannot read IP mode file for STMicroelectronics.X-CUBE-NFC7.2.0.0
2025-12-25 08:42:08,343 [WARN] PackLoader:240 - Cannot read IP mode file for STMicroelectronics.X-CUBE-IPS.3.1.0
2025-12-25 08:42:08,363 [WARN] PackLoader:240 - Cannot read IP mode file for STMicroelectronics.X-CUBE-ALS.1.0.2
2025-12-25 08:42:08,377 [WARN] PackLoader:240 - Cannot read IP mode file for STMicroelectronics.X-CUBE-STSE01.1.0.0
2025-12-25 08:42:08,429 [WARN] PackLoader:240 - Cannot read IP mode file for STMicroelectronics.X-CUBE-TOF1.3.4.3
2025-12-25 08:42:08,455 [INFO] ThirdParty:978 - Integrity check success = true
2025-12-25 08:42:08,455 [INFO] IntegrityCheckThread:100 - exiting critical section [integrity check]
2025-12-25 08:42:08,455 [INFO] IntegrityCheckThread:103 - End integrity checks thread
2025-12-25 08:42:39,773 [ERROR] ConfigurationRetriever:142 - IOException on connection: Connect timed out
2025-12-25 09:27:08,943 [ERROR] LogOutputStream:75 - [STDERR_REDIRECT] 
