2025-12-21 12:54:51,981 [INFO] Activator:176 - 


2025-12-21 12:54:51,994 [INFO] Activator:177 - !SESSION log4j initialized
2025-12-21 12:55:00,753 [INFO] LogOutputStream:77 - [STDOUT_REDIRECT] 
2025-12-21 12:55:43,183 [INFO] ApplicationProperties:184 - Using Application install path: C:\ST\STM32CubeIDE_1.19.0\STM32CubeIDE\plugins\com.st.stm32cube.common.mx_6.15.0.202507011659
2025-12-21 12:55:43,207 [INFO] DbMcusXml:78 - Set database path to: C:\ST\STM32CubeIDE_1.19.0\STM32CubeIDE\plugins\com.st.stm32cube.common.mx_6.15.0.202507011659\\db\/mcu/
2025-12-21 12:55:43,207 [INFO] ApiDb:274 - Set plugin database path to: C:\ST\STM32CubeIDE_1.19.0\STM32CubeIDE\plugins\com.st.stm32cube.common.mx_6.15.0.202507011659\\db\/plugins/boardmanager/
2025-12-21 12:55:43,207 [WARN] ApiDb:259 - Overriding images path with different value:  => C:\ST\STM32CubeIDE_1.19.0\STM32CubeIDE\plugins\com.st.stm32cube.common.mx_6.15.0.202507011659\\db\/plugins/mcufinder/images/
2025-12-21 12:55:43,229 [INFO] ApiDb:250 - Set database path to: C:\Users\ADMIN\.stmcufinder\plugins\mcufinder//mcu/
2025-12-21 12:55:43,231 [INFO] DbMcusAds:125 - Set database path to: C:\Users\ADMIN\.stmcufinder\plugins\mcufinder//mcu/
2025-12-21 12:55:43,288 [INFO] CrossReferenceDbSqlite:203 - Set database path to: C:\Users\ADMIN\.stmcufinder\plugins\mcufinder//mcu/cs/
2025-12-21 12:55:43,499 [INFO] RulesReader:64 - Compatibility file has been processed (317 Rules)
2025-12-21 12:55:43,659 [INFO] DbMcusXml:78 - Set database path to: C:\ST\STM32CubeIDE_1.19.0\STM32CubeIDE\plugins\com.st.stm32cube.common.mx_6.15.0.202507011659\\db\/mcu/
2025-12-21 12:55:43,659 [INFO] ApiDb:274 - Set plugin database path to: C:\ST\STM32CubeIDE_1.19.0\STM32CubeIDE\plugins\com.st.stm32cube.common.mx_6.15.0.202507011659\\db\/plugins/boardmanager/
2025-12-21 12:55:43,660 [INFO] ApiDb:261 - Set plugin images path to: C:\ST\STM32CubeIDE_1.19.0\STM32CubeIDE\plugins\com.st.stm32cube.common.mx_6.15.0.202507011659\\db\/plugins/mcufinder/images/
2025-12-21 12:55:43,660 [WARN] DbFile:41 - Overriding database path with different value: C:\Users\ADMIN\.stmcufinder\plugins\mcufinder/ => C:\Users\ADMIN\.stmcufinder\plugins\mcufinder
2025-12-21 12:55:43,660 [INFO] ApiDb:250 - Set database path to: C:\Users\ADMIN\.stmcufinder\plugins\mcufinder//mcu/
2025-12-21 12:55:43,660 [WARN] DbFile:41 - Overriding database path with different value: C:\Users\ADMIN\.stmcufinder\plugins\mcufinder/ => C:\Users\ADMIN\.stmcufinder\plugins\mcufinder
2025-12-21 12:55:43,661 [INFO] DbMcusAds:125 - Set database path to: C:\Users\ADMIN\.stmcufinder\plugins\mcufinder//mcu/
2025-12-21 12:55:43,661 [WARN] DbFile:41 - Overriding database path with different value: C:\Users\ADMIN\.stmcufinder\plugins\mcufinder/ => C:\Users\ADMIN\.stmcufinder\plugins\mcufinder
2025-12-21 12:55:43,661 [WARN] DbFile:41 - Overriding database path with different value: C:\Users\ADMIN\.stmcufinder\plugins\mcufinder/ => C:\Users\ADMIN\.stmcufinder\plugins\mcufinder
2025-12-21 12:55:43,661 [INFO] CrossReferenceDbSqlite:203 - Set database path to: C:\Users\ADMIN\.stmcufinder\plugins\mcufinder//mcu/cs/
2025-12-21 12:55:43,789 [INFO] MainPanel:274 - HeapMemory: 268435456
2025-12-21 12:55:43,961 [INFO] DbMcusXml:78 - Set database path to: C:\ST\STM32CubeIDE_1.19.0\STM32CubeIDE\plugins\com.st.stm32cube.common.mx_6.15.0.202507011659\\db\/mcu/
2025-12-21 12:55:43,961 [INFO] ApiDb:274 - Set plugin database path to: C:\ST\STM32CubeIDE_1.19.0\STM32CubeIDE\plugins\com.st.stm32cube.common.mx_6.15.0.202507011659\\db\/plugins/boardmanager/
2025-12-21 12:55:43,961 [INFO] ApiDb:261 - Set plugin images path to: C:\ST\STM32CubeIDE_1.19.0\STM32CubeIDE\plugins\com.st.stm32cube.common.mx_6.15.0.202507011659\\db\/plugins/mcufinder/images/
2025-12-21 12:55:43,962 [WARN] DbFile:41 - Overriding database path with different value: C:\Users\ADMIN\.stmcufinder\plugins\mcufinder/ => C:\Users\ADMIN\.stmcufinder\plugins\mcufinder
2025-12-21 12:55:43,962 [INFO] ApiDb:250 - Set database path to: C:\Users\ADMIN\.stmcufinder\plugins\mcufinder//mcu/
2025-12-21 12:55:43,962 [WARN] DbFile:41 - Overriding database path with different value: C:\Users\ADMIN\.stmcufinder\plugins\mcufinder/ => C:\Users\ADMIN\.stmcufinder\plugins\mcufinder
2025-12-21 12:55:43,962 [INFO] DbMcusAds:125 - Set database path to: C:\Users\ADMIN\.stmcufinder\plugins\mcufinder//mcu/
2025-12-21 12:55:43,962 [WARN] DbFile:41 - Overriding database path with different value: C:\Users\ADMIN\.stmcufinder\plugins\mcufinder/ => C:\Users\ADMIN\.stmcufinder\plugins\mcufinder
2025-12-21 12:55:43,962 [WARN] DbFile:41 - Overriding database path with different value: C:\Users\ADMIN\.stmcufinder\plugins\mcufinder/ => C:\Users\ADMIN\.stmcufinder\plugins\mcufinder
2025-12-21 12:55:43,963 [INFO] CrossReferenceDbSqlite:203 - Set database path to: C:\Users\ADMIN\.stmcufinder\plugins\mcufinder//mcu/cs/
2025-12-21 12:55:43,995 [INFO] ApplicationProperties:184 - Using Application install path: C:\ST\STM32CubeIDE_1.19.0\STM32CubeIDE\plugins\com.st.stm32cube.common.mx_6.15.0.202507011659
2025-12-21 12:55:43,997 [INFO] PluginManage:196 - Search for loadable plugins [exclusion list=, ]
2025-12-21 12:55:43,999 [INFO] PluginManage:310 - Check plugin analytics
2025-12-21 12:55:48,987 [INFO] AnalyticsPlugin:253 - Accepted Software Licenses: 
2025-12-21 12:55:48,987 [INFO] AnalyticsPlugin:255 - Accepted CMSIS Pack Licenses: 
2025-12-21 12:55:48,988 [INFO] AnalyticsPlugin:257 - Accepted Firmware Licenses: FW.F4.1.28.0
2025-12-21 12:55:48,992 [INFO] PluginManage:359 - Loaded plugin analytics (category:tool,tabindex:-1)
2025-12-21 12:55:48,992 [INFO] PluginManage:310 - Check plugin cadmodel
2025-12-21 12:55:49,030 [INFO] CADModel:105 - Init CAD model plugin
2025-12-21 12:55:49,030 [INFO] PluginManage:359 - Loaded plugin cadmodel (category:power,tabindex:5)
2025-12-21 12:55:49,031 [INFO] PluginManage:310 - Check plugin clock
2025-12-21 12:55:49,068 [INFO] PluginManage:359 - Loaded plugin clock (category:base,tabindex:2)
2025-12-21 12:55:49,068 [INFO] PluginManage:310 - Check plugin ddr
2025-12-21 12:55:49,072 [INFO] PluginManage:359 - Loaded plugin ddr (category:tool,tabindex:6)
2025-12-21 12:55:49,072 [INFO] PluginManage:310 - Check plugin filemanager
2025-12-21 12:55:49,326 [INFO] PluginManage:359 - Loaded plugin filemanager (category:base,tabindex:10)
2025-12-21 12:55:49,326 [INFO] PluginManage:310 - Check plugin ipmanager
2025-12-21 12:55:49,338 [INFO] PluginManage:359 - Loaded plugin ipmanager (category:base,tabindex:5)
2025-12-21 12:55:49,338 [INFO] PluginManage:310 - Check plugin lpbam
2025-12-21 12:55:49,367 [INFO] PluginManage:359 - Loaded plugin lpbam (category:base,tabindex:0)
2025-12-21 12:55:49,368 [INFO] PluginManage:310 - Check plugin memorymap
2025-12-21 12:55:49,407 [INFO] PluginManage:359 - Loaded plugin memorymap (category:base,tabindex:4)
2025-12-21 12:55:49,407 [INFO] PluginManage:310 - Check plugin pinoutandconfiguration
2025-12-21 12:55:49,435 [INFO] PluginManage:359 - Loaded plugin pinoutandconfiguration (category:base,tabindex:1)
2025-12-21 12:55:49,435 [INFO] PluginManage:310 - Check plugin pinoutconfig
2025-12-21 12:55:49,608 [WARN] SupportedApi:132 - Cannot load RTOS API schema: s4s-elt-must-match.1: The content of 'definitions' must match (annotation?, (simpleType | complexType)?, (unique | key | keyref)*)). A problem was found starting at: attribute.
2025-12-21 12:55:49,857 [INFO] PluginManage:359 - Loaded plugin pinoutconfig (category:base,tabindex:0)
2025-12-21 12:55:49,857 [INFO] PluginManage:310 - Check plugin power
2025-12-21 12:55:49,895 [INFO] PluginManage:359 - Loaded plugin power (category:power,tabindex:4)
2025-12-21 12:55:49,895 [INFO] PluginManage:310 - Check plugin projectmanager
2025-12-21 12:55:49,922 [INFO] PluginManage:359 - Loaded plugin projectmanager (category:projectmanager,tabindex:4)
2025-12-21 12:55:49,923 [INFO] PluginManage:310 - Check plugin rif
2025-12-21 12:55:49,955 [INFO] PluginManage:359 - Loaded plugin rif (category:base,tabindex:3)
2025-12-21 12:55:49,956 [INFO] PluginManage:310 - Check plugin thirdparty
2025-12-21 12:55:50,508 [INFO] PluginManage:359 - Loaded plugin thirdparty (category:base,tabindex:-1)
2025-12-21 12:55:50,508 [WARN] IntegrityCheckThread:84 - waiting for thirdparty lock release [integrity check]
2025-12-21 12:55:50,508 [INFO] PluginManage:310 - Check plugin tools
2025-12-21 12:55:50,509 [INFO] IntegrityCheckThread:86 - entering critical section [integrity check]
2025-12-21 12:55:50,509 [INFO] ThirdPartyUpdaterWithRetryManager:70 - Updater plugin not ready yet. [1/15]
2025-12-21 12:55:50,602 [INFO] PluginManage:359 - Loaded plugin tools (category:base,tabindex:7)
2025-12-21 12:55:50,603 [INFO] PluginManage:310 - Check plugin tutovideos
2025-12-21 12:55:51,119 [INFO] PluginManage:359 - Loaded plugin tutovideos (category:base,tabindex:-1)
2025-12-21 12:55:51,120 [INFO] PluginManage:310 - Check plugin updater
2025-12-21 12:55:51,174 [INFO] PluginManage:359 - Loaded plugin updater (category:base,tabindex:12)
2025-12-21 12:55:51,174 [INFO] PluginManage:310 - Check plugin userauth
2025-12-21 12:55:51,190 [INFO] UserAuth:118 - Init User Auth plugin
2025-12-21 12:55:51,191 [INFO] PluginManage:359 - Loaded plugin userauth (category:base,tabindex:14)
2025-12-21 12:55:51,193 [INFO] PluginManage:283 - PluginManage : Loaded plugins [18]
2025-12-21 12:55:51,589 [INFO] PinOutPanel:1589 - setPackage(No Configuration,No Configuration)
2025-12-21 12:55:51,793 [INFO] CADModel:165 - CPN selected for project level
2025-12-21 12:55:51,794 [INFO] CADModel:114 - Register for checkConnection events
2025-12-21 12:55:51,862 [INFO] IPUIPlugin:80 - create IPUIPlugin
2025-12-21 12:55:51,863 [INFO] PluginManager:220 - loadIPPluginJar : add adc
2025-12-21 12:55:51,956 [INFO] IPUIPlugin:80 - create IPUIPlugin
2025-12-21 12:55:51,956 [INFO] PluginManager:220 - loadIPPluginJar : add aes
2025-12-21 12:55:52,051 [INFO] IPUIPlugin:80 - create IPUIPlugin
2025-12-21 12:55:52,052 [INFO] PluginManager:220 - loadIPPluginJar : add can
2025-12-21 12:55:52,111 [INFO] IPUIPlugin:80 - create IPUIPlugin
2025-12-21 12:55:52,111 [INFO] PluginManager:220 - loadIPPluginJar : add comp
2025-12-21 12:55:52,185 [INFO] IPUIPlugin:80 - create IPUIPlugin
2025-12-21 12:55:52,185 [INFO] PluginManager:220 - loadIPPluginJar : add cryp
2025-12-21 12:55:52,209 [INFO] IPUIPlugin:80 - create IPUIPlugin
2025-12-21 12:55:52,209 [INFO] PluginManager:220 - loadIPPluginJar : add ddr_ctrl_phy
2025-12-21 12:55:52,294 [INFO] IPUIPlugin:80 - create IPUIPlugin
2025-12-21 12:55:52,294 [INFO] PluginManager:220 - loadIPPluginJar : add dfsdm
2025-12-21 12:55:52,334 [INFO] IPUIPlugin:80 - create IPUIPlugin
2025-12-21 12:55:52,335 [INFO] PluginManager:220 - loadIPPluginJar : add dma
2025-12-21 12:55:52,451 [INFO] IPUIPlugin:80 - create IPUIPlugin
2025-12-21 12:55:52,451 [INFO] PluginManager:220 - loadIPPluginJar : add dma3
2025-12-21 12:55:52,587 [INFO] IPUIPlugin:80 - create IPUIPlugin
2025-12-21 12:55:52,587 [INFO] PluginManager:220 - loadIPPluginJar : add extmemmanager
2025-12-21 12:55:52,657 [INFO] IPUIPlugin:80 - create IPUIPlugin
2025-12-21 12:55:52,657 [INFO] PluginManager:220 - loadIPPluginJar : add fatfs
2025-12-21 12:55:52,847 [INFO] IPUIPlugin:80 - create IPUIPlugin
2025-12-21 12:55:52,847 [INFO] PluginManager:220 - loadIPPluginJar : add fmc
2025-12-21 12:55:52,895 [INFO] IPUIPlugin:80 - create IPUIPlugin
2025-12-21 12:55:52,896 [INFO] PluginManager:220 - loadIPPluginJar : add freertos
2025-12-21 12:55:52,964 [INFO] IPUIPlugin:80 - create IPUIPlugin
2025-12-21 12:55:52,965 [INFO] PluginManager:220 - loadIPPluginJar : add genericplugin
2025-12-21 12:55:53,250 [INFO] IPUIPlugin:80 - create IPUIPlugin
2025-12-21 12:55:53,250 [INFO] PluginManager:220 - loadIPPluginJar : add gfxmmu
2025-12-21 12:55:53,539 [INFO] ThirdPartyUpdaterWithRetryManager:70 - Updater plugin not ready yet. [2/15]
2025-12-21 12:55:53,743 [INFO] IPUIPlugin:80 - create IPUIPlugin
2025-12-21 12:55:53,743 [INFO] PluginManager:220 - loadIPPluginJar : add gic
2025-12-21 12:55:53,780 [INFO] IPUIPlugin:80 - create IPUIPlugin
2025-12-21 12:55:53,780 [INFO] PluginManager:220 - loadIPPluginJar : add gpio
2025-12-21 12:55:54,102 [INFO] IPUIPlugin:80 - create IPUIPlugin
2025-12-21 12:55:54,102 [INFO] PluginManager:220 - loadIPPluginJar : add gtzc
2025-12-21 12:56:41,431 [INFO] Activator:176 - 


2025-12-21 12:56:41,434 [INFO] Activator:177 - !SESSION log4j initialized
2025-12-21 12:56:47,069 [INFO] LogOutputStream:77 - [STDOUT_REDIRECT] 
2025-12-21 12:58:19,397 [INFO] ApplicationProperties:184 - Using Application install path: C:\ST\STM32CubeIDE_1.19.0\STM32CubeIDE\plugins\com.st.stm32cube.common.mx_6.15.0.202507011659
2025-12-21 12:58:19,438 [INFO] DbMcusXml:78 - Set database path to: C:\ST\STM32CubeIDE_1.19.0\STM32CubeIDE\plugins\com.st.stm32cube.common.mx_6.15.0.202507011659\\db\/mcu/
2025-12-21 12:58:19,438 [INFO] ApiDb:274 - Set plugin database path to: C:\ST\STM32CubeIDE_1.19.0\STM32CubeIDE\plugins\com.st.stm32cube.common.mx_6.15.0.202507011659\\db\/plugins/boardmanager/
2025-12-21 12:58:19,439 [WARN] ApiDb:259 - Overriding images path with different value:  => C:\ST\STM32CubeIDE_1.19.0\STM32CubeIDE\plugins\com.st.stm32cube.common.mx_6.15.0.202507011659\\db\/plugins/mcufinder/images/
2025-12-21 12:58:19,451 [INFO] ApiDb:250 - Set database path to: C:\Users\ADMIN\.stmcufinder\plugins\mcufinder//mcu/
2025-12-21 12:58:19,453 [INFO] DbMcusAds:125 - Set database path to: C:\Users\ADMIN\.stmcufinder\plugins\mcufinder//mcu/
2025-12-21 12:58:19,490 [INFO] CrossReferenceDbSqlite:203 - Set database path to: C:\Users\ADMIN\.stmcufinder\plugins\mcufinder//mcu/cs/
2025-12-21 12:58:19,765 [INFO] RulesReader:64 - Compatibility file has been processed (317 Rules)
2025-12-21 12:58:20,020 [INFO] DbMcusXml:78 - Set database path to: C:\ST\STM32CubeIDE_1.19.0\STM32CubeIDE\plugins\com.st.stm32cube.common.mx_6.15.0.202507011659\\db\/mcu/
2025-12-21 12:58:20,020 [INFO] ApiDb:274 - Set plugin database path to: C:\ST\STM32CubeIDE_1.19.0\STM32CubeIDE\plugins\com.st.stm32cube.common.mx_6.15.0.202507011659\\db\/plugins/boardmanager/
2025-12-21 12:58:20,020 [INFO] ApiDb:261 - Set plugin images path to: C:\ST\STM32CubeIDE_1.19.0\STM32CubeIDE\plugins\com.st.stm32cube.common.mx_6.15.0.202507011659\\db\/plugins/mcufinder/images/
2025-12-21 12:58:20,022 [WARN] DbFile:41 - Overriding database path with different value: C:\Users\ADMIN\.stmcufinder\plugins\mcufinder/ => C:\Users\ADMIN\.stmcufinder\plugins\mcufinder
2025-12-21 12:58:20,022 [INFO] ApiDb:250 - Set database path to: C:\Users\ADMIN\.stmcufinder\plugins\mcufinder//mcu/
2025-12-21 12:58:20,022 [WARN] DbFile:41 - Overriding database path with different value: C:\Users\ADMIN\.stmcufinder\plugins\mcufinder/ => C:\Users\ADMIN\.stmcufinder\plugins\mcufinder
2025-12-21 12:58:20,022 [INFO] DbMcusAds:125 - Set database path to: C:\Users\ADMIN\.stmcufinder\plugins\mcufinder//mcu/
2025-12-21 12:58:20,022 [WARN] DbFile:41 - Overriding database path with different value: C:\Users\ADMIN\.stmcufinder\plugins\mcufinder/ => C:\Users\ADMIN\.stmcufinder\plugins\mcufinder
2025-12-21 12:58:20,023 [WARN] DbFile:41 - Overriding database path with different value: C:\Users\ADMIN\.stmcufinder\plugins\mcufinder/ => C:\Users\ADMIN\.stmcufinder\plugins\mcufinder
2025-12-21 12:58:20,023 [INFO] CrossReferenceDbSqlite:203 - Set database path to: C:\Users\ADMIN\.stmcufinder\plugins\mcufinder//mcu/cs/
2025-12-21 12:58:20,252 [INFO] MainPanel:274 - HeapMemory: 268435456
2025-12-21 12:58:20,586 [INFO] DbMcusXml:78 - Set database path to: C:\ST\STM32CubeIDE_1.19.0\STM32CubeIDE\plugins\com.st.stm32cube.common.mx_6.15.0.202507011659\\db\/mcu/
2025-12-21 12:58:20,587 [INFO] ApiDb:274 - Set plugin database path to: C:\ST\STM32CubeIDE_1.19.0\STM32CubeIDE\plugins\com.st.stm32cube.common.mx_6.15.0.202507011659\\db\/plugins/boardmanager/
2025-12-21 12:58:20,587 [INFO] ApiDb:261 - Set plugin images path to: C:\ST\STM32CubeIDE_1.19.0\STM32CubeIDE\plugins\com.st.stm32cube.common.mx_6.15.0.202507011659\\db\/plugins/mcufinder/images/
2025-12-21 12:58:20,587 [WARN] DbFile:41 - Overriding database path with different value: C:\Users\ADMIN\.stmcufinder\plugins\mcufinder/ => C:\Users\ADMIN\.stmcufinder\plugins\mcufinder
2025-12-21 12:58:20,588 [INFO] ApiDb:250 - Set database path to: C:\Users\ADMIN\.stmcufinder\plugins\mcufinder//mcu/
2025-12-21 12:58:20,588 [WARN] DbFile:41 - Overriding database path with different value: C:\Users\ADMIN\.stmcufinder\plugins\mcufinder/ => C:\Users\ADMIN\.stmcufinder\plugins\mcufinder
2025-12-21 12:58:20,588 [INFO] DbMcusAds:125 - Set database path to: C:\Users\ADMIN\.stmcufinder\plugins\mcufinder//mcu/
2025-12-21 12:58:20,588 [WARN] DbFile:41 - Overriding database path with different value: C:\Users\ADMIN\.stmcufinder\plugins\mcufinder/ => C:\Users\ADMIN\.stmcufinder\plugins\mcufinder
2025-12-21 12:58:20,589 [WARN] DbFile:41 - Overriding database path with different value: C:\Users\ADMIN\.stmcufinder\plugins\mcufinder/ => C:\Users\ADMIN\.stmcufinder\plugins\mcufinder
2025-12-21 12:58:20,589 [INFO] CrossReferenceDbSqlite:203 - Set database path to: C:\Users\ADMIN\.stmcufinder\plugins\mcufinder//mcu/cs/
2025-12-21 12:58:20,630 [INFO] ApplicationProperties:184 - Using Application install path: C:\ST\STM32CubeIDE_1.19.0\STM32CubeIDE\plugins\com.st.stm32cube.common.mx_6.15.0.202507011659
2025-12-21 12:58:20,632 [INFO] PluginManage:196 - Search for loadable plugins [exclusion list=, ]
2025-12-21 12:58:20,635 [INFO] PluginManage:310 - Check plugin analytics
2025-12-21 12:58:25,802 [INFO] AnalyticsPlugin:253 - Accepted Software Licenses: 
2025-12-21 12:58:25,803 [INFO] AnalyticsPlugin:255 - Accepted CMSIS Pack Licenses: 
2025-12-21 12:58:25,803 [INFO] AnalyticsPlugin:257 - Accepted Firmware Licenses: FW.F4.1.28.0
2025-12-21 12:58:25,808 [INFO] PluginManage:359 - Loaded plugin analytics (category:tool,tabindex:-1)
2025-12-21 12:58:25,808 [INFO] PluginManage:310 - Check plugin cadmodel
2025-12-21 12:58:25,815 [INFO] CADModel:105 - Init CAD model plugin
2025-12-21 12:58:25,816 [INFO] PluginManage:359 - Loaded plugin cadmodel (category:power,tabindex:5)
2025-12-21 12:58:25,816 [INFO] PluginManage:310 - Check plugin clock
2025-12-21 12:58:25,829 [INFO] PluginManage:359 - Loaded plugin clock (category:base,tabindex:2)
2025-12-21 12:58:25,829 [INFO] PluginManage:310 - Check plugin ddr
2025-12-21 12:58:25,831 [INFO] PluginManage:359 - Loaded plugin ddr (category:tool,tabindex:6)
2025-12-21 12:58:25,831 [INFO] PluginManage:310 - Check plugin filemanager
2025-12-21 12:58:26,018 [INFO] PluginManage:359 - Loaded plugin filemanager (category:base,tabindex:10)
2025-12-21 12:58:26,018 [INFO] PluginManage:310 - Check plugin ipmanager
2025-12-21 12:58:26,031 [INFO] PluginManage:359 - Loaded plugin ipmanager (category:base,tabindex:5)
2025-12-21 12:58:26,032 [INFO] PluginManage:310 - Check plugin lpbam
2025-12-21 12:58:26,042 [INFO] PluginManage:359 - Loaded plugin lpbam (category:base,tabindex:0)
2025-12-21 12:58:26,042 [INFO] PluginManage:310 - Check plugin memorymap
2025-12-21 12:58:26,055 [INFO] PluginManage:359 - Loaded plugin memorymap (category:base,tabindex:4)
2025-12-21 12:58:26,055 [INFO] PluginManage:310 - Check plugin pinoutandconfiguration
2025-12-21 12:58:26,064 [INFO] PluginManage:359 - Loaded plugin pinoutandconfiguration (category:base,tabindex:1)
2025-12-21 12:58:26,064 [INFO] PluginManage:310 - Check plugin pinoutconfig
2025-12-21 12:58:26,215 [WARN] SupportedApi:132 - Cannot load RTOS API schema: s4s-elt-must-match.1: The content of 'definitions' must match (annotation?, (simpleType | complexType)?, (unique | key | keyref)*)). A problem was found starting at: attribute.
2025-12-21 12:58:26,455 [INFO] PluginManage:359 - Loaded plugin pinoutconfig (category:base,tabindex:0)
2025-12-21 12:58:26,456 [INFO] PluginManage:310 - Check plugin power
2025-12-21 12:58:26,471 [INFO] PluginManage:359 - Loaded plugin power (category:power,tabindex:4)
2025-12-21 12:58:26,471 [INFO] PluginManage:310 - Check plugin projectmanager
2025-12-21 12:58:26,496 [INFO] PluginManage:359 - Loaded plugin projectmanager (category:projectmanager,tabindex:4)
2025-12-21 12:58:26,496 [INFO] PluginManage:310 - Check plugin rif
2025-12-21 12:58:26,506 [INFO] PluginManage:359 - Loaded plugin rif (category:base,tabindex:3)
2025-12-21 12:58:26,506 [INFO] PluginManage:310 - Check plugin thirdparty
2025-12-21 12:58:26,750 [INFO] PluginManage:359 - Loaded plugin thirdparty (category:base,tabindex:-1)
2025-12-21 12:58:26,750 [INFO] PluginManage:310 - Check plugin tools
2025-12-21 12:58:26,754 [INFO] PluginManage:359 - Loaded plugin tools (category:base,tabindex:7)
2025-12-21 12:58:26,754 [INFO] PluginManage:310 - Check plugin tutovideos
2025-12-21 12:58:26,758 [WARN] IntegrityCheckThread:84 - waiting for thirdparty lock release [integrity check]
2025-12-21 12:58:26,759 [INFO] IntegrityCheckThread:86 - entering critical section [integrity check]
2025-12-21 12:58:26,759 [INFO] ThirdPartyUpdaterWithRetryManager:70 - Updater plugin not ready yet. [1/15]
2025-12-21 12:58:27,138 [INFO] PluginManage:359 - Loaded plugin tutovideos (category:base,tabindex:-1)
2025-12-21 12:58:27,139 [INFO] PluginManage:310 - Check plugin updater
2025-12-21 12:58:27,176 [INFO] PluginManage:359 - Loaded plugin updater (category:base,tabindex:12)
2025-12-21 12:58:27,176 [INFO] PluginManage:310 - Check plugin userauth
2025-12-21 12:58:27,182 [INFO] UserAuth:118 - Init User Auth plugin
2025-12-21 12:58:27,183 [INFO] PluginManage:359 - Loaded plugin userauth (category:base,tabindex:14)
2025-12-21 12:58:27,184 [INFO] PluginManage:283 - PluginManage : Loaded plugins [18]
2025-12-21 12:58:27,494 [INFO] PinOutPanel:1589 - setPackage(No Configuration,No Configuration)
2025-12-21 12:58:27,628 [INFO] CADModel:165 - CPN selected for project level
2025-12-21 12:58:27,629 [INFO] CADModel:114 - Register for checkConnection events
2025-12-21 12:58:27,651 [INFO] IPUIPlugin:80 - create IPUIPlugin
2025-12-21 12:58:27,652 [INFO] PluginManager:220 - loadIPPluginJar : add adc
2025-12-21 12:58:27,656 [INFO] IPUIPlugin:80 - create IPUIPlugin
2025-12-21 12:58:27,656 [INFO] PluginManager:220 - loadIPPluginJar : add aes
2025-12-21 12:58:27,661 [INFO] IPUIPlugin:80 - create IPUIPlugin
2025-12-21 12:58:27,662 [INFO] PluginManager:220 - loadIPPluginJar : add can
2025-12-21 12:58:27,665 [INFO] IPUIPlugin:80 - create IPUIPlugin
2025-12-21 12:58:27,665 [INFO] PluginManager:220 - loadIPPluginJar : add comp
2025-12-21 12:58:27,670 [INFO] IPUIPlugin:80 - create IPUIPlugin
2025-12-21 12:58:27,670 [INFO] PluginManager:220 - loadIPPluginJar : add cryp
2025-12-21 12:58:27,674 [INFO] IPUIPlugin:80 - create IPUIPlugin
2025-12-21 12:58:27,675 [INFO] PluginManager:220 - loadIPPluginJar : add ddr_ctrl_phy
2025-12-21 12:58:27,679 [INFO] IPUIPlugin:80 - create IPUIPlugin
2025-12-21 12:58:27,679 [INFO] PluginManager:220 - loadIPPluginJar : add dfsdm
2025-12-21 12:58:27,687 [INFO] IPUIPlugin:80 - create IPUIPlugin
2025-12-21 12:58:27,688 [INFO] PluginManager:220 - loadIPPluginJar : add dma
2025-12-21 12:58:27,693 [INFO] IPUIPlugin:80 - create IPUIPlugin
2025-12-21 12:58:27,694 [INFO] PluginManager:220 - loadIPPluginJar : add dma3
2025-12-21 12:58:27,699 [INFO] IPUIPlugin:80 - create IPUIPlugin
2025-12-21 12:58:27,699 [INFO] PluginManager:220 - loadIPPluginJar : add extmemmanager
2025-12-21 12:58:27,702 [INFO] IPUIPlugin:80 - create IPUIPlugin
2025-12-21 12:58:27,702 [INFO] PluginManager:220 - loadIPPluginJar : add fatfs
2025-12-21 12:58:27,710 [INFO] IPUIPlugin:80 - create IPUIPlugin
2025-12-21 12:58:27,710 [INFO] PluginManager:220 - loadIPPluginJar : add fmc
2025-12-21 12:58:27,717 [INFO] IPUIPlugin:80 - create IPUIPlugin
2025-12-21 12:58:27,717 [INFO] PluginManager:220 - loadIPPluginJar : add freertos
2025-12-21 12:58:27,720 [INFO] IPUIPlugin:80 - create IPUIPlugin
2025-12-21 12:58:27,720 [INFO] PluginManager:220 - loadIPPluginJar : add genericplugin
2025-12-21 12:58:27,724 [INFO] IPUIPlugin:80 - create IPUIPlugin
2025-12-21 12:58:27,724 [INFO] PluginManager:220 - loadIPPluginJar : add gfxmmu
2025-12-21 12:58:27,734 [INFO] IPUIPlugin:80 - create IPUIPlugin
2025-12-21 12:58:27,734 [INFO] PluginManager:220 - loadIPPluginJar : add gic
2025-12-21 12:58:27,740 [INFO] IPUIPlugin:80 - create IPUIPlugin
2025-12-21 12:58:27,741 [INFO] PluginManager:220 - loadIPPluginJar : add gpio
2025-12-21 12:58:27,745 [INFO] IPUIPlugin:80 - create IPUIPlugin
2025-12-21 12:58:27,745 [INFO] PluginManager:220 - loadIPPluginJar : add gtzc
2025-12-21 12:58:27,749 [INFO] IPUIPlugin:80 - create IPUIPlugin
2025-12-21 12:58:27,750 [INFO] PluginManager:220 - loadIPPluginJar : add hash
2025-12-21 12:58:27,879 [INFO] IPUIPlugin:80 - create IPUIPlugin
2025-12-21 12:58:27,879 [INFO] PluginManager:220 - loadIPPluginJar : add i2c
2025-12-21 12:58:27,956 [INFO] IPUIPlugin:80 - create IPUIPlugin
2025-12-21 12:58:27,956 [INFO] PluginManager:220 - loadIPPluginJar : add i2s
2025-12-21 12:58:28,039 [INFO] IPUIPlugin:80 - create IPUIPlugin
2025-12-21 12:58:28,039 [INFO] PluginManager:220 - loadIPPluginJar : add i3c
2025-12-21 12:58:28,209 [INFO] IPUIPlugin:80 - create IPUIPlugin
2025-12-21 12:58:28,209 [INFO] PluginManager:220 - loadIPPluginJar : add ipddr
2025-12-21 12:58:28,430 [INFO] IPUIPlugin:80 - create IPUIPlugin
2025-12-21 12:58:28,432 [INFO] PluginManager:220 - loadIPPluginJar : add linkedlist
2025-12-21 12:58:28,547 [INFO] IPUIPlugin:80 - create IPUIPlugin
2025-12-21 12:58:28,547 [INFO] PluginManager:220 - loadIPPluginJar : add lorawan
2025-12-21 12:58:28,676 [INFO] IPUIPlugin:80 - create IPUIPlugin
2025-12-21 12:58:28,676 [INFO] PluginManager:220 - loadIPPluginJar : add ltdc
2025-12-21 12:58:28,727 [INFO] IPUIPlugin:80 - create IPUIPlugin
2025-12-21 12:58:28,727 [INFO] PluginManager:220 - loadIPPluginJar : add mdma
2025-12-21 12:58:28,761 [INFO] IPUIPlugin:80 - create IPUIPlugin
2025-12-21 12:58:28,762 [INFO] PluginManager:220 - loadIPPluginJar : add nvic
2025-12-21 12:58:28,896 [INFO] IPUIPlugin:80 - create IPUIPlugin
2025-12-21 12:58:28,896 [INFO] PluginManager:220 - loadIPPluginJar : add opamp
2025-12-21 12:58:29,085 [INFO] IPUIPlugin:80 - create IPUIPlugin
2025-12-21 12:58:29,085 [INFO] PluginManager:220 - loadIPPluginJar : add openamp
2025-12-21 12:58:29,235 [INFO] IPUIPlugin:80 - create IPUIPlugin
2025-12-21 12:58:29,235 [INFO] PluginManager:220 - loadIPPluginJar : add pdm2pcm
2025-12-21 12:58:29,274 [INFO] IPUIPlugin:80 - create IPUIPlugin
2025-12-21 12:58:29,283 [INFO] PluginManager:220 - loadIPPluginJar : add plateformsettings
2025-12-21 12:58:29,355 [INFO] IPUIPlugin:80 - create IPUIPlugin
2025-12-21 12:58:29,356 [INFO] PluginManager:220 - loadIPPluginJar : add quadspi
2025-12-21 12:58:29,483 [INFO] IPUIPlugin:80 - create IPUIPlugin
2025-12-21 12:58:29,484 [INFO] PluginManager:220 - loadIPPluginJar : add radio
2025-12-21 12:58:29,522 [INFO] IPUIPlugin:80 - create IPUIPlugin
2025-12-21 12:58:29,522 [INFO] PluginManager:220 - loadIPPluginJar : add resmgrutility
2025-12-21 12:58:29,703 [INFO] IPUIPlugin:80 - create IPUIPlugin
2025-12-21 12:58:29,703 [INFO] PluginManager:220 - loadIPPluginJar : add sai
2025-12-21 12:58:29,801 [INFO] ThirdPartyUpdaterWithRetryManager:70 - Updater plugin not ready yet. [2/15]
2025-12-21 12:58:29,834 [INFO] IPUIPlugin:80 - create IPUIPlugin
2025-12-21 12:58:29,834 [INFO] PluginManager:220 - loadIPPluginJar : add spi
2025-12-21 12:58:30,079 [INFO] IPUIPlugin:80 - create IPUIPlugin
2025-12-21 12:58:30,080 [INFO] PluginManager:220 - loadIPPluginJar : add stm32_wpan
2025-12-21 12:58:30,152 [INFO] IPUIPlugin:80 - create IPUIPlugin
2025-12-21 12:58:30,154 [INFO] PluginManager:220 - loadIPPluginJar : add tim
2025-12-21 12:58:30,353 [INFO] IPUIPlugin:80 - create IPUIPlugin
2025-12-21 12:58:30,354 [INFO] PluginManager:220 - loadIPPluginJar : add touchsensing
2025-12-21 12:58:30,428 [INFO] IPUIPlugin:80 - create IPUIPlugin
2025-12-21 12:58:30,429 [INFO] PluginManager:220 - loadIPPluginJar : add tracer_emb
2025-12-21 12:58:30,523 [INFO] IPUIPlugin:80 - create IPUIPlugin
2025-12-21 12:58:30,523 [INFO] PluginManager:220 - loadIPPluginJar : add ts
2025-12-21 12:58:30,575 [INFO] IPUIPlugin:80 - create IPUIPlugin
2025-12-21 12:58:30,575 [INFO] PluginManager:220 - loadIPPluginJar : add tsc
2025-12-21 12:58:30,626 [INFO] IPUIPlugin:80 - create IPUIPlugin
2025-12-21 12:58:30,626 [INFO] PluginManager:220 - loadIPPluginJar : add ucpd
2025-12-21 12:58:30,728 [INFO] IPUIPlugin:80 - create IPUIPlugin
2025-12-21 12:58:30,729 [INFO] PluginManager:220 - loadIPPluginJar : add usart
2025-12-21 12:58:30,815 [INFO] IPUIPlugin:80 - create IPUIPlugin
2025-12-21 12:58:30,815 [INFO] PluginManager:220 - loadIPPluginJar : add usbx
2025-12-21 12:58:30,987 [FATAL] Updater:351 - Updater called before beeing initialized
2025-12-21 12:58:31,095 [INFO] RulesReader:64 - Compatibility file has been processed (317 Rules)
2025-12-21 12:58:31,135 [INFO] RulesReader:64 - Compatibility file has been processed (317 Rules)
2025-12-21 12:58:31,149 [INFO] CADModel:165 - CPN selected for project level
2025-12-21 12:58:31,150 [INFO] CADModel:114 - Register for checkConnection events
2025-12-21 12:58:31,150 [FATAL] Updater:351 - Updater called before beeing initialized
2025-12-21 12:58:31,150 [ERROR] CADModel:125 - Updater not yet initialized, retry later 
2025-12-21 12:58:31,488 [FATAL] Updater:351 - Updater called before beeing initialized
2025-12-21 12:58:31,491 [INFO] CADModel:165 - CPN selected for project level
2025-12-21 12:58:31,492 [INFO] CADModel:114 - Register for checkConnection events
2025-12-21 12:58:31,492 [FATAL] Updater:351 - Updater called before beeing initialized
2025-12-21 12:58:31,492 [ERROR] CADModel:125 - Updater not yet initialized, retry later 
2025-12-21 12:58:31,498 [FATAL] Updater:351 - Updater called before beeing initialized
2025-12-21 12:58:31,783 [FATAL] Updater:351 - Updater called before beeing initialized
2025-12-21 12:58:31,798 [INFO] DbMcusAds:53 - JSON generation date=Tue Dec 16 04:41:46 IST 2025 (1765840306612)
2025-12-21 12:58:31,798 [FATAL] Updater:351 - Updater called before beeing initialized
2025-12-21 12:58:31,872 [WARN] DetailPanel:346 - Failed to get advertising image, set to default
2025-12-21 12:58:31,983 [FATAL] Updater:351 - Updater called before beeing initialized
2025-12-21 12:58:31,985 [FATAL] Updater:351 - Updater called before beeing initialized
2025-12-21 12:58:31,986 [FATAL] Updater:351 - Updater called before beeing initialized
2025-12-21 12:58:31,986 [WARN] DetailPanel:346 - Failed to get advertising image, set to default
2025-12-21 12:58:31,987 [FATAL] Updater:351 - Updater called before beeing initialized
2025-12-21 12:58:32,082 [ERROR] Updater:1198 - MainUpdater not yet initialized. External WinMGr cannot be set.
2025-12-21 12:58:32,097 [INFO] Updater:1134 - Updater Version found : 6.15.0
2025-12-21 12:58:32,120 [INFO] ApplicationProperties:184 - Using Application install path: C:\ST\STM32CubeIDE_1.19.0\STM32CubeIDE\plugins\com.st.stm32cube.common.mx_6.15.0.202507011659
2025-12-21 12:58:32,628 [INFO] MainUpdater:2872 - connection check result : 10
2025-12-21 12:58:32,628 [INFO] MainUpdater:3604 - Updater definition file requires update
2025-12-21 12:58:32,631 [INFO] MainUpdater:289 - Updater Check For Update Now.
2025-12-21 12:58:32,631 [INFO] MicroXplorer:498 - Change Database Version : DB.6.0.150
2025-12-21 12:58:32,662 [INFO] McuFinderGlobals:63 - Set McuFinder mode to 2 (CubeIDE integrated)
2025-12-21 12:58:32,677 [INFO] UserAuth:487 - Internet connection configuration mode: 1
2025-12-21 12:58:32,729 [INFO] JxBrowserEngine:152 - Initiate JxBrowser Engine with user profile folder
2025-12-21 12:58:32,764 [INFO] ServerAccessManage:452 - Complete download http(s) 200
2025-12-21 12:58:32,766 [INFO] ServerAccessManage:509 - Download File updaters.zip
2025-12-21 12:58:32,802 [WARN] MainUpdater:1193 - Updater busy. Cannot search thirdparties
2025-12-21 12:58:32,802 [INFO] ThirdPartyUpdaterWithRetryManager:96 - Updater plugin is busy. [1/15]
2025-12-21 12:58:33,422 [INFO] FileExtend:248 - Unzip File : updaters.zip
2025-12-21 12:58:33,422 [INFO] FileExtend:263 - Standard Zip Deflate
2025-12-21 12:58:34,272 [INFO] ServerAccessManage:452 - Complete download http(s) 200
2025-12-21 12:58:34,272 [INFO] ServerAccessManage:509 - Download File PacksControlFlags.xml
2025-12-21 12:58:34,563 [INFO] ServerAccessManage:452 - Complete download http(s) 200
2025-12-21 12:58:34,563 [INFO] ServerAccessManage:509 - Download File cubemx.pidx
2025-12-21 12:58:34,860 [INFO] LoadServerUpdatesThread:375 - End of LoadServerUpdate Thread
2025-12-21 12:58:35,808 [WARN] MainUpdater:1193 - Updater busy. Cannot search thirdparties
2025-12-21 12:58:35,808 [INFO] ThirdPartyUpdaterWithRetryManager:96 - Updater plugin is busy. [2/15]
2025-12-21 12:58:35,888 [INFO] CheckServerUpdateThread:120 - End of CheckServer Thread
2025-12-21 12:58:39,727 [WARN] PackLoader:240 - Cannot read IP mode file for STMicroelectronics.FP-SNS-MOTENVWB1.1.4.0
2025-12-21 12:58:39,762 [WARN] PackLoader:240 - Cannot read IP mode file for STMicroelectronics.FP-ATR-ASTRA1.2.0.2
2025-12-21 12:58:39,800 [WARN] PackLoader:240 - Cannot read IP mode file for STMicroelectronics.X-CUBE-SMBUS.2.1.0
2025-12-21 12:58:39,806 [INFO] WebApp:169 - Instantiating new browser for Auth
2025-12-21 12:58:39,831 [WARN] PackLoader:240 - Cannot read IP mode file for STMicroelectronics.X-CUBE-ST60.1.0.0
2025-12-21 12:58:39,947 [WARN] PackLoader:240 - Cannot read IP mode file for STMicroelectronics.X-CUBE-AZRTOS-F7.1.1.0
2025-12-21 12:58:39,993 [WARN] PackLoader:240 - Cannot read IP mode file for STMicroelectronics.FP-SNS-MOTENV1.5.1.0
2025-12-21 12:58:40,040 [WARN] PackLoader:240 - Cannot read IP mode file for WES.I-CUBE-Cesium.1.4.0
2025-12-21 12:58:40,125 [WARN] PackLoader:240 - Cannot read IP mode file for Infineon.AIROC-Wi-Fi-Bluetooth-STM32.1.7.1
2025-12-21 12:58:40,313 [WARN] PackLoader:240 - Cannot read IP mode file for STMicroelectronics.X-CUBE-AZRTOS-H7.3.4.0
2025-12-21 12:58:40,386 [WARN] PackLoader:240 - Cannot read IP mode file for STMicroelectronics.X-CUBE-DISPLAY.3.0.0
2025-12-21 12:58:40,555 [WARN] PackLoader:240 - Cannot read IP mode file for STMicroelectronics.X-CUBE-NFC10.1.0.0
2025-12-21 12:58:40,588 [WARN] PackLoader:240 - Cannot read IP mode file for STMicroelectronics.X-CUBE-ST60.1.1.0
2025-12-21 12:58:40,625 [WARN] PackLoader:240 - Cannot read IP mode file for emotas.I-CUBE-CANOPEN.1.3.0
2025-12-21 12:58:40,662 [WARN] PackLoader:240 - Cannot read IP mode file for STMicroelectronics.X-CUBE-GNSS1.7.1.0
2025-12-21 12:58:40,710 [WARN] PackLoader:240 - Cannot read IP mode file for STMicroelectronics.FP-SNS-STBOX1.2.1.0
2025-12-21 12:58:40,747 [WARN] PackLoader:240 - Cannot read IP mode file for STMicroelectronics.FP-SNS-SMARTAG2.1.2.0
2025-12-21 12:58:40,778 [WARN] PackLoader:240 - Cannot read IP mode file for STMicroelectronics.FP-SNS-FLIGHT1.5.1.0
2025-12-21 12:58:40,819 [INFO] LogOutputStream:77 - [STDOUT_REDIRECT] 1 : Invalid condition id : UX_CORESTACK_Condition cause : null
2025-12-21 12:58:40,820 [INFO] LogOutputStream:77 - [STDOUT_REDIRECT] 1 : Invalid condition id : UX_CORESTACK_Condition cause : null
2025-12-21 12:58:40,822 [INFO] LogOutputStream:77 - [STDOUT_REDIRECT] 1 : Invalid condition id : UX_CORESTACK_Condition cause : null
2025-12-21 12:58:40,825 [INFO] LogOutputStream:77 - [STDOUT_REDIRECT] 1 : Invalid condition id : UX_CORESTACK_Condition cause : null
2025-12-21 12:58:40,860 [INFO] LogOutputStream:77 - [STDOUT_REDIRECT] 1 : Invalid condition id : UX_CORESTACK_Condition cause : null
2025-12-21 12:58:40,867 [WARN] PackLoader:240 - Cannot read IP mode file for STMicroelectronics.X-CUBE-AZRTOS-WL.2.0.0
2025-12-21 12:58:40,897 [WARN] PackLoader:240 - Cannot read IP mode file for STMicroelectronics.FP-SNS-MOTENV1.5.0.0
2025-12-21 12:58:40,971 [WARN] PackLoader:240 - Cannot read IP mode file for STMicroelectronics.X-CUBE-AZRTOS-H7RS.1.2.0
2025-12-21 12:58:41,010 [WARN] PackLoader:240 - Cannot read IP mode file for STMicroelectronics.X-CUBE-BLE2.3.3.0
2025-12-21 12:58:41,110 [WARN] PackLoader:240 - Cannot read IP mode file for STMicroelectronics.X-CUBE-NFC9.1.0.0
2025-12-21 12:58:41,173 [WARN] PackLoader:240 - Cannot read IP mode file for wolfSSL.I-CUBE-wolfSSL.5.8.2
2025-12-21 12:58:41,225 [WARN] PackLoader:240 - Cannot read IP mode file for STMicroelectronics.X-CUBE-BLE1.7.1.0
2025-12-21 12:58:41,253 [WARN] PackLoader:240 - Cannot read IP mode file for wolfSSL.I-CUBE-wolfMQTT.1.19.2
2025-12-21 12:58:41,287 [WARN] PackLoader:240 - Cannot read IP mode file for STMicroelectronics.X-CUBE-FREERTOS.1.4.0
2025-12-21 12:58:41,317 [WARN] PackLoader:240 - Cannot read IP mode file for STMicroelectronics.X-CUBE-EEPRMA1.5.2.0
2025-12-21 12:58:41,353 [WARN] PackLoader:240 - Cannot read IP mode file for STMicroelectronics.X-CUBE-ST67W61.1.1.0
2025-12-21 12:58:41,509 [WARN] PackLoader:240 - Cannot read IP mode file for STMicroelectronics.X-CUBE-MEMS1.12.0.0
2025-12-21 12:58:41,860 [WARN] PackLoader:240 - Cannot read IP mode file for STMicroelectronics.X-CUBE-AZRTOS-G0.1.1.0
2025-12-21 12:58:41,896 [WARN] PackLoader:240 - Cannot read IP mode file for STMicroelectronics.X-CUBE-SAFEA1.1.2.2
2025-12-21 12:58:41,933 [WARN] PackLoader:240 - Cannot read IP mode file for STMicroelectronics.X-CUBE-NFC4.3.0.0
2025-12-21 12:58:41,969 [WARN] PackLoader:240 - Cannot read IP mode file for EmbeddedOffice.I-CUBE-FS-RTOS.1.0.1
2025-12-21 12:58:42,028 [WARN] PackLoader:240 - Cannot read IP mode file for STMicroelectronics.X-CUBE-WB05N.2.0.0
2025-12-21 12:58:42,058 [WARN] PackLoader:240 - Cannot read IP mode file for wolfSSL.I-CUBE-wolfTPM.3.8.0
2025-12-21 12:58:42,088 [WARN] PackLoader:240 - Cannot read IP mode file for STMicroelectronics.X-CUBE-TCPP.4.2.0
2025-12-21 12:58:42,124 [WARN] PackLoader:240 - Cannot read IP mode file for RealThread.X-CUBE-RT-Thread_Nano.4.1.1
2025-12-21 12:58:42,155 [WARN] PackLoader:240 - Cannot read IP mode file for STMicroelectronics.FP-ATR-SIGFOX1.3.2.0
2025-12-21 12:58:42,188 [WARN] PackLoader:240 - Cannot read IP mode file for ITTIA_DB.I-CUBE-ITTIADB.8.9.0
2025-12-21 12:58:42,221 [WARN] PackLoader:240 - Cannot read IP mode file for STMicroelectronics.X-CUBE-ST67W61.1.0.0
2025-12-21 12:58:42,251 [WARN] PackLoader:240 - Cannot read IP mode file for STMicroelectronics.X-CUBE-AI.10.2.0
2025-12-21 12:58:42,367 [WARN] PackLoader:240 - Cannot read IP mode file for SEGGER.I-CUBE-embOS.1.3.1
2025-12-21 12:58:42,528 [WARN] PackLoader:240 - Cannot read IP mode file for STMicroelectronics.X-CUBE-ALGOBUILD.1.4.0
2025-12-21 12:58:42,671 [WARN] PackLoader:240 - Cannot read IP mode file for STMicroelectronics.X-CUBE-MEMS1.11.3.0
2025-12-21 12:58:42,967 [WARN] PackLoader:240 - Cannot read IP mode file for STMicroelectronics.X-CUBE-PM33A1.1.0.0
2025-12-21 12:58:43,041 [WARN] PackLoader:240 - Cannot read IP mode file for STMicroelectronics.X-CUBE-AZRTOS-F4.1.1.0
2025-12-21 12:58:43,080 [WARN] PackLoader:240 - Cannot read IP mode file for Avnet-IotConnect.X-CUBE-IoTC-DA16k-PMOD.1.0.0
2025-12-21 12:58:43,108 [WARN] PackLoader:240 - Cannot read IP mode file for STMicroelectronics.X-CUBE-ISPU.2.1.0
2025-12-21 12:58:43,198 [WARN] PackLoader:240 - Cannot read IP mode file for STMicroelectronics.X-CUBE-IPS.3.2.0
2025-12-21 12:58:43,241 [WARN] PackLoader:240 - Cannot read IP mode file for STMicroelectronics.X-CUBE-NFC12.1.0.0
2025-12-21 12:58:43,299 [WARN] PackLoader:240 - Cannot read IP mode file for STMicroelectronics.X-CUBE-AZRTOS-L5.2.0.0
2025-12-21 12:58:43,347 [WARN] PackLoader:240 - Cannot read IP mode file for STMicroelectronics.X-CUBE-NFC6.3.1.0
2025-12-21 12:58:43,430 [WARN] PackLoader:240 - Cannot read IP mode file for STMicroelectronics.X-CUBE-FREERTOS.1.3.1
2025-12-21 12:58:43,463 [WARN] PackLoader:240 - Cannot read IP mode file for STMicroelectronics.X-CUBE-TOUCHGFX.4.26.0
2025-12-21 12:58:43,528 [WARN] PackLoader:240 - Cannot read IP mode file for STMicroelectronics.FP-SNS-STAIOTCFT.1.0.0
2025-12-21 12:58:43,566 [WARN] PackLoader:240 - Cannot read IP mode file for STMicroelectronics.X-CUBE-DPower.1.3.0
2025-12-21 12:58:43,622 [WARN] ConditionMgr:438 - getConditionDescription Invalid condition id : LAN8742 Phy interface Condition cause : null
2025-12-21 12:58:43,628 [WARN] PackLoader:240 - Cannot read IP mode file for STMicroelectronics.X-CUBE-AZRTOS-L4.2.0.0
2025-12-21 12:58:43,630 [WARN] ConditionMgr:1044 - genDependencies : Invalid condition id : LAN8742 Phy interface Condition cause : null
2025-12-21 12:58:43,631 [WARN] ConditionMgr:1044 - genDependencies : Invalid condition id : LAN8742 Phy interface Condition cause : null
2025-12-21 12:58:43,631 [WARN] ConditionMgr:1044 - genDependencies : Invalid condition id : LAN8742 Phy interface Condition cause : null
2025-12-21 12:58:43,666 [WARN] PackLoader:240 - Cannot read IP mode file for STMicroelectronics.X-CUBE-SFXS2LP1.4.0.0
2025-12-21 12:58:43,718 [WARN] PackLoader:240 - Cannot read IP mode file for STMicroelectronics.X-CUBE-BLEMGR.4.1.0
2025-12-21 12:58:43,769 [WARN] ConditionMgr:438 - getConditionDescription Invalid condition id : UX DEVICE CLASS RTOS Condition cause : null
2025-12-21 12:58:43,769 [WARN] ConditionMgr:438 - getConditionDescription Invalid condition id : UX DEVICE CLASS RTOS Condition cause : null
2025-12-21 12:58:43,772 [WARN] PackLoader:240 - Cannot read IP mode file for STMicroelectronics.X-CUBE-AZRTOS-WB.2.0.0
2025-12-21 12:58:43,773 [WARN] ConditionMgr:1044 - genDependencies : Invalid condition id : UX DEVICE CLASS RTOS Condition cause : null
2025-12-21 12:58:43,773 [WARN] ConditionMgr:1044 - genDependencies : Invalid condition id : UX DEVICE CLASS RTOS Condition cause : null
2025-12-21 12:58:43,774 [WARN] ConditionMgr:1044 - genDependencies : Invalid condition id : UX DEVICE CLASS RTOS Condition cause : null
2025-12-21 12:58:43,774 [WARN] ConditionMgr:1044 - genDependencies : Invalid condition id : UX DEVICE CLASS RTOS Condition cause : null
2025-12-21 12:58:43,774 [WARN] ConditionMgr:1044 - genDependencies : Invalid condition id : UX DEVICE CLASS RTOS Condition cause : null
2025-12-21 12:58:43,822 [WARN] PackLoader:240 - Cannot read IP mode file for STMicroelectronics.X-CUBE-GNSS1.7.0.1
2025-12-21 12:58:43,855 [WARN] PackLoader:240 - Cannot read IP mode file for STMicroelectronics.X-CUBE-TOUCHGFX.4.25.0
2025-12-21 12:58:43,886 [WARN] ConditionMgr:438 - getConditionDescription Invalid condition id : Cortex-A Device cause : null
2025-12-21 12:58:43,936 [WARN] ConditionMgr:1044 - genDependencies : Invalid condition id : Cortex-A Device cause : null
2025-12-21 12:58:43,936 [WARN] ConditionMgr:1044 - genDependencies : Invalid condition id : Cortex-A Device cause : null
2025-12-21 12:58:43,937 [WARN] ConditionMgr:1044 - genDependencies : Invalid condition id : Cortex-A Device cause : null
2025-12-21 12:58:43,982 [WARN] PackLoader:240 - Cannot read IP mode file for STMicroelectronics.X-CUBE-SUBG2.5.0.0
2025-12-21 12:58:44,049 [WARN] PackLoader:240 - Cannot read IP mode file for STMicroelectronics.X-CUBE-AZRTOS-H7RS.1.1.0
2025-12-21 12:58:44,083 [WARN] PackLoader:240 - Cannot read IP mode file for Cesanta.I-CUBE-Mongoose.7.13.0
2025-12-21 12:58:44,158 [WARN] PackLoader:240 - Cannot read IP mode file for STMicroelectronics.X-CUBE-AZRTOS-G4.2.0.0
2025-12-21 12:58:44,262 [WARN] PackLoader:240 - Cannot read IP mode file for wolfSSL.I-CUBE-wolfSSH.1.4.20
2025-12-21 12:58:44,290 [WARN] PackLoader:240 - Cannot read IP mode file for STMicroelectronics.X-CUBE-NFC7.2.0.0
2025-12-21 12:58:44,331 [WARN] PackLoader:240 - Cannot read IP mode file for STMicroelectronics.X-CUBE-IPS.3.1.0
2025-12-21 12:58:44,364 [WARN] PackLoader:240 - Cannot read IP mode file for STMicroelectronics.X-CUBE-ALS.1.0.2
2025-12-21 12:58:44,395 [WARN] PackLoader:240 - Cannot read IP mode file for STMicroelectronics.X-CUBE-STSE01.1.0.0
2025-12-21 12:58:44,444 [WARN] PackLoader:240 - Cannot read IP mode file for STMicroelectronics.X-CUBE-TOF1.3.4.3
2025-12-21 12:58:44,468 [INFO] ThirdParty:978 - Integrity check success = true
2025-12-21 12:58:44,468 [INFO] IntegrityCheckThread:100 - exiting critical section [integrity check]
2025-12-21 12:58:44,468 [INFO] IntegrityCheckThread:103 - End integrity checks thread
2025-12-21 12:58:44,581 [INFO] WebApp:463 - Apply proxy settings
2025-12-21 12:58:44,582 [INFO] WebApp:548 - Chromium requires no authentication
2025-12-21 12:58:44,609 [INFO] WebApp:491 - Direct internet connection detected
2025-12-21 12:58:44,734 [INFO] WebApp:900 - Register for checkConnection events
2025-12-21 12:58:44,735 [INFO] WebApp:463 - Apply proxy settings
2025-12-21 12:58:44,735 [INFO] WebApp:548 - Chromium requires no authentication
2025-12-21 12:58:44,737 [INFO] WebApp:491 - Direct internet connection detected
2025-12-21 12:58:45,208 [INFO] WebApp:225 - Starting web application
2025-12-21 12:58:45,208 [INFO] WebApp:593 - Web application path used C:\ST\STM32CubeIDE_1.19.0\STM32CubeIDE\plugins\com.st.stm32cube.common.mx_6.15.0.202507011659\db\plugins\mcufinder\reactClient1\index.html
2025-12-21 12:58:45,508 [INFO] WebApp:191 - Connection restablished
2025-12-21 12:58:45,649 [INFO] UserAuth:487 - Internet connection configuration mode: 1
2025-12-21 13:03:01,665 [ERROR] LogOutputStream:75 - [STDERR_REDIRECT] 
