2025-12-23 08:49:41,345 [INFO] Activator:176 - 


2025-12-23 08:49:41,358 [INFO] Activator:177 - !SESSION log4j initialized
2025-12-23 08:49:53,869 [INFO] LogOutputStream:77 - [STDOUT_REDIRECT] 
2025-12-23 08:50:08,805 [INFO] ApplicationProperties:184 - Using Application install path: C:\ST\STM32CubeIDE_1.19.0\STM32CubeIDE\plugins\com.st.stm32cube.common.mx_6.15.0.202507011659
2025-12-23 08:50:08,856 [INFO] DbMcusXml:78 - Set database path to: C:\ST\STM32CubeIDE_1.19.0\STM32CubeIDE\plugins\com.st.stm32cube.common.mx_6.15.0.202507011659\\db\/mcu/
2025-12-23 08:50:08,857 [INFO] ApiDb:274 - Set plugin database path to: C:\ST\STM32CubeIDE_1.19.0\STM32CubeIDE\plugins\com.st.stm32cube.common.mx_6.15.0.202507011659\\db\/plugins/boardmanager/
2025-12-23 08:50:08,858 [WARN] ApiDb:259 - Overriding images path with different value:  => C:\ST\STM32CubeIDE_1.19.0\STM32CubeIDE\plugins\com.st.stm32cube.common.mx_6.15.0.202507011659\\db\/plugins/mcufinder/images/
2025-12-23 08:50:08,872 [INFO] ApiDb:250 - Set database path to: C:\Users\ADMIN\.stmcufinder\plugins\mcufinder//mcu/
2025-12-23 08:50:08,874 [INFO] DbMcusAds:125 - Set database path to: C:\Users\ADMIN\.stmcufinder\plugins\mcufinder//mcu/
2025-12-23 08:50:08,902 [INFO] CrossReferenceDbSqlite:203 - Set database path to: C:\Users\ADMIN\.stmcufinder\plugins\mcufinder//mcu/cs/
2025-12-23 08:50:09,222 [INFO] RulesReader:64 - Compatibility file has been processed (317 Rules)
2025-12-23 08:50:09,418 [INFO] DbMcusXml:78 - Set database path to: C:\ST\STM32CubeIDE_1.19.0\STM32CubeIDE\plugins\com.st.stm32cube.common.mx_6.15.0.202507011659\\db\/mcu/
2025-12-23 08:50:09,418 [INFO] ApiDb:274 - Set plugin database path to: C:\ST\STM32CubeIDE_1.19.0\STM32CubeIDE\plugins\com.st.stm32cube.common.mx_6.15.0.202507011659\\db\/plugins/boardmanager/
2025-12-23 08:50:09,419 [INFO] ApiDb:261 - Set plugin images path to: C:\ST\STM32CubeIDE_1.19.0\STM32CubeIDE\plugins\com.st.stm32cube.common.mx_6.15.0.202507011659\\db\/plugins/mcufinder/images/
2025-12-23 08:50:09,419 [WARN] DbFile:41 - Overriding database path with different value: C:\Users\ADMIN\.stmcufinder\plugins\mcufinder/ => C:\Users\ADMIN\.stmcufinder\plugins\mcufinder
2025-12-23 08:50:09,420 [INFO] ApiDb:250 - Set database path to: C:\Users\ADMIN\.stmcufinder\plugins\mcufinder//mcu/
2025-12-23 08:50:09,420 [WARN] DbFile:41 - Overriding database path with different value: C:\Users\ADMIN\.stmcufinder\plugins\mcufinder/ => C:\Users\ADMIN\.stmcufinder\plugins\mcufinder
2025-12-23 08:50:09,420 [INFO] DbMcusAds:125 - Set database path to: C:\Users\ADMIN\.stmcufinder\plugins\mcufinder//mcu/
2025-12-23 08:50:09,420 [WARN] DbFile:41 - Overriding database path with different value: C:\Users\ADMIN\.stmcufinder\plugins\mcufinder/ => C:\Users\ADMIN\.stmcufinder\plugins\mcufinder
2025-12-23 08:50:09,420 [WARN] DbFile:41 - Overriding database path with different value: C:\Users\ADMIN\.stmcufinder\plugins\mcufinder/ => C:\Users\ADMIN\.stmcufinder\plugins\mcufinder
2025-12-23 08:50:09,420 [INFO] CrossReferenceDbSqlite:203 - Set database path to: C:\Users\ADMIN\.stmcufinder\plugins\mcufinder//mcu/cs/
2025-12-23 08:50:09,665 [INFO] MainPanel:274 - HeapMemory: 268435456
2025-12-23 08:50:09,935 [INFO] DbMcusXml:78 - Set database path to: C:\ST\STM32CubeIDE_1.19.0\STM32CubeIDE\plugins\com.st.stm32cube.common.mx_6.15.0.202507011659\\db\/mcu/
2025-12-23 08:50:09,935 [INFO] ApiDb:274 - Set plugin database path to: C:\ST\STM32CubeIDE_1.19.0\STM32CubeIDE\plugins\com.st.stm32cube.common.mx_6.15.0.202507011659\\db\/plugins/boardmanager/
2025-12-23 08:50:09,935 [INFO] ApiDb:261 - Set plugin images path to: C:\ST\STM32CubeIDE_1.19.0\STM32CubeIDE\plugins\com.st.stm32cube.common.mx_6.15.0.202507011659\\db\/plugins/mcufinder/images/
2025-12-23 08:50:09,935 [WARN] DbFile:41 - Overriding database path with different value: C:\Users\ADMIN\.stmcufinder\plugins\mcufinder/ => C:\Users\ADMIN\.stmcufinder\plugins\mcufinder
2025-12-23 08:50:09,935 [INFO] ApiDb:250 - Set database path to: C:\Users\ADMIN\.stmcufinder\plugins\mcufinder//mcu/
2025-12-23 08:50:09,935 [WARN] DbFile:41 - Overriding database path with different value: C:\Users\ADMIN\.stmcufinder\plugins\mcufinder/ => C:\Users\ADMIN\.stmcufinder\plugins\mcufinder
2025-12-23 08:50:09,935 [INFO] DbMcusAds:125 - Set database path to: C:\Users\ADMIN\.stmcufinder\plugins\mcufinder//mcu/
2025-12-23 08:50:09,935 [WARN] DbFile:41 - Overriding database path with different value: C:\Users\ADMIN\.stmcufinder\plugins\mcufinder/ => C:\Users\ADMIN\.stmcufinder\plugins\mcufinder
2025-12-23 08:50:09,935 [WARN] DbFile:41 - Overriding database path with different value: C:\Users\ADMIN\.stmcufinder\plugins\mcufinder/ => C:\Users\ADMIN\.stmcufinder\plugins\mcufinder
2025-12-23 08:50:09,935 [INFO] CrossReferenceDbSqlite:203 - Set database path to: C:\Users\ADMIN\.stmcufinder\plugins\mcufinder//mcu/cs/
2025-12-23 08:50:09,977 [INFO] ApplicationProperties:184 - Using Application install path: C:\ST\STM32CubeIDE_1.19.0\STM32CubeIDE\plugins\com.st.stm32cube.common.mx_6.15.0.202507011659
2025-12-23 08:50:09,977 [INFO] PluginManage:196 - Search for loadable plugins [exclusion list=, ]
2025-12-23 08:50:09,984 [INFO] PluginManage:310 - Check plugin analytics
2025-12-23 08:50:11,648 [ERROR] ConfigurationRetriever:142 - IOException on connection: sw-center.st.com
2025-12-23 08:50:11,651 [ERROR] ConfigurationRetriever:142 - IOException on connection: sw-center.st.com
2025-12-23 08:50:11,652 [ERROR] ConfigurationRetriever:142 - IOException on connection: sw-center.st.com
2025-12-23 08:50:15,114 [INFO] AnalyticsPlugin:253 - Accepted Software Licenses: 
2025-12-23 08:50:15,114 [INFO] AnalyticsPlugin:255 - Accepted CMSIS Pack Licenses: 
2025-12-23 08:50:15,115 [INFO] AnalyticsPlugin:257 - Accepted Firmware Licenses: FW.F4.1.28.0
2025-12-23 08:50:15,123 [INFO] PluginManage:359 - Loaded plugin analytics (category:tool,tabindex:-1)
2025-12-23 08:50:15,124 [ERROR] ConfigurationRetriever:142 - IOException on connection: sw-center.st.com
2025-12-23 08:50:15,124 [INFO] PluginManage:310 - Check plugin cadmodel
2025-12-23 08:50:15,124 [ERROR] ConfigurationRetriever:142 - IOException on connection: sw-center.st.com
2025-12-23 08:50:15,124 [ERROR] ConfigurationRetriever:142 - IOException on connection: sw-center.st.com
2025-12-23 08:50:15,124 [INFO] CADModel:105 - Init CAD model plugin
2025-12-23 08:50:15,124 [INFO] PluginManage:359 - Loaded plugin cadmodel (category:power,tabindex:5)
2025-12-23 08:50:15,124 [INFO] PluginManage:310 - Check plugin clock
2025-12-23 08:50:15,148 [INFO] PluginManage:359 - Loaded plugin clock (category:base,tabindex:2)
2025-12-23 08:50:15,148 [INFO] PluginManage:310 - Check plugin ddr
2025-12-23 08:50:15,154 [INFO] PluginManage:359 - Loaded plugin ddr (category:tool,tabindex:6)
2025-12-23 08:50:15,154 [INFO] PluginManage:310 - Check plugin filemanager
2025-12-23 08:50:15,494 [INFO] PluginManage:359 - Loaded plugin filemanager (category:base,tabindex:10)
2025-12-23 08:50:15,509 [INFO] PluginManage:310 - Check plugin ipmanager
2025-12-23 08:50:15,522 [INFO] PluginManage:359 - Loaded plugin ipmanager (category:base,tabindex:5)
2025-12-23 08:50:15,522 [INFO] PluginManage:310 - Check plugin lpbam
2025-12-23 08:50:15,537 [INFO] PluginManage:359 - Loaded plugin lpbam (category:base,tabindex:0)
2025-12-23 08:50:15,537 [INFO] PluginManage:310 - Check plugin memorymap
2025-12-23 08:50:15,564 [INFO] PluginManage:359 - Loaded plugin memorymap (category:base,tabindex:4)
2025-12-23 08:50:15,564 [INFO] PluginManage:310 - Check plugin pinoutandconfiguration
2025-12-23 08:50:15,580 [INFO] PluginManage:359 - Loaded plugin pinoutandconfiguration (category:base,tabindex:1)
2025-12-23 08:50:15,580 [INFO] PluginManage:310 - Check plugin pinoutconfig
2025-12-23 08:50:15,769 [WARN] SupportedApi:132 - Cannot load RTOS API schema: s4s-elt-must-match.1: The content of 'definitions' must match (annotation?, (simpleType | complexType)?, (unique | key | keyref)*)). A problem was found starting at: attribute.
2025-12-23 08:50:16,070 [INFO] PluginManage:359 - Loaded plugin pinoutconfig (category:base,tabindex:0)
2025-12-23 08:50:16,070 [INFO] PluginManage:310 - Check plugin power
2025-12-23 08:50:16,088 [INFO] PluginManage:359 - Loaded plugin power (category:power,tabindex:4)
2025-12-23 08:50:16,088 [INFO] PluginManage:310 - Check plugin projectmanager
2025-12-23 08:50:16,119 [INFO] PluginManage:359 - Loaded plugin projectmanager (category:projectmanager,tabindex:4)
2025-12-23 08:50:16,119 [INFO] PluginManage:310 - Check plugin rif
2025-12-23 08:50:16,140 [INFO] PluginManage:359 - Loaded plugin rif (category:base,tabindex:3)
2025-12-23 08:50:16,140 [INFO] PluginManage:310 - Check plugin thirdparty
2025-12-23 08:50:16,406 [WARN] IntegrityCheckThread:84 - waiting for thirdparty lock release [integrity check]
2025-12-23 08:50:16,406 [INFO] PluginManage:359 - Loaded plugin thirdparty (category:base,tabindex:-1)
2025-12-23 08:50:16,406 [INFO] IntegrityCheckThread:86 - entering critical section [integrity check]
2025-12-23 08:50:16,406 [INFO] PluginManage:310 - Check plugin tools
2025-12-23 08:50:16,406 [INFO] ThirdPartyUpdaterWithRetryManager:70 - Updater plugin not ready yet. [1/15]
2025-12-23 08:50:16,412 [INFO] PluginManage:359 - Loaded plugin tools (category:base,tabindex:7)
2025-12-23 08:50:16,412 [INFO] PluginManage:310 - Check plugin tutovideos
2025-12-23 08:50:16,784 [INFO] PluginManage:359 - Loaded plugin tutovideos (category:base,tabindex:-1)
2025-12-23 08:50:16,784 [INFO] PluginManage:310 - Check plugin updater
2025-12-23 08:50:16,831 [INFO] PluginManage:359 - Loaded plugin updater (category:base,tabindex:12)
2025-12-23 08:50:16,831 [INFO] PluginManage:310 - Check plugin userauth
2025-12-23 08:50:16,837 [INFO] UserAuth:118 - Init User Auth plugin
2025-12-23 08:50:16,837 [INFO] PluginManage:359 - Loaded plugin userauth (category:base,tabindex:14)
2025-12-23 08:50:16,837 [INFO] PluginManage:283 - PluginManage : Loaded plugins [18]
2025-12-23 08:50:17,260 [INFO] PinOutPanel:1589 - setPackage(No Configuration,No Configuration)
2025-12-23 08:50:17,425 [INFO] CADModel:165 - CPN selected for project level
2025-12-23 08:50:17,425 [INFO] CADModel:114 - Register for checkConnection events
2025-12-23 08:50:17,448 [INFO] IPUIPlugin:80 - create IPUIPlugin
2025-12-23 08:50:17,448 [INFO] PluginManager:220 - loadIPPluginJar : add adc
2025-12-23 08:50:17,463 [INFO] IPUIPlugin:80 - create IPUIPlugin
2025-12-23 08:50:17,463 [INFO] PluginManager:220 - loadIPPluginJar : add aes
2025-12-23 08:50:17,469 [INFO] IPUIPlugin:80 - create IPUIPlugin
2025-12-23 08:50:17,469 [INFO] PluginManager:220 - loadIPPluginJar : add can
2025-12-23 08:50:17,474 [INFO] IPUIPlugin:80 - create IPUIPlugin
2025-12-23 08:50:17,474 [INFO] PluginManager:220 - loadIPPluginJar : add comp
2025-12-23 08:50:17,476 [INFO] IPUIPlugin:80 - create IPUIPlugin
2025-12-23 08:50:17,476 [INFO] PluginManager:220 - loadIPPluginJar : add cryp
2025-12-23 08:50:17,476 [INFO] IPUIPlugin:80 - create IPUIPlugin
2025-12-23 08:50:17,476 [INFO] PluginManager:220 - loadIPPluginJar : add ddr_ctrl_phy
2025-12-23 08:50:17,487 [INFO] IPUIPlugin:80 - create IPUIPlugin
2025-12-23 08:50:17,487 [INFO] PluginManager:220 - loadIPPluginJar : add dfsdm
2025-12-23 08:50:17,490 [INFO] IPUIPlugin:80 - create IPUIPlugin
2025-12-23 08:50:17,490 [INFO] PluginManager:220 - loadIPPluginJar : add dma
2025-12-23 08:50:17,490 [INFO] IPUIPlugin:80 - create IPUIPlugin
2025-12-23 08:50:17,490 [INFO] PluginManager:220 - loadIPPluginJar : add dma3
2025-12-23 08:50:17,505 [INFO] IPUIPlugin:80 - create IPUIPlugin
2025-12-23 08:50:17,505 [INFO] PluginManager:220 - loadIPPluginJar : add extmemmanager
2025-12-23 08:50:17,506 [INFO] IPUIPlugin:80 - create IPUIPlugin
2025-12-23 08:50:17,506 [INFO] PluginManager:220 - loadIPPluginJar : add fatfs
2025-12-23 08:50:17,506 [INFO] IPUIPlugin:80 - create IPUIPlugin
2025-12-23 08:50:17,506 [INFO] PluginManager:220 - loadIPPluginJar : add fmc
2025-12-23 08:50:17,522 [INFO] IPUIPlugin:80 - create IPUIPlugin
2025-12-23 08:50:17,522 [INFO] PluginManager:220 - loadIPPluginJar : add freertos
2025-12-23 08:50:17,522 [INFO] IPUIPlugin:80 - create IPUIPlugin
2025-12-23 08:50:17,522 [INFO] PluginManager:220 - loadIPPluginJar : add genericplugin
2025-12-23 08:50:17,533 [INFO] IPUIPlugin:80 - create IPUIPlugin
2025-12-23 08:50:17,533 [INFO] PluginManager:220 - loadIPPluginJar : add gfxmmu
2025-12-23 08:50:17,537 [INFO] IPUIPlugin:80 - create IPUIPlugin
2025-12-23 08:50:17,542 [INFO] PluginManager:220 - loadIPPluginJar : add gic
2025-12-23 08:50:17,547 [INFO] IPUIPlugin:80 - create IPUIPlugin
2025-12-23 08:50:17,547 [INFO] PluginManager:220 - loadIPPluginJar : add gpio
2025-12-23 08:50:17,553 [INFO] IPUIPlugin:80 - create IPUIPlugin
2025-12-23 08:50:17,553 [INFO] PluginManager:220 - loadIPPluginJar : add gtzc
2025-12-23 08:50:17,554 [INFO] IPUIPlugin:80 - create IPUIPlugin
2025-12-23 08:50:17,558 [INFO] PluginManager:220 - loadIPPluginJar : add hash
2025-12-23 08:50:17,562 [INFO] IPUIPlugin:80 - create IPUIPlugin
2025-12-23 08:50:17,563 [INFO] PluginManager:220 - loadIPPluginJar : add i2c
2025-12-23 08:50:17,566 [INFO] IPUIPlugin:80 - create IPUIPlugin
2025-12-23 08:50:17,566 [INFO] PluginManager:220 - loadIPPluginJar : add i2s
2025-12-23 08:50:17,574 [INFO] IPUIPlugin:80 - create IPUIPlugin
2025-12-23 08:50:17,574 [INFO] PluginManager:220 - loadIPPluginJar : add i3c
2025-12-23 08:50:17,574 [INFO] IPUIPlugin:80 - create IPUIPlugin
2025-12-23 08:50:17,574 [INFO] PluginManager:220 - loadIPPluginJar : add ipddr
2025-12-23 08:50:17,594 [INFO] IPUIPlugin:80 - create IPUIPlugin
2025-12-23 08:50:17,596 [INFO] PluginManager:220 - loadIPPluginJar : add linkedlist
2025-12-23 08:50:17,602 [INFO] IPUIPlugin:80 - create IPUIPlugin
2025-12-23 08:50:17,602 [INFO] PluginManager:220 - loadIPPluginJar : add lorawan
2025-12-23 08:50:17,606 [INFO] IPUIPlugin:80 - create IPUIPlugin
2025-12-23 08:50:17,606 [INFO] PluginManager:220 - loadIPPluginJar : add ltdc
2025-12-23 08:50:17,614 [INFO] IPUIPlugin:80 - create IPUIPlugin
2025-12-23 08:50:17,614 [INFO] PluginManager:220 - loadIPPluginJar : add mdma
2025-12-23 08:50:17,624 [INFO] IPUIPlugin:80 - create IPUIPlugin
2025-12-23 08:50:17,624 [INFO] PluginManager:220 - loadIPPluginJar : add nvic
2025-12-23 08:50:17,628 [INFO] IPUIPlugin:80 - create IPUIPlugin
2025-12-23 08:50:17,628 [INFO] PluginManager:220 - loadIPPluginJar : add opamp
2025-12-23 08:50:17,634 [INFO] IPUIPlugin:80 - create IPUIPlugin
2025-12-23 08:50:17,634 [INFO] PluginManager:220 - loadIPPluginJar : add openamp
2025-12-23 08:50:17,634 [INFO] IPUIPlugin:80 - create IPUIPlugin
2025-12-23 08:50:17,634 [INFO] PluginManager:220 - loadIPPluginJar : add pdm2pcm
2025-12-23 08:50:17,644 [INFO] IPUIPlugin:80 - create IPUIPlugin
2025-12-23 08:50:17,644 [INFO] PluginManager:220 - loadIPPluginJar : add plateformsettings
2025-12-23 08:50:17,644 [INFO] IPUIPlugin:80 - create IPUIPlugin
2025-12-23 08:50:17,644 [INFO] PluginManager:220 - loadIPPluginJar : add quadspi
2025-12-23 08:50:17,660 [INFO] IPUIPlugin:80 - create IPUIPlugin
2025-12-23 08:50:17,661 [INFO] PluginManager:220 - loadIPPluginJar : add radio
2025-12-23 08:50:17,661 [INFO] IPUIPlugin:80 - create IPUIPlugin
2025-12-23 08:50:17,661 [INFO] PluginManager:220 - loadIPPluginJar : add resmgrutility
2025-12-23 08:50:17,667 [INFO] IPUIPlugin:80 - create IPUIPlugin
2025-12-23 08:50:17,667 [INFO] PluginManager:220 - loadIPPluginJar : add sai
2025-12-23 08:50:17,667 [INFO] IPUIPlugin:80 - create IPUIPlugin
2025-12-23 08:50:17,675 [INFO] PluginManager:220 - loadIPPluginJar : add spi
2025-12-23 08:50:17,677 [INFO] IPUIPlugin:80 - create IPUIPlugin
2025-12-23 08:50:17,677 [INFO] PluginManager:220 - loadIPPluginJar : add stm32_wpan
2025-12-23 08:50:17,677 [INFO] IPUIPlugin:80 - create IPUIPlugin
2025-12-23 08:50:17,677 [INFO] PluginManager:220 - loadIPPluginJar : add tim
2025-12-23 08:50:17,693 [INFO] IPUIPlugin:80 - create IPUIPlugin
2025-12-23 08:50:17,693 [INFO] PluginManager:220 - loadIPPluginJar : add touchsensing
2025-12-23 08:50:17,698 [INFO] IPUIPlugin:80 - create IPUIPlugin
2025-12-23 08:50:17,698 [INFO] PluginManager:220 - loadIPPluginJar : add tracer_emb
2025-12-23 08:50:17,699 [INFO] IPUIPlugin:80 - create IPUIPlugin
2025-12-23 08:50:17,699 [INFO] PluginManager:220 - loadIPPluginJar : add ts
2025-12-23 08:50:17,699 [INFO] IPUIPlugin:80 - create IPUIPlugin
2025-12-23 08:50:17,699 [INFO] PluginManager:220 - loadIPPluginJar : add tsc
2025-12-23 08:50:17,699 [INFO] IPUIPlugin:80 - create IPUIPlugin
2025-12-23 08:50:17,699 [INFO] PluginManager:220 - loadIPPluginJar : add ucpd
2025-12-23 08:50:17,713 [INFO] IPUIPlugin:80 - create IPUIPlugin
2025-12-23 08:50:17,715 [INFO] PluginManager:220 - loadIPPluginJar : add usart
2025-12-23 08:50:17,723 [INFO] IPUIPlugin:80 - create IPUIPlugin
2025-12-23 08:50:17,723 [INFO] PluginManager:220 - loadIPPluginJar : add usbx
2025-12-23 08:50:17,931 [FATAL] Updater:351 - Updater called before beeing initialized
2025-12-23 08:50:18,075 [INFO] RulesReader:64 - Compatibility file has been processed (317 Rules)
2025-12-23 08:50:18,105 [INFO] RulesReader:64 - Compatibility file has been processed (317 Rules)
2025-12-23 08:50:18,120 [INFO] CADModel:165 - CPN selected for project level
2025-12-23 08:50:18,120 [INFO] CADModel:114 - Register for checkConnection events
2025-12-23 08:50:18,121 [FATAL] Updater:351 - Updater called before beeing initialized
2025-12-23 08:50:18,121 [ERROR] CADModel:125 - Updater not yet initialized, retry later 
2025-12-23 08:50:18,416 [FATAL] Updater:351 - Updater called before beeing initialized
2025-12-23 08:50:18,419 [INFO] CADModel:165 - CPN selected for project level
2025-12-23 08:50:18,419 [INFO] CADModel:114 - Register for checkConnection events
2025-12-23 08:50:18,419 [FATAL] Updater:351 - Updater called before beeing initialized
2025-12-23 08:50:18,419 [ERROR] CADModel:125 - Updater not yet initialized, retry later 
2025-12-23 08:50:18,423 [FATAL] Updater:351 - Updater called before beeing initialized
2025-12-23 08:50:18,791 [FATAL] Updater:351 - Updater called before beeing initialized
2025-12-23 08:50:18,799 [INFO] DbMcusAds:53 - JSON generation date=Tue Dec 16 04:41:46 IST 2025 (1765840306612)
2025-12-23 08:50:18,804 [FATAL] Updater:351 - Updater called before beeing initialized
2025-12-23 08:50:18,872 [WARN] DetailPanel:346 - Failed to get advertising image, set to default
2025-12-23 08:50:19,101 [FATAL] Updater:351 - Updater called before beeing initialized
2025-12-23 08:50:19,102 [FATAL] Updater:351 - Updater called before beeing initialized
2025-12-23 08:50:19,102 [FATAL] Updater:351 - Updater called before beeing initialized
2025-12-23 08:50:19,102 [WARN] DetailPanel:346 - Failed to get advertising image, set to default
2025-12-23 08:50:19,109 [FATAL] Updater:351 - Updater called before beeing initialized
2025-12-23 08:50:19,218 [ERROR] Updater:1198 - MainUpdater not yet initialized. External WinMGr cannot be set.
2025-12-23 08:50:19,219 [INFO] Updater:1134 - Updater Version found : 6.15.0
2025-12-23 08:50:19,243 [INFO] ApplicationProperties:184 - Using Application install path: C:\ST\STM32CubeIDE_1.19.0\STM32CubeIDE\plugins\com.st.stm32cube.common.mx_6.15.0.202507011659
2025-12-23 08:50:19,420 [INFO] ThirdPartyUpdaterWithRetryManager:70 - Updater plugin not ready yet. [2/15]
2025-12-23 08:50:19,607 [INFO] MainUpdater:2872 - connection check result : 22
2025-12-23 08:50:19,608 [INFO] MainUpdater:289 - Updater Check For Update Now.
2025-12-23 08:50:19,609 [INFO] MicroXplorer:498 - Change Database Version : DB.6.0.150
2025-12-23 08:50:19,615 [INFO] McuFinderGlobals:63 - Set McuFinder mode to 2 (CubeIDE integrated)
2025-12-23 08:50:19,615 [INFO] UserAuth:487 - Internet connection configuration mode: 2
2025-12-23 08:50:19,615 [INFO] UserAuth:487 - Internet connection configuration mode: 2
2025-12-23 08:50:20,095 [INFO] CheckServerUpdateThread:120 - End of CheckServer Thread
2025-12-23 08:50:23,240 [WARN] PackLoader:240 - Cannot read IP mode file for STMicroelectronics.FP-SNS-MOTENVWB1.1.4.0
2025-12-23 08:50:23,258 [WARN] PackLoader:240 - Cannot read IP mode file for STMicroelectronics.FP-ATR-ASTRA1.2.0.2
2025-12-23 08:50:23,281 [WARN] PackLoader:240 - Cannot read IP mode file for STMicroelectronics.X-CUBE-SMBUS.2.1.0
2025-12-23 08:50:23,293 [WARN] PackLoader:240 - Cannot read IP mode file for STMicroelectronics.X-CUBE-ST60.1.0.0
2025-12-23 08:50:23,362 [WARN] PackLoader:240 - Cannot read IP mode file for STMicroelectronics.X-CUBE-AZRTOS-F7.1.1.0
2025-12-23 08:50:23,379 [WARN] PackLoader:240 - Cannot read IP mode file for STMicroelectronics.FP-SNS-MOTENV1.5.1.0
2025-12-23 08:50:23,399 [WARN] PackLoader:240 - Cannot read IP mode file for WES.I-CUBE-Cesium.1.4.0
2025-12-23 08:50:23,459 [WARN] PackLoader:240 - Cannot read IP mode file for Infineon.AIROC-Wi-Fi-Bluetooth-STM32.1.7.1
2025-12-23 08:50:23,543 [WARN] PackLoader:240 - Cannot read IP mode file for STMicroelectronics.X-CUBE-AZRTOS-H7.3.4.0
2025-12-23 08:50:23,566 [WARN] PackLoader:240 - Cannot read IP mode file for STMicroelectronics.X-CUBE-DISPLAY.3.0.0
2025-12-23 08:50:23,593 [WARN] PackLoader:240 - Cannot read IP mode file for STMicroelectronics.X-CUBE-NFC10.1.0.0
2025-12-23 08:50:23,605 [WARN] PackLoader:240 - Cannot read IP mode file for STMicroelectronics.X-CUBE-ST60.1.1.0
2025-12-23 08:50:23,617 [WARN] PackLoader:240 - Cannot read IP mode file for emotas.I-CUBE-CANOPEN.1.3.0
2025-12-23 08:50:23,628 [WARN] PackLoader:240 - Cannot read IP mode file for STMicroelectronics.X-CUBE-GNSS1.7.1.0
2025-12-23 08:50:23,644 [WARN] PackLoader:240 - Cannot read IP mode file for STMicroelectronics.FP-SNS-STBOX1.2.1.0
2025-12-23 08:50:23,658 [WARN] PackLoader:240 - Cannot read IP mode file for STMicroelectronics.FP-SNS-SMARTAG2.1.2.0
2025-12-23 08:50:23,667 [WARN] PackLoader:240 - Cannot read IP mode file for STMicroelectronics.FP-SNS-FLIGHT1.5.1.0
2025-12-23 08:50:23,682 [INFO] LogOutputStream:77 - [STDOUT_REDIRECT] 1 : Invalid condition id : UX_CORESTACK_Condition cause : null
2025-12-23 08:50:23,682 [INFO] LogOutputStream:77 - [STDOUT_REDIRECT] 1 : Invalid condition id : UX_CORESTACK_Condition cause : null
2025-12-23 08:50:23,686 [INFO] LogOutputStream:77 - [STDOUT_REDIRECT] 1 : Invalid condition id : UX_CORESTACK_Condition cause : null
2025-12-23 08:50:23,689 [INFO] LogOutputStream:77 - [STDOUT_REDIRECT] 1 : Invalid condition id : UX_CORESTACK_Condition cause : null
2025-12-23 08:50:23,692 [INFO] LogOutputStream:77 - [STDOUT_REDIRECT] 1 : Invalid condition id : UX_CORESTACK_Condition cause : null
2025-12-23 08:50:23,699 [WARN] PackLoader:240 - Cannot read IP mode file for STMicroelectronics.X-CUBE-AZRTOS-WL.2.0.0
2025-12-23 08:50:23,708 [WARN] PackLoader:240 - Cannot read IP mode file for STMicroelectronics.FP-SNS-MOTENV1.5.0.0
2025-12-23 08:50:23,754 [WARN] PackLoader:240 - Cannot read IP mode file for STMicroelectronics.X-CUBE-AZRTOS-H7RS.1.2.0
2025-12-23 08:50:23,768 [WARN] PackLoader:240 - Cannot read IP mode file for STMicroelectronics.X-CUBE-BLE2.3.3.0
2025-12-23 08:50:23,839 [WARN] PackLoader:240 - Cannot read IP mode file for STMicroelectronics.X-CUBE-NFC9.1.0.0
2025-12-23 08:50:23,855 [WARN] PackLoader:240 - Cannot read IP mode file for wolfSSL.I-CUBE-wolfSSL.5.8.2
2025-12-23 08:50:23,865 [WARN] PackLoader:240 - Cannot read IP mode file for STMicroelectronics.X-CUBE-BLE1.7.1.0
2025-12-23 08:50:23,873 [WARN] PackLoader:240 - Cannot read IP mode file for wolfSSL.I-CUBE-wolfMQTT.1.19.2
2025-12-23 08:50:23,886 [WARN] PackLoader:240 - Cannot read IP mode file for STMicroelectronics.X-CUBE-FREERTOS.1.4.0
2025-12-23 08:50:23,899 [WARN] PackLoader:240 - Cannot read IP mode file for STMicroelectronics.X-CUBE-EEPRMA1.5.2.0
2025-12-23 08:50:23,915 [WARN] PackLoader:240 - Cannot read IP mode file for STMicroelectronics.X-CUBE-ST67W61.1.1.0
2025-12-23 08:50:24,018 [WARN] PackLoader:240 - Cannot read IP mode file for STMicroelectronics.X-CUBE-MEMS1.12.0.0
2025-12-23 08:50:24,267 [WARN] PackLoader:240 - Cannot read IP mode file for STMicroelectronics.X-CUBE-AZRTOS-G0.1.1.0
2025-12-23 08:50:24,280 [WARN] PackLoader:240 - Cannot read IP mode file for STMicroelectronics.X-CUBE-SAFEA1.1.2.2
2025-12-23 08:50:24,350 [WARN] PackLoader:240 - Cannot read IP mode file for STMicroelectronics.X-CUBE-NFC4.3.0.0
2025-12-23 08:50:24,370 [WARN] PackLoader:240 - Cannot read IP mode file for EmbeddedOffice.I-CUBE-FS-RTOS.1.0.1
2025-12-23 08:50:24,382 [WARN] PackLoader:240 - Cannot read IP mode file for STMicroelectronics.X-CUBE-WB05N.2.0.0
2025-12-23 08:50:24,394 [WARN] PackLoader:240 - Cannot read IP mode file for wolfSSL.I-CUBE-wolfTPM.3.8.0
2025-12-23 08:50:24,403 [WARN] PackLoader:240 - Cannot read IP mode file for STMicroelectronics.X-CUBE-TCPP.4.2.0
2025-12-23 08:50:24,417 [WARN] PackLoader:240 - Cannot read IP mode file for RealThread.X-CUBE-RT-Thread_Nano.4.1.1
2025-12-23 08:50:24,426 [WARN] PackLoader:240 - Cannot read IP mode file for STMicroelectronics.FP-ATR-SIGFOX1.3.2.0
2025-12-23 08:50:24,440 [WARN] PackLoader:240 - Cannot read IP mode file for ITTIA_DB.I-CUBE-ITTIADB.8.9.0
2025-12-23 08:50:24,451 [WARN] PackLoader:240 - Cannot read IP mode file for STMicroelectronics.X-CUBE-ST67W61.1.0.0
2025-12-23 08:50:24,462 [WARN] PackLoader:240 - Cannot read IP mode file for STMicroelectronics.X-CUBE-AI.10.2.0
2025-12-23 08:50:24,573 [WARN] PackLoader:240 - Cannot read IP mode file for SEGGER.I-CUBE-embOS.1.3.1
2025-12-23 08:50:24,689 [WARN] PackLoader:240 - Cannot read IP mode file for STMicroelectronics.X-CUBE-ALGOBUILD.1.4.0
2025-12-23 08:50:24,929 [WARN] PackLoader:240 - Cannot read IP mode file for STMicroelectronics.X-CUBE-MEMS1.11.3.0
2025-12-23 08:50:25,255 [WARN] PackLoader:240 - Cannot read IP mode file for STMicroelectronics.X-CUBE-PM33A1.1.0.0
2025-12-23 08:50:25,296 [WARN] PackLoader:240 - Cannot read IP mode file for STMicroelectronics.X-CUBE-AZRTOS-F4.1.1.0
2025-12-23 08:50:25,308 [WARN] PackLoader:240 - Cannot read IP mode file for Avnet-IotConnect.X-CUBE-IoTC-DA16k-PMOD.1.0.0
2025-12-23 08:50:25,314 [WARN] PackLoader:240 - Cannot read IP mode file for STMicroelectronics.X-CUBE-ISPU.2.1.0
2025-12-23 08:50:25,342 [WARN] PackLoader:240 - Cannot read IP mode file for STMicroelectronics.X-CUBE-IPS.3.2.0
2025-12-23 08:50:25,367 [WARN] PackLoader:240 - Cannot read IP mode file for STMicroelectronics.X-CUBE-NFC12.1.0.0
2025-12-23 08:50:25,397 [WARN] PackLoader:240 - Cannot read IP mode file for STMicroelectronics.X-CUBE-AZRTOS-L5.2.0.0
2025-12-23 08:50:25,413 [WARN] PackLoader:240 - Cannot read IP mode file for STMicroelectronics.X-CUBE-NFC6.3.1.0
2025-12-23 08:50:25,426 [WARN] PackLoader:240 - Cannot read IP mode file for STMicroelectronics.X-CUBE-FREERTOS.1.3.1
2025-12-23 08:50:25,436 [WARN] PackLoader:240 - Cannot read IP mode file for STMicroelectronics.X-CUBE-TOUCHGFX.4.26.0
2025-12-23 08:50:25,445 [WARN] PackLoader:240 - Cannot read IP mode file for STMicroelectronics.FP-SNS-STAIOTCFT.1.0.0
2025-12-23 08:50:25,456 [WARN] PackLoader:240 - Cannot read IP mode file for STMicroelectronics.X-CUBE-DPower.1.3.0
2025-12-23 08:50:25,488 [WARN] ConditionMgr:438 - getConditionDescription Invalid condition id : LAN8742 Phy interface Condition cause : null
2025-12-23 08:50:25,489 [WARN] PackLoader:240 - Cannot read IP mode file for STMicroelectronics.X-CUBE-AZRTOS-L4.2.0.0
2025-12-23 08:50:25,493 [WARN] ConditionMgr:1044 - genDependencies : Invalid condition id : LAN8742 Phy interface Condition cause : null
2025-12-23 08:50:25,493 [WARN] ConditionMgr:1044 - genDependencies : Invalid condition id : LAN8742 Phy interface Condition cause : null
2025-12-23 08:50:25,495 [WARN] ConditionMgr:1044 - genDependencies : Invalid condition id : LAN8742 Phy interface Condition cause : null
2025-12-23 08:50:25,544 [WARN] PackLoader:240 - Cannot read IP mode file for STMicroelectronics.X-CUBE-SFXS2LP1.4.0.0
2025-12-23 08:50:25,577 [WARN] PackLoader:240 - Cannot read IP mode file for STMicroelectronics.X-CUBE-BLEMGR.4.1.0
2025-12-23 08:50:25,623 [WARN] ConditionMgr:438 - getConditionDescription Invalid condition id : UX DEVICE CLASS RTOS Condition cause : null
2025-12-23 08:50:25,623 [WARN] ConditionMgr:438 - getConditionDescription Invalid condition id : UX DEVICE CLASS RTOS Condition cause : null
2025-12-23 08:50:25,635 [WARN] PackLoader:240 - Cannot read IP mode file for STMicroelectronics.X-CUBE-AZRTOS-WB.2.0.0
2025-12-23 08:50:25,636 [WARN] ConditionMgr:1044 - genDependencies : Invalid condition id : UX DEVICE CLASS RTOS Condition cause : null
2025-12-23 08:50:25,637 [WARN] ConditionMgr:1044 - genDependencies : Invalid condition id : UX DEVICE CLASS RTOS Condition cause : null
2025-12-23 08:50:25,638 [WARN] ConditionMgr:1044 - genDependencies : Invalid condition id : UX DEVICE CLASS RTOS Condition cause : null
2025-12-23 08:50:25,638 [WARN] ConditionMgr:1044 - genDependencies : Invalid condition id : UX DEVICE CLASS RTOS Condition cause : null
2025-12-23 08:50:25,639 [WARN] ConditionMgr:1044 - genDependencies : Invalid condition id : UX DEVICE CLASS RTOS Condition cause : null
2025-12-23 08:50:25,650 [WARN] PackLoader:240 - Cannot read IP mode file for STMicroelectronics.X-CUBE-GNSS1.7.0.1
2025-12-23 08:50:25,659 [WARN] PackLoader:240 - Cannot read IP mode file for STMicroelectronics.X-CUBE-TOUCHGFX.4.25.0
2025-12-23 08:50:25,668 [WARN] ConditionMgr:438 - getConditionDescription Invalid condition id : Cortex-A Device cause : null
2025-12-23 08:50:25,686 [WARN] ConditionMgr:1044 - genDependencies : Invalid condition id : Cortex-A Device cause : null
2025-12-23 08:50:25,686 [WARN] ConditionMgr:1044 - genDependencies : Invalid condition id : Cortex-A Device cause : null
2025-12-23 08:50:25,687 [WARN] ConditionMgr:1044 - genDependencies : Invalid condition id : Cortex-A Device cause : null
2025-12-23 08:50:25,713 [WARN] PackLoader:240 - Cannot read IP mode file for STMicroelectronics.X-CUBE-SUBG2.5.0.0
2025-12-23 08:50:25,768 [WARN] PackLoader:240 - Cannot read IP mode file for STMicroelectronics.X-CUBE-AZRTOS-H7RS.1.1.0
2025-12-23 08:50:25,782 [WARN] PackLoader:240 - Cannot read IP mode file for Cesanta.I-CUBE-Mongoose.7.13.0
2025-12-23 08:50:25,804 [WARN] PackLoader:240 - Cannot read IP mode file for STMicroelectronics.X-CUBE-AZRTOS-G4.2.0.0
2025-12-23 08:50:25,814 [WARN] PackLoader:240 - Cannot read IP mode file for wolfSSL.I-CUBE-wolfSSH.1.4.20
2025-12-23 08:50:25,822 [WARN] PackLoader:240 - Cannot read IP mode file for STMicroelectronics.X-CUBE-NFC7.2.0.0
2025-12-23 08:50:25,844 [WARN] PackLoader:240 - Cannot read IP mode file for STMicroelectronics.X-CUBE-IPS.3.1.0
2025-12-23 08:50:25,886 [WARN] PackLoader:240 - Cannot read IP mode file for STMicroelectronics.X-CUBE-ALS.1.0.2
2025-12-23 08:50:25,900 [WARN] PackLoader:240 - Cannot read IP mode file for STMicroelectronics.X-CUBE-STSE01.1.0.0
2025-12-23 08:50:25,923 [WARN] PackLoader:240 - Cannot read IP mode file for STMicroelectronics.X-CUBE-TOF1.3.4.3
2025-12-23 08:50:25,945 [INFO] ThirdParty:978 - Integrity check success = true
2025-12-23 08:50:25,945 [INFO] IntegrityCheckThread:100 - exiting critical section [integrity check]
2025-12-23 08:50:25,945 [INFO] IntegrityCheckThread:103 - End integrity checks thread
