2025-12-23 10:59:22,982 [INFO] Activator:176 - 


2025-12-23 10:59:22,986 [INFO] Activator:177 - !SESSION log4j initialized
2025-12-23 10:59:27,529 [INFO] LogOutputStream:77 - [STDOUT_REDIRECT] 
2025-12-23 10:59:36,657 [INFO] ApplicationProperties:184 - Using Application install path: C:\ST\STM32CubeIDE_1.19.0\STM32CubeIDE\plugins\com.st.stm32cube.common.mx_6.15.0.202507011659
2025-12-23 10:59:36,700 [INFO] DbMcusXml:78 - Set database path to: C:\ST\STM32CubeIDE_1.19.0\STM32CubeIDE\plugins\com.st.stm32cube.common.mx_6.15.0.202507011659\\db\/mcu/
2025-12-23 10:59:36,701 [INFO] ApiDb:274 - Set plugin database path to: C:\ST\STM32CubeIDE_1.19.0\STM32CubeIDE\plugins\com.st.stm32cube.common.mx_6.15.0.202507011659\\db\/plugins/boardmanager/
2025-12-23 10:59:36,706 [WARN] ApiDb:259 - Overriding images path with different value:  => C:\ST\STM32CubeIDE_1.19.0\STM32CubeIDE\plugins\com.st.stm32cube.common.mx_6.15.0.202507011659\\db\/plugins/mcufinder/images/
2025-12-23 10:59:36,724 [INFO] ApiDb:250 - Set database path to: C:\Users\ADMIN\.stmcufinder\plugins\mcufinder//mcu/
2025-12-23 10:59:36,727 [INFO] DbMcusAds:125 - Set database path to: C:\Users\ADMIN\.stmcufinder\plugins\mcufinder//mcu/
2025-12-23 10:59:36,733 [INFO] CrossReferenceDbSqlite:203 - Set database path to: C:\Users\ADMIN\.stmcufinder\plugins\mcufinder//mcu/cs/
2025-12-23 10:59:37,038 [INFO] RulesReader:64 - Compatibility file has been processed (317 Rules)
2025-12-23 10:59:37,236 [INFO] DbMcusXml:78 - Set database path to: C:\ST\STM32CubeIDE_1.19.0\STM32CubeIDE\plugins\com.st.stm32cube.common.mx_6.15.0.202507011659\\db\/mcu/
2025-12-23 10:59:37,237 [INFO] ApiDb:274 - Set plugin database path to: C:\ST\STM32CubeIDE_1.19.0\STM32CubeIDE\plugins\com.st.stm32cube.common.mx_6.15.0.202507011659\\db\/plugins/boardmanager/
2025-12-23 10:59:37,237 [INFO] ApiDb:261 - Set plugin images path to: C:\ST\STM32CubeIDE_1.19.0\STM32CubeIDE\plugins\com.st.stm32cube.common.mx_6.15.0.202507011659\\db\/plugins/mcufinder/images/
2025-12-23 10:59:37,238 [WARN] DbFile:41 - Overriding database path with different value: C:\Users\ADMIN\.stmcufinder\plugins\mcufinder/ => C:\Users\ADMIN\.stmcufinder\plugins\mcufinder
2025-12-23 10:59:37,240 [INFO] ApiDb:250 - Set database path to: C:\Users\ADMIN\.stmcufinder\plugins\mcufinder//mcu/
2025-12-23 10:59:37,240 [WARN] DbFile:41 - Overriding database path with different value: C:\Users\ADMIN\.stmcufinder\plugins\mcufinder/ => C:\Users\ADMIN\.stmcufinder\plugins\mcufinder
2025-12-23 10:59:37,240 [INFO] DbMcusAds:125 - Set database path to: C:\Users\ADMIN\.stmcufinder\plugins\mcufinder//mcu/
2025-12-23 10:59:37,240 [WARN] DbFile:41 - Overriding database path with different value: C:\Users\ADMIN\.stmcufinder\plugins\mcufinder/ => C:\Users\ADMIN\.stmcufinder\plugins\mcufinder
2025-12-23 10:59:37,240 [WARN] DbFile:41 - Overriding database path with different value: C:\Users\ADMIN\.stmcufinder\plugins\mcufinder/ => C:\Users\ADMIN\.stmcufinder\plugins\mcufinder
2025-12-23 10:59:37,241 [INFO] CrossReferenceDbSqlite:203 - Set database path to: C:\Users\ADMIN\.stmcufinder\plugins\mcufinder//mcu/cs/
2025-12-23 10:59:37,428 [INFO] MainPanel:274 - HeapMemory: 268435456
2025-12-23 10:59:37,651 [INFO] DbMcusXml:78 - Set database path to: C:\ST\STM32CubeIDE_1.19.0\STM32CubeIDE\plugins\com.st.stm32cube.common.mx_6.15.0.202507011659\\db\/mcu/
2025-12-23 10:59:37,651 [INFO] ApiDb:274 - Set plugin database path to: C:\ST\STM32CubeIDE_1.19.0\STM32CubeIDE\plugins\com.st.stm32cube.common.mx_6.15.0.202507011659\\db\/plugins/boardmanager/
2025-12-23 10:59:37,651 [INFO] ApiDb:261 - Set plugin images path to: C:\ST\STM32CubeIDE_1.19.0\STM32CubeIDE\plugins\com.st.stm32cube.common.mx_6.15.0.202507011659\\db\/plugins/mcufinder/images/
2025-12-23 10:59:37,652 [WARN] DbFile:41 - Overriding database path with different value: C:\Users\ADMIN\.stmcufinder\plugins\mcufinder/ => C:\Users\ADMIN\.stmcufinder\plugins\mcufinder
2025-12-23 10:59:37,652 [INFO] ApiDb:250 - Set database path to: C:\Users\ADMIN\.stmcufinder\plugins\mcufinder//mcu/
2025-12-23 10:59:37,652 [WARN] DbFile:41 - Overriding database path with different value: C:\Users\ADMIN\.stmcufinder\plugins\mcufinder/ => C:\Users\ADMIN\.stmcufinder\plugins\mcufinder
2025-12-23 10:59:37,653 [INFO] DbMcusAds:125 - Set database path to: C:\Users\ADMIN\.stmcufinder\plugins\mcufinder//mcu/
2025-12-23 10:59:37,653 [WARN] DbFile:41 - Overriding database path with different value: C:\Users\ADMIN\.stmcufinder\plugins\mcufinder/ => C:\Users\ADMIN\.stmcufinder\plugins\mcufinder
2025-12-23 10:59:37,653 [WARN] DbFile:41 - Overriding database path with different value: C:\Users\ADMIN\.stmcufinder\plugins\mcufinder/ => C:\Users\ADMIN\.stmcufinder\plugins\mcufinder
2025-12-23 10:59:37,654 [INFO] CrossReferenceDbSqlite:203 - Set database path to: C:\Users\ADMIN\.stmcufinder\plugins\mcufinder//mcu/cs/
2025-12-23 10:59:37,702 [INFO] ApplicationProperties:184 - Using Application install path: C:\ST\STM32CubeIDE_1.19.0\STM32CubeIDE\plugins\com.st.stm32cube.common.mx_6.15.0.202507011659
2025-12-23 10:59:37,706 [INFO] PluginManage:196 - Search for loadable plugins [exclusion list=, ]
2025-12-23 10:59:37,710 [INFO] PluginManage:310 - Check plugin analytics
2025-12-23 10:59:38,245 [INFO] AnalyticsPlugin:253 - Accepted Software Licenses: 
2025-12-23 10:59:38,246 [INFO] AnalyticsPlugin:255 - Accepted CMSIS Pack Licenses: 
2025-12-23 10:59:38,246 [INFO] AnalyticsPlugin:257 - Accepted Firmware Licenses: FW.F4.1.28.0
2025-12-23 10:59:38,258 [INFO] PluginManage:359 - Loaded plugin analytics (category:tool,tabindex:-1)
2025-12-23 10:59:38,260 [INFO] PluginManage:310 - Check plugin cadmodel
2025-12-23 10:59:38,271 [INFO] CADModel:105 - Init CAD model plugin
2025-12-23 10:59:38,271 [INFO] PluginManage:359 - Loaded plugin cadmodel (category:power,tabindex:5)
2025-12-23 10:59:38,271 [INFO] PluginManage:310 - Check plugin clock
2025-12-23 10:59:38,288 [INFO] PluginManage:359 - Loaded plugin clock (category:base,tabindex:2)
2025-12-23 10:59:38,288 [INFO] PluginManage:310 - Check plugin ddr
2025-12-23 10:59:38,293 [INFO] PluginManage:359 - Loaded plugin ddr (category:tool,tabindex:6)
2025-12-23 10:59:38,294 [INFO] PluginManage:310 - Check plugin filemanager
2025-12-23 10:59:38,792 [INFO] PluginManage:359 - Loaded plugin filemanager (category:base,tabindex:10)
2025-12-23 10:59:38,792 [INFO] PluginManage:310 - Check plugin ipmanager
2025-12-23 10:59:38,818 [INFO] PluginManage:359 - Loaded plugin ipmanager (category:base,tabindex:5)
2025-12-23 10:59:38,818 [INFO] PluginManage:310 - Check plugin lpbam
2025-12-23 10:59:38,838 [INFO] PluginManage:359 - Loaded plugin lpbam (category:base,tabindex:0)
2025-12-23 10:59:38,839 [INFO] PluginManage:310 - Check plugin memorymap
2025-12-23 10:59:38,872 [INFO] PluginManage:359 - Loaded plugin memorymap (category:base,tabindex:4)
2025-12-23 10:59:38,873 [INFO] PluginManage:310 - Check plugin pinoutandconfiguration
2025-12-23 10:59:38,895 [INFO] PluginManage:359 - Loaded plugin pinoutandconfiguration (category:base,tabindex:1)
2025-12-23 10:59:38,895 [INFO] PluginManage:310 - Check plugin pinoutconfig
2025-12-23 10:59:39,149 [WARN] SupportedApi:132 - Cannot load RTOS API schema: s4s-elt-must-match.1: The content of 'definitions' must match (annotation?, (simpleType | complexType)?, (unique | key | keyref)*)). A problem was found starting at: attribute.
2025-12-23 10:59:39,433 [INFO] PluginManage:359 - Loaded plugin pinoutconfig (category:base,tabindex:0)
2025-12-23 10:59:39,434 [INFO] PluginManage:310 - Check plugin power
2025-12-23 10:59:39,456 [INFO] PluginManage:359 - Loaded plugin power (category:power,tabindex:4)
2025-12-23 10:59:39,457 [INFO] PluginManage:310 - Check plugin projectmanager
2025-12-23 10:59:39,497 [INFO] PluginManage:359 - Loaded plugin projectmanager (category:projectmanager,tabindex:4)
2025-12-23 10:59:39,498 [INFO] PluginManage:310 - Check plugin rif
2025-12-23 10:59:39,514 [INFO] PluginManage:359 - Loaded plugin rif (category:base,tabindex:3)
2025-12-23 10:59:39,514 [INFO] PluginManage:310 - Check plugin thirdparty
2025-12-23 10:59:39,810 [INFO] PluginManage:359 - Loaded plugin thirdparty (category:base,tabindex:-1)
2025-12-23 10:59:39,810 [INFO] PluginManage:310 - Check plugin tools
2025-12-23 10:59:39,809 [WARN] IntegrityCheckThread:84 - waiting for thirdparty lock release [integrity check]
2025-12-23 10:59:39,815 [INFO] IntegrityCheckThread:86 - entering critical section [integrity check]
2025-12-23 10:59:39,815 [INFO] PluginManage:359 - Loaded plugin tools (category:base,tabindex:7)
2025-12-23 10:59:39,816 [INFO] PluginManage:310 - Check plugin tutovideos
2025-12-23 10:59:39,816 [INFO] ThirdPartyUpdaterWithRetryManager:70 - Updater plugin not ready yet. [1/15]
2025-12-23 10:59:40,209 [INFO] PluginManage:359 - Loaded plugin tutovideos (category:base,tabindex:-1)
2025-12-23 10:59:40,209 [INFO] PluginManage:310 - Check plugin updater
2025-12-23 10:59:40,263 [INFO] PluginManage:359 - Loaded plugin updater (category:base,tabindex:12)
2025-12-23 10:59:40,263 [INFO] PluginManage:310 - Check plugin userauth
2025-12-23 10:59:40,275 [INFO] UserAuth:118 - Init User Auth plugin
2025-12-23 10:59:40,276 [INFO] PluginManage:359 - Loaded plugin userauth (category:base,tabindex:14)
2025-12-23 10:59:40,277 [INFO] PluginManage:283 - PluginManage : Loaded plugins [18]
2025-12-23 10:59:40,859 [INFO] PinOutPanel:1589 - setPackage(No Configuration,No Configuration)
2025-12-23 10:59:41,061 [INFO] CADModel:165 - CPN selected for project level
2025-12-23 10:59:41,062 [INFO] CADModel:114 - Register for checkConnection events
2025-12-23 10:59:41,099 [INFO] IPUIPlugin:80 - create IPUIPlugin
2025-12-23 10:59:41,099 [INFO] PluginManager:220 - loadIPPluginJar : add adc
2025-12-23 10:59:41,106 [INFO] IPUIPlugin:80 - create IPUIPlugin
2025-12-23 10:59:41,107 [INFO] PluginManager:220 - loadIPPluginJar : add aes
2025-12-23 10:59:41,112 [INFO] IPUIPlugin:80 - create IPUIPlugin
2025-12-23 10:59:41,113 [INFO] PluginManager:220 - loadIPPluginJar : add can
2025-12-23 10:59:41,116 [INFO] IPUIPlugin:80 - create IPUIPlugin
2025-12-23 10:59:41,117 [INFO] PluginManager:220 - loadIPPluginJar : add comp
2025-12-23 10:59:41,122 [INFO] IPUIPlugin:80 - create IPUIPlugin
2025-12-23 10:59:41,122 [INFO] PluginManager:220 - loadIPPluginJar : add cryp
2025-12-23 10:59:41,126 [INFO] IPUIPlugin:80 - create IPUIPlugin
2025-12-23 10:59:41,126 [INFO] PluginManager:220 - loadIPPluginJar : add ddr_ctrl_phy
2025-12-23 10:59:41,130 [INFO] IPUIPlugin:80 - create IPUIPlugin
2025-12-23 10:59:41,130 [INFO] PluginManager:220 - loadIPPluginJar : add dfsdm
2025-12-23 10:59:41,139 [INFO] IPUIPlugin:80 - create IPUIPlugin
2025-12-23 10:59:41,140 [INFO] PluginManager:220 - loadIPPluginJar : add dma
2025-12-23 10:59:41,144 [INFO] IPUIPlugin:80 - create IPUIPlugin
2025-12-23 10:59:41,144 [INFO] PluginManager:220 - loadIPPluginJar : add dma3
2025-12-23 10:59:41,148 [INFO] IPUIPlugin:80 - create IPUIPlugin
2025-12-23 10:59:41,149 [INFO] PluginManager:220 - loadIPPluginJar : add extmemmanager
2025-12-23 10:59:41,152 [INFO] IPUIPlugin:80 - create IPUIPlugin
2025-12-23 10:59:41,152 [INFO] PluginManager:220 - loadIPPluginJar : add fatfs
2025-12-23 10:59:41,162 [INFO] IPUIPlugin:80 - create IPUIPlugin
2025-12-23 10:59:41,162 [INFO] PluginManager:220 - loadIPPluginJar : add fmc
2025-12-23 10:59:41,174 [INFO] IPUIPlugin:80 - create IPUIPlugin
2025-12-23 10:59:41,174 [INFO] PluginManager:220 - loadIPPluginJar : add freertos
2025-12-23 10:59:41,178 [INFO] IPUIPlugin:80 - create IPUIPlugin
2025-12-23 10:59:41,178 [INFO] PluginManager:220 - loadIPPluginJar : add genericplugin
2025-12-23 10:59:41,183 [INFO] IPUIPlugin:80 - create IPUIPlugin
2025-12-23 10:59:41,184 [INFO] PluginManager:220 - loadIPPluginJar : add gfxmmu
2025-12-23 10:59:41,195 [INFO] IPUIPlugin:80 - create IPUIPlugin
2025-12-23 10:59:41,196 [INFO] PluginManager:220 - loadIPPluginJar : add gic
2025-12-23 10:59:41,206 [INFO] IPUIPlugin:80 - create IPUIPlugin
2025-12-23 10:59:41,207 [INFO] PluginManager:220 - loadIPPluginJar : add gpio
2025-12-23 10:59:41,215 [INFO] IPUIPlugin:80 - create IPUIPlugin
2025-12-23 10:59:41,216 [INFO] PluginManager:220 - loadIPPluginJar : add gtzc
2025-12-23 10:59:41,223 [INFO] IPUIPlugin:80 - create IPUIPlugin
2025-12-23 10:59:41,223 [INFO] PluginManager:220 - loadIPPluginJar : add hash
2025-12-23 10:59:41,230 [INFO] IPUIPlugin:80 - create IPUIPlugin
2025-12-23 10:59:41,230 [INFO] PluginManager:220 - loadIPPluginJar : add i2c
2025-12-23 10:59:41,239 [INFO] IPUIPlugin:80 - create IPUIPlugin
2025-12-23 10:59:41,240 [INFO] PluginManager:220 - loadIPPluginJar : add i2s
2025-12-23 10:59:41,248 [INFO] IPUIPlugin:80 - create IPUIPlugin
2025-12-23 10:59:41,249 [INFO] PluginManager:220 - loadIPPluginJar : add i3c
2025-12-23 10:59:41,257 [INFO] IPUIPlugin:80 - create IPUIPlugin
2025-12-23 10:59:41,257 [INFO] PluginManager:220 - loadIPPluginJar : add ipddr
2025-12-23 10:59:41,277 [INFO] IPUIPlugin:80 - create IPUIPlugin
2025-12-23 10:59:41,278 [INFO] PluginManager:220 - loadIPPluginJar : add linkedlist
2025-12-23 10:59:41,289 [INFO] IPUIPlugin:80 - create IPUIPlugin
2025-12-23 10:59:41,289 [INFO] PluginManager:220 - loadIPPluginJar : add lorawan
2025-12-23 10:59:41,293 [INFO] IPUIPlugin:80 - create IPUIPlugin
2025-12-23 10:59:41,293 [INFO] PluginManager:220 - loadIPPluginJar : add ltdc
2025-12-23 10:59:41,308 [INFO] IPUIPlugin:80 - create IPUIPlugin
2025-12-23 10:59:41,308 [INFO] PluginManager:220 - loadIPPluginJar : add mdma
2025-12-23 10:59:41,317 [INFO] IPUIPlugin:80 - create IPUIPlugin
2025-12-23 10:59:41,317 [INFO] PluginManager:220 - loadIPPluginJar : add nvic
2025-12-23 10:59:41,326 [INFO] IPUIPlugin:80 - create IPUIPlugin
2025-12-23 10:59:41,327 [INFO] PluginManager:220 - loadIPPluginJar : add opamp
2025-12-23 10:59:41,332 [INFO] IPUIPlugin:80 - create IPUIPlugin
2025-12-23 10:59:41,333 [INFO] PluginManager:220 - loadIPPluginJar : add openamp
2025-12-23 10:59:41,343 [INFO] IPUIPlugin:80 - create IPUIPlugin
2025-12-23 10:59:41,344 [INFO] PluginManager:220 - loadIPPluginJar : add pdm2pcm
2025-12-23 10:59:41,360 [INFO] IPUIPlugin:80 - create IPUIPlugin
2025-12-23 10:59:41,368 [INFO] PluginManager:220 - loadIPPluginJar : add plateformsettings
2025-12-23 10:59:41,374 [INFO] IPUIPlugin:80 - create IPUIPlugin
2025-12-23 10:59:41,375 [INFO] PluginManager:220 - loadIPPluginJar : add quadspi
2025-12-23 10:59:41,381 [INFO] IPUIPlugin:80 - create IPUIPlugin
2025-12-23 10:59:41,385 [INFO] PluginManager:220 - loadIPPluginJar : add radio
2025-12-23 10:59:41,394 [INFO] IPUIPlugin:80 - create IPUIPlugin
2025-12-23 10:59:41,394 [INFO] PluginManager:220 - loadIPPluginJar : add resmgrutility
2025-12-23 10:59:41,403 [INFO] IPUIPlugin:80 - create IPUIPlugin
2025-12-23 10:59:41,404 [INFO] PluginManager:220 - loadIPPluginJar : add sai
2025-12-23 10:59:41,410 [INFO] IPUIPlugin:80 - create IPUIPlugin
2025-12-23 10:59:41,411 [INFO] PluginManager:220 - loadIPPluginJar : add spi
2025-12-23 10:59:41,425 [INFO] IPUIPlugin:80 - create IPUIPlugin
2025-12-23 10:59:41,426 [INFO] PluginManager:220 - loadIPPluginJar : add stm32_wpan
2025-12-23 10:59:41,430 [INFO] IPUIPlugin:80 - create IPUIPlugin
2025-12-23 10:59:41,431 [INFO] PluginManager:220 - loadIPPluginJar : add tim
2025-12-23 10:59:41,441 [INFO] IPUIPlugin:80 - create IPUIPlugin
2025-12-23 10:59:41,441 [INFO] PluginManager:220 - loadIPPluginJar : add touchsensing
2025-12-23 10:59:41,447 [INFO] IPUIPlugin:80 - create IPUIPlugin
2025-12-23 10:59:41,448 [INFO] PluginManager:220 - loadIPPluginJar : add tracer_emb
2025-12-23 10:59:41,452 [INFO] IPUIPlugin:80 - create IPUIPlugin
2025-12-23 10:59:41,453 [INFO] PluginManager:220 - loadIPPluginJar : add ts
2025-12-23 10:59:41,458 [INFO] IPUIPlugin:80 - create IPUIPlugin
2025-12-23 10:59:41,458 [INFO] PluginManager:220 - loadIPPluginJar : add tsc
2025-12-23 10:59:41,468 [INFO] IPUIPlugin:80 - create IPUIPlugin
2025-12-23 10:59:41,468 [INFO] PluginManager:220 - loadIPPluginJar : add ucpd
2025-12-23 10:59:41,475 [INFO] IPUIPlugin:80 - create IPUIPlugin
2025-12-23 10:59:41,475 [INFO] PluginManager:220 - loadIPPluginJar : add usart
2025-12-23 10:59:41,483 [INFO] IPUIPlugin:80 - create IPUIPlugin
2025-12-23 10:59:41,483 [INFO] PluginManager:220 - loadIPPluginJar : add usbx
2025-12-23 10:59:41,745 [FATAL] Updater:351 - Updater called before beeing initialized
2025-12-23 10:59:41,804 [INFO] RulesReader:64 - Compatibility file has been processed (317 Rules)
2025-12-23 10:59:41,829 [INFO] RulesReader:64 - Compatibility file has been processed (317 Rules)
2025-12-23 10:59:41,843 [INFO] CADModel:165 - CPN selected for project level
2025-12-23 10:59:41,843 [INFO] CADModel:114 - Register for checkConnection events
2025-12-23 10:59:41,843 [FATAL] Updater:351 - Updater called before beeing initialized
2025-12-23 10:59:41,843 [ERROR] CADModel:125 - Updater not yet initialized, retry later 
2025-12-23 10:59:42,089 [FATAL] Updater:351 - Updater called before beeing initialized
2025-12-23 10:59:42,092 [INFO] CADModel:165 - CPN selected for project level
2025-12-23 10:59:42,092 [INFO] CADModel:114 - Register for checkConnection events
2025-12-23 10:59:42,092 [FATAL] Updater:351 - Updater called before beeing initialized
2025-12-23 10:59:42,092 [ERROR] CADModel:125 - Updater not yet initialized, retry later 
2025-12-23 10:59:42,099 [FATAL] Updater:351 - Updater called before beeing initialized
2025-12-23 10:59:42,350 [FATAL] Updater:351 - Updater called before beeing initialized
2025-12-23 10:59:42,358 [INFO] DbMcusAds:53 - JSON generation date=Tue Dec 16 04:41:46 IST 2025 (1765840306612)
2025-12-23 10:59:42,358 [FATAL] Updater:351 - Updater called before beeing initialized
2025-12-23 10:59:42,430 [WARN] DetailPanel:346 - Failed to get advertising image, set to default
2025-12-23 10:59:42,581 [FATAL] Updater:351 - Updater called before beeing initialized
2025-12-23 10:59:42,584 [FATAL] Updater:351 - Updater called before beeing initialized
2025-12-23 10:59:42,584 [FATAL] Updater:351 - Updater called before beeing initialized
2025-12-23 10:59:42,585 [WARN] DetailPanel:346 - Failed to get advertising image, set to default
2025-12-23 10:59:42,586 [FATAL] Updater:351 - Updater called before beeing initialized
2025-12-23 10:59:42,684 [ERROR] Updater:1198 - MainUpdater not yet initialized. External WinMGr cannot be set.
2025-12-23 10:59:42,687 [INFO] Updater:1134 - Updater Version found : 6.15.0
2025-12-23 10:59:42,713 [INFO] ApplicationProperties:184 - Using Application install path: C:\ST\STM32CubeIDE_1.19.0\STM32CubeIDE\plugins\com.st.stm32cube.common.mx_6.15.0.202507011659
2025-12-23 10:59:42,817 [INFO] ThirdPartyUpdaterWithRetryManager:70 - Updater plugin not ready yet. [2/15]
2025-12-23 10:59:43,456 [INFO] MainUpdater:2872 - connection check result : 10
2025-12-23 10:59:43,460 [INFO] MainUpdater:289 - Updater Check For Update Now.
2025-12-23 10:59:43,461 [INFO] MicroXplorer:498 - Change Database Version : DB.6.0.150
2025-12-23 10:59:43,482 [INFO] McuFinderGlobals:63 - Set McuFinder mode to 2 (CubeIDE integrated)
2025-12-23 10:59:43,485 [INFO] UserAuth:487 - Internet connection configuration mode: 1
2025-12-23 10:59:43,590 [INFO] JxBrowserEngine:152 - Initiate JxBrowser Engine with user profile folder
2025-12-23 10:59:43,892 [INFO] CheckServerUpdateThread:120 - End of CheckServer Thread
2025-12-23 10:59:44,961 [INFO] WebApp:169 - Instantiating new browser for Auth
2025-12-23 10:59:46,514 [WARN] PackLoader:240 - Cannot read IP mode file for STMicroelectronics.FP-SNS-MOTENVWB1.1.4.0
2025-12-23 10:59:46,570 [WARN] PackLoader:240 - Cannot read IP mode file for STMicroelectronics.FP-ATR-ASTRA1.2.0.2
2025-12-23 10:59:46,589 [WARN] PackLoader:240 - Cannot read IP mode file for STMicroelectronics.X-CUBE-SMBUS.2.1.0
2025-12-23 10:59:46,602 [WARN] PackLoader:240 - Cannot read IP mode file for STMicroelectronics.X-CUBE-ST60.1.0.0
2025-12-23 10:59:46,688 [WARN] PackLoader:240 - Cannot read IP mode file for STMicroelectronics.X-CUBE-AZRTOS-F7.1.1.0
2025-12-23 10:59:46,732 [WARN] PackLoader:240 - Cannot read IP mode file for STMicroelectronics.FP-SNS-MOTENV1.5.1.0
2025-12-23 10:59:46,766 [WARN] PackLoader:240 - Cannot read IP mode file for WES.I-CUBE-Cesium.1.4.0
2025-12-23 10:59:46,851 [WARN] PackLoader:240 - Cannot read IP mode file for Infineon.AIROC-Wi-Fi-Bluetooth-STM32.1.7.1
2025-12-23 10:59:46,948 [WARN] PackLoader:240 - Cannot read IP mode file for STMicroelectronics.X-CUBE-AZRTOS-H7.3.4.0
2025-12-23 10:59:46,986 [WARN] PackLoader:240 - Cannot read IP mode file for STMicroelectronics.X-CUBE-DISPLAY.3.0.0
2025-12-23 10:59:47,026 [WARN] PackLoader:240 - Cannot read IP mode file for STMicroelectronics.X-CUBE-NFC10.1.0.0
2025-12-23 10:59:47,056 [WARN] PackLoader:240 - Cannot read IP mode file for STMicroelectronics.X-CUBE-ST60.1.1.0
2025-12-23 10:59:47,090 [WARN] PackLoader:240 - Cannot read IP mode file for emotas.I-CUBE-CANOPEN.1.3.0
2025-12-23 10:59:47,111 [WARN] PackLoader:240 - Cannot read IP mode file for STMicroelectronics.X-CUBE-GNSS1.7.1.0
2025-12-23 10:59:47,133 [WARN] PackLoader:240 - Cannot read IP mode file for STMicroelectronics.FP-SNS-STBOX1.2.1.0
2025-12-23 10:59:47,151 [WARN] PackLoader:240 - Cannot read IP mode file for STMicroelectronics.FP-SNS-SMARTAG2.1.2.0
2025-12-23 10:59:47,181 [WARN] PackLoader:240 - Cannot read IP mode file for STMicroelectronics.FP-SNS-FLIGHT1.5.1.0
2025-12-23 10:59:47,213 [INFO] LogOutputStream:77 - [STDOUT_REDIRECT] 1 : Invalid condition id : UX_CORESTACK_Condition cause : null
2025-12-23 10:59:47,214 [INFO] LogOutputStream:77 - [STDOUT_REDIRECT] 1 : Invalid condition id : UX_CORESTACK_Condition cause : null
2025-12-23 10:59:47,218 [INFO] LogOutputStream:77 - [STDOUT_REDIRECT] 1 : Invalid condition id : UX_CORESTACK_Condition cause : null
2025-12-23 10:59:47,260 [INFO] LogOutputStream:77 - [STDOUT_REDIRECT] 1 : Invalid condition id : UX_CORESTACK_Condition cause : null
2025-12-23 10:59:47,264 [INFO] LogOutputStream:77 - [STDOUT_REDIRECT] 1 : Invalid condition id : UX_CORESTACK_Condition cause : null
2025-12-23 10:59:47,272 [WARN] PackLoader:240 - Cannot read IP mode file for STMicroelectronics.X-CUBE-AZRTOS-WL.2.0.0
2025-12-23 10:59:47,282 [WARN] PackLoader:240 - Cannot read IP mode file for STMicroelectronics.FP-SNS-MOTENV1.5.0.0
2025-12-23 10:59:47,330 [WARN] PackLoader:240 - Cannot read IP mode file for STMicroelectronics.X-CUBE-AZRTOS-H7RS.1.2.0
2025-12-23 10:59:47,347 [WARN] PackLoader:240 - Cannot read IP mode file for STMicroelectronics.X-CUBE-BLE2.3.3.0
2025-12-23 10:59:47,454 [WARN] PackLoader:240 - Cannot read IP mode file for STMicroelectronics.X-CUBE-NFC9.1.0.0
2025-12-23 10:59:47,470 [WARN] PackLoader:240 - Cannot read IP mode file for wolfSSL.I-CUBE-wolfSSL.5.8.2
2025-12-23 10:59:47,482 [WARN] PackLoader:240 - Cannot read IP mode file for STMicroelectronics.X-CUBE-BLE1.7.1.0
2025-12-23 10:59:47,491 [WARN] PackLoader:240 - Cannot read IP mode file for wolfSSL.I-CUBE-wolfMQTT.1.19.2
2025-12-23 10:59:47,505 [WARN] PackLoader:240 - Cannot read IP mode file for STMicroelectronics.X-CUBE-FREERTOS.1.4.0
2025-12-23 10:59:47,554 [WARN] PackLoader:240 - Cannot read IP mode file for STMicroelectronics.X-CUBE-EEPRMA1.5.2.0
2025-12-23 10:59:47,608 [WARN] PackLoader:240 - Cannot read IP mode file for STMicroelectronics.X-CUBE-ST67W61.1.1.0
2025-12-23 10:59:47,876 [WARN] PackLoader:240 - Cannot read IP mode file for STMicroelectronics.X-CUBE-MEMS1.12.0.0
2025-12-23 10:59:48,424 [WARN] PackLoader:240 - Cannot read IP mode file for STMicroelectronics.X-CUBE-AZRTOS-G0.1.1.0
2025-12-23 10:59:48,460 [WARN] PackLoader:240 - Cannot read IP mode file for STMicroelectronics.X-CUBE-SAFEA1.1.2.2
2025-12-23 10:59:48,486 [WARN] PackLoader:240 - Cannot read IP mode file for STMicroelectronics.X-CUBE-NFC4.3.0.0
2025-12-23 10:59:48,514 [WARN] PackLoader:240 - Cannot read IP mode file for EmbeddedOffice.I-CUBE-FS-RTOS.1.0.1
2025-12-23 10:59:48,542 [WARN] PackLoader:240 - Cannot read IP mode file for STMicroelectronics.X-CUBE-WB05N.2.0.0
2025-12-23 10:59:48,551 [WARN] PackLoader:240 - Cannot read IP mode file for wolfSSL.I-CUBE-wolfTPM.3.8.0
2025-12-23 10:59:48,563 [WARN] PackLoader:240 - Cannot read IP mode file for STMicroelectronics.X-CUBE-TCPP.4.2.0
2025-12-23 10:59:48,576 [WARN] PackLoader:240 - Cannot read IP mode file for RealThread.X-CUBE-RT-Thread_Nano.4.1.1
2025-12-23 10:59:48,605 [WARN] PackLoader:240 - Cannot read IP mode file for STMicroelectronics.FP-ATR-SIGFOX1.3.2.0
2025-12-23 10:59:48,618 [WARN] PackLoader:240 - Cannot read IP mode file for ITTIA_DB.I-CUBE-ITTIADB.8.9.0
2025-12-23 10:59:48,630 [WARN] PackLoader:240 - Cannot read IP mode file for STMicroelectronics.X-CUBE-ST67W61.1.0.0
2025-12-23 10:59:48,639 [WARN] PackLoader:240 - Cannot read IP mode file for STMicroelectronics.X-CUBE-AI.10.2.0
2025-12-23 10:59:48,697 [WARN] PackLoader:240 - Cannot read IP mode file for SEGGER.I-CUBE-embOS.1.3.1
2025-12-23 10:59:48,828 [WARN] PackLoader:240 - Cannot read IP mode file for STMicroelectronics.X-CUBE-ALGOBUILD.1.4.0
2025-12-23 10:59:48,937 [WARN] PackLoader:240 - Cannot read IP mode file for STMicroelectronics.X-CUBE-MEMS1.11.3.0
2025-12-23 10:59:49,663 [WARN] PackLoader:240 - Cannot read IP mode file for STMicroelectronics.X-CUBE-PM33A1.1.0.0
2025-12-23 10:59:49,798 [WARN] PackLoader:240 - Cannot read IP mode file for STMicroelectronics.X-CUBE-AZRTOS-F4.1.1.0
2025-12-23 10:59:49,822 [WARN] PackLoader:240 - Cannot read IP mode file for Avnet-IotConnect.X-CUBE-IoTC-DA16k-PMOD.1.0.0
2025-12-23 10:59:49,830 [WARN] PackLoader:240 - Cannot read IP mode file for STMicroelectronics.X-CUBE-ISPU.2.1.0
2025-12-23 10:59:49,859 [WARN] PackLoader:240 - Cannot read IP mode file for STMicroelectronics.X-CUBE-IPS.3.2.0
2025-12-23 10:59:49,882 [WARN] PackLoader:240 - Cannot read IP mode file for STMicroelectronics.X-CUBE-NFC12.1.0.0
2025-12-23 10:59:49,903 [INFO] WebApp:463 - Apply proxy settings
2025-12-23 10:59:49,904 [INFO] WebApp:548 - Chromium requires no authentication
2025-12-23 10:59:49,926 [INFO] WebApp:491 - Direct internet connection detected
2025-12-23 10:59:49,949 [WARN] PackLoader:240 - Cannot read IP mode file for STMicroelectronics.X-CUBE-AZRTOS-L5.2.0.0
2025-12-23 10:59:49,969 [WARN] PackLoader:240 - Cannot read IP mode file for STMicroelectronics.X-CUBE-NFC6.3.1.0
2025-12-23 10:59:49,981 [WARN] PackLoader:240 - Cannot read IP mode file for STMicroelectronics.X-CUBE-FREERTOS.1.3.1
2025-12-23 10:59:49,992 [WARN] PackLoader:240 - Cannot read IP mode file for STMicroelectronics.X-CUBE-TOUCHGFX.4.26.0
2025-12-23 10:59:50,001 [WARN] PackLoader:240 - Cannot read IP mode file for STMicroelectronics.FP-SNS-STAIOTCFT.1.0.0
2025-12-23 10:59:50,011 [WARN] PackLoader:240 - Cannot read IP mode file for STMicroelectronics.X-CUBE-DPower.1.3.0
2025-12-23 10:59:50,028 [INFO] WebApp:900 - Register for checkConnection events
2025-12-23 10:59:50,029 [INFO] WebApp:463 - Apply proxy settings
2025-12-23 10:59:50,029 [INFO] WebApp:548 - Chromium requires no authentication
2025-12-23 10:59:50,030 [INFO] WebApp:491 - Direct internet connection detected
2025-12-23 10:59:50,075 [WARN] ConditionMgr:438 - getConditionDescription Invalid condition id : LAN8742 Phy interface Condition cause : null
2025-12-23 10:59:50,077 [WARN] PackLoader:240 - Cannot read IP mode file for STMicroelectronics.X-CUBE-AZRTOS-L4.2.0.0
2025-12-23 10:59:50,079 [WARN] ConditionMgr:1044 - genDependencies : Invalid condition id : LAN8742 Phy interface Condition cause : null
2025-12-23 10:59:50,080 [WARN] ConditionMgr:1044 - genDependencies : Invalid condition id : LAN8742 Phy interface Condition cause : null
2025-12-23 10:59:50,081 [WARN] ConditionMgr:1044 - genDependencies : Invalid condition id : LAN8742 Phy interface Condition cause : null
2025-12-23 10:59:50,095 [WARN] PackLoader:240 - Cannot read IP mode file for STMicroelectronics.X-CUBE-SFXS2LP1.4.0.0
2025-12-23 10:59:50,117 [WARN] PackLoader:240 - Cannot read IP mode file for STMicroelectronics.X-CUBE-BLEMGR.4.1.0
2025-12-23 10:59:50,186 [WARN] ConditionMgr:438 - getConditionDescription Invalid condition id : UX DEVICE CLASS RTOS Condition cause : null
2025-12-23 10:59:50,187 [WARN] ConditionMgr:438 - getConditionDescription Invalid condition id : UX DEVICE CLASS RTOS Condition cause : null
2025-12-23 10:59:50,192 [WARN] PackLoader:240 - Cannot read IP mode file for STMicroelectronics.X-CUBE-AZRTOS-WB.2.0.0
2025-12-23 10:59:50,194 [WARN] ConditionMgr:1044 - genDependencies : Invalid condition id : UX DEVICE CLASS RTOS Condition cause : null
2025-12-23 10:59:50,195 [WARN] ConditionMgr:1044 - genDependencies : Invalid condition id : UX DEVICE CLASS RTOS Condition cause : null
2025-12-23 10:59:50,195 [WARN] ConditionMgr:1044 - genDependencies : Invalid condition id : UX DEVICE CLASS RTOS Condition cause : null
2025-12-23 10:59:50,196 [WARN] ConditionMgr:1044 - genDependencies : Invalid condition id : UX DEVICE CLASS RTOS Condition cause : null
2025-12-23 10:59:50,196 [WARN] ConditionMgr:1044 - genDependencies : Invalid condition id : UX DEVICE CLASS RTOS Condition cause : null
2025-12-23 10:59:50,206 [WARN] PackLoader:240 - Cannot read IP mode file for STMicroelectronics.X-CUBE-GNSS1.7.0.1
2025-12-23 10:59:50,212 [WARN] PackLoader:240 - Cannot read IP mode file for STMicroelectronics.X-CUBE-TOUCHGFX.4.25.0
2025-12-23 10:59:50,226 [WARN] ConditionMgr:438 - getConditionDescription Invalid condition id : Cortex-A Device cause : null
2025-12-23 10:59:50,272 [WARN] ConditionMgr:1044 - genDependencies : Invalid condition id : Cortex-A Device cause : null
2025-12-23 10:59:50,273 [WARN] ConditionMgr:1044 - genDependencies : Invalid condition id : Cortex-A Device cause : null
2025-12-23 10:59:50,273 [WARN] ConditionMgr:1044 - genDependencies : Invalid condition id : Cortex-A Device cause : null
2025-12-23 10:59:50,296 [WARN] PackLoader:240 - Cannot read IP mode file for STMicroelectronics.X-CUBE-SUBG2.5.0.0
2025-12-23 10:59:50,357 [WARN] PackLoader:240 - Cannot read IP mode file for STMicroelectronics.X-CUBE-AZRTOS-H7RS.1.1.0
2025-12-23 10:59:50,375 [WARN] PackLoader:240 - Cannot read IP mode file for Cesanta.I-CUBE-Mongoose.7.13.0
2025-12-23 10:59:50,408 [WARN] PackLoader:240 - Cannot read IP mode file for STMicroelectronics.X-CUBE-AZRTOS-G4.2.0.0
2025-12-23 10:59:50,422 [WARN] PackLoader:240 - Cannot read IP mode file for wolfSSL.I-CUBE-wolfSSH.1.4.20
2025-12-23 10:59:50,460 [WARN] PackLoader:240 - Cannot read IP mode file for STMicroelectronics.X-CUBE-NFC7.2.0.0
2025-12-23 10:59:50,489 [WARN] PackLoader:240 - Cannot read IP mode file for STMicroelectronics.X-CUBE-IPS.3.1.0
2025-12-23 10:59:50,558 [WARN] PackLoader:240 - Cannot read IP mode file for STMicroelectronics.X-CUBE-ALS.1.0.2
2025-12-23 10:59:50,578 [WARN] PackLoader:240 - Cannot read IP mode file for STMicroelectronics.X-CUBE-STSE01.1.0.0
2025-12-23 10:59:50,749 [WARN] PackLoader:240 - Cannot read IP mode file for STMicroelectronics.X-CUBE-TOF1.3.4.3
2025-12-23 10:59:50,938 [INFO] ThirdParty:978 - Integrity check success = true
2025-12-23 10:59:50,939 [INFO] IntegrityCheckThread:100 - exiting critical section [integrity check]
2025-12-23 10:59:50,939 [INFO] IntegrityCheckThread:103 - End integrity checks thread
2025-12-23 10:59:51,279 [INFO] WebApp:225 - Starting web application
2025-12-23 10:59:51,279 [INFO] WebApp:593 - Web application path used C:\ST\STM32CubeIDE_1.19.0\STM32CubeIDE\plugins\com.st.stm32cube.common.mx_6.15.0.202507011659\db\plugins\mcufinder\reactClient1\index.html
2025-12-23 10:59:51,704 [INFO] UserAuth:487 - Internet connection configuration mode: 1
2025-12-23 10:59:51,815 [ERROR] LogOutputStream:75 - [STDERR_REDIRECT] 
2025-12-23 11:03:52,253 [INFO] Activator:176 - 


2025-12-23 11:03:52,257 [INFO] Activator:177 - !SESSION log4j initialized
2025-12-23 11:03:57,633 [INFO] LogOutputStream:77 - [STDOUT_REDIRECT] 
2025-12-23 11:04:02,463 [ERROR] ConfigurationRetriever:142 - IOException on connection: Connect timed out
2025-12-23 11:04:43,294 [INFO] ApplicationProperties:184 - Using Application install path: C:\ST\STM32CubeIDE_1.19.0\STM32CubeIDE\plugins\com.st.stm32cube.common.mx_6.15.0.202507011659
2025-12-23 11:04:43,333 [INFO] DbMcusXml:78 - Set database path to: C:\ST\STM32CubeIDE_1.19.0\STM32CubeIDE\plugins\com.st.stm32cube.common.mx_6.15.0.202507011659\\db\/mcu/
2025-12-23 11:04:43,334 [INFO] ApiDb:274 - Set plugin database path to: C:\ST\STM32CubeIDE_1.19.0\STM32CubeIDE\plugins\com.st.stm32cube.common.mx_6.15.0.202507011659\\db\/plugins/boardmanager/
2025-12-23 11:04:43,334 [WARN] ApiDb:259 - Overriding images path with different value:  => C:\ST\STM32CubeIDE_1.19.0\STM32CubeIDE\plugins\com.st.stm32cube.common.mx_6.15.0.202507011659\\db\/plugins/mcufinder/images/
2025-12-23 11:04:43,345 [INFO] ApiDb:250 - Set database path to: C:\Users\ADMIN\.stmcufinder\plugins\mcufinder//mcu/
2025-12-23 11:04:43,348 [INFO] DbMcusAds:125 - Set database path to: C:\Users\ADMIN\.stmcufinder\plugins\mcufinder//mcu/
2025-12-23 11:04:43,481 [INFO] CrossReferenceDbSqlite:203 - Set database path to: C:\Users\ADMIN\.stmcufinder\plugins\mcufinder//mcu/cs/
2025-12-23 11:04:43,861 [INFO] RulesReader:64 - Compatibility file has been processed (317 Rules)
2025-12-23 11:04:44,037 [INFO] DbMcusXml:78 - Set database path to: C:\ST\STM32CubeIDE_1.19.0\STM32CubeIDE\plugins\com.st.stm32cube.common.mx_6.15.0.202507011659\\db\/mcu/
2025-12-23 11:04:44,038 [INFO] ApiDb:274 - Set plugin database path to: C:\ST\STM32CubeIDE_1.19.0\STM32CubeIDE\plugins\com.st.stm32cube.common.mx_6.15.0.202507011659\\db\/plugins/boardmanager/
2025-12-23 11:04:44,038 [INFO] ApiDb:261 - Set plugin images path to: C:\ST\STM32CubeIDE_1.19.0\STM32CubeIDE\plugins\com.st.stm32cube.common.mx_6.15.0.202507011659\\db\/plugins/mcufinder/images/
2025-12-23 11:04:44,039 [WARN] DbFile:41 - Overriding database path with different value: C:\Users\ADMIN\.stmcufinder\plugins\mcufinder/ => C:\Users\ADMIN\.stmcufinder\plugins\mcufinder
2025-12-23 11:04:44,040 [INFO] ApiDb:250 - Set database path to: C:\Users\ADMIN\.stmcufinder\plugins\mcufinder//mcu/
2025-12-23 11:04:44,040 [WARN] DbFile:41 - Overriding database path with different value: C:\Users\ADMIN\.stmcufinder\plugins\mcufinder/ => C:\Users\ADMIN\.stmcufinder\plugins\mcufinder
2025-12-23 11:04:44,040 [INFO] DbMcusAds:125 - Set database path to: C:\Users\ADMIN\.stmcufinder\plugins\mcufinder//mcu/
2025-12-23 11:04:44,040 [WARN] DbFile:41 - Overriding database path with different value: C:\Users\ADMIN\.stmcufinder\plugins\mcufinder/ => C:\Users\ADMIN\.stmcufinder\plugins\mcufinder
2025-12-23 11:04:44,041 [WARN] DbFile:41 - Overriding database path with different value: C:\Users\ADMIN\.stmcufinder\plugins\mcufinder/ => C:\Users\ADMIN\.stmcufinder\plugins\mcufinder
2025-12-23 11:04:44,041 [INFO] CrossReferenceDbSqlite:203 - Set database path to: C:\Users\ADMIN\.stmcufinder\plugins\mcufinder//mcu/cs/
2025-12-23 11:04:44,196 [INFO] MainPanel:274 - HeapMemory: 268435456
2025-12-23 11:04:44,347 [INFO] DbMcusXml:78 - Set database path to: C:\ST\STM32CubeIDE_1.19.0\STM32CubeIDE\plugins\com.st.stm32cube.common.mx_6.15.0.202507011659\\db\/mcu/
2025-12-23 11:04:44,347 [INFO] ApiDb:274 - Set plugin database path to: C:\ST\STM32CubeIDE_1.19.0\STM32CubeIDE\plugins\com.st.stm32cube.common.mx_6.15.0.202507011659\\db\/plugins/boardmanager/
2025-12-23 11:04:44,347 [INFO] ApiDb:261 - Set plugin images path to: C:\ST\STM32CubeIDE_1.19.0\STM32CubeIDE\plugins\com.st.stm32cube.common.mx_6.15.0.202507011659\\db\/plugins/mcufinder/images/
2025-12-23 11:04:44,347 [WARN] DbFile:41 - Overriding database path with different value: C:\Users\ADMIN\.stmcufinder\plugins\mcufinder/ => C:\Users\ADMIN\.stmcufinder\plugins\mcufinder
2025-12-23 11:04:44,348 [INFO] ApiDb:250 - Set database path to: C:\Users\ADMIN\.stmcufinder\plugins\mcufinder//mcu/
2025-12-23 11:04:44,348 [WARN] DbFile:41 - Overriding database path with different value: C:\Users\ADMIN\.stmcufinder\plugins\mcufinder/ => C:\Users\ADMIN\.stmcufinder\plugins\mcufinder
2025-12-23 11:04:44,348 [INFO] DbMcusAds:125 - Set database path to: C:\Users\ADMIN\.stmcufinder\plugins\mcufinder//mcu/
2025-12-23 11:04:44,348 [WARN] DbFile:41 - Overriding database path with different value: C:\Users\ADMIN\.stmcufinder\plugins\mcufinder/ => C:\Users\ADMIN\.stmcufinder\plugins\mcufinder
2025-12-23 11:04:44,348 [WARN] DbFile:41 - Overriding database path with different value: C:\Users\ADMIN\.stmcufinder\plugins\mcufinder/ => C:\Users\ADMIN\.stmcufinder\plugins\mcufinder
2025-12-23 11:04:44,349 [INFO] CrossReferenceDbSqlite:203 - Set database path to: C:\Users\ADMIN\.stmcufinder\plugins\mcufinder//mcu/cs/
2025-12-23 11:04:44,382 [INFO] ApplicationProperties:184 - Using Application install path: C:\ST\STM32CubeIDE_1.19.0\STM32CubeIDE\plugins\com.st.stm32cube.common.mx_6.15.0.202507011659
2025-12-23 11:04:44,385 [INFO] PluginManage:196 - Search for loadable plugins [exclusion list=, ]
2025-12-23 11:04:44,387 [INFO] PluginManage:310 - Check plugin analytics
2025-12-23 11:04:44,783 [INFO] AnalyticsPlugin:253 - Accepted Software Licenses: 
2025-12-23 11:04:44,783 [INFO] AnalyticsPlugin:255 - Accepted CMSIS Pack Licenses: 
2025-12-23 11:04:44,784 [INFO] AnalyticsPlugin:257 - Accepted Firmware Licenses: FW.F4.1.28.0
2025-12-23 11:04:44,790 [INFO] PluginManage:359 - Loaded plugin analytics (category:tool,tabindex:-1)
2025-12-23 11:04:44,792 [INFO] PluginManage:310 - Check plugin cadmodel
2025-12-23 11:04:44,803 [INFO] CADModel:105 - Init CAD model plugin
2025-12-23 11:04:44,803 [INFO] PluginManage:359 - Loaded plugin cadmodel (category:power,tabindex:5)
2025-12-23 11:04:44,804 [INFO] PluginManage:310 - Check plugin clock
2025-12-23 11:04:44,822 [INFO] PluginManage:359 - Loaded plugin clock (category:base,tabindex:2)
2025-12-23 11:04:44,823 [INFO] PluginManage:310 - Check plugin ddr
2025-12-23 11:04:44,828 [INFO] PluginManage:359 - Loaded plugin ddr (category:tool,tabindex:6)
2025-12-23 11:04:44,828 [INFO] PluginManage:310 - Check plugin filemanager
2025-12-23 11:04:45,151 [INFO] PluginManage:359 - Loaded plugin filemanager (category:base,tabindex:10)
2025-12-23 11:04:45,151 [INFO] PluginManage:310 - Check plugin ipmanager
2025-12-23 11:04:45,168 [INFO] PluginManage:359 - Loaded plugin ipmanager (category:base,tabindex:5)
2025-12-23 11:04:45,168 [INFO] PluginManage:310 - Check plugin lpbam
2025-12-23 11:04:45,184 [INFO] PluginManage:359 - Loaded plugin lpbam (category:base,tabindex:0)
2025-12-23 11:04:45,184 [INFO] PluginManage:310 - Check plugin memorymap
2025-12-23 11:04:45,210 [INFO] PluginManage:359 - Loaded plugin memorymap (category:base,tabindex:4)
2025-12-23 11:04:45,210 [INFO] PluginManage:310 - Check plugin pinoutandconfiguration
2025-12-23 11:04:45,227 [INFO] PluginManage:359 - Loaded plugin pinoutandconfiguration (category:base,tabindex:1)
2025-12-23 11:04:45,227 [INFO] PluginManage:310 - Check plugin pinoutconfig
2025-12-23 11:04:45,502 [WARN] SupportedApi:132 - Cannot load RTOS API schema: s4s-elt-must-match.1: The content of 'definitions' must match (annotation?, (simpleType | complexType)?, (unique | key | keyref)*)). A problem was found starting at: attribute.
2025-12-23 11:04:45,774 [INFO] PluginManage:359 - Loaded plugin pinoutconfig (category:base,tabindex:0)
2025-12-23 11:04:45,774 [INFO] PluginManage:310 - Check plugin power
2025-12-23 11:04:45,796 [INFO] PluginManage:359 - Loaded plugin power (category:power,tabindex:4)
2025-12-23 11:04:45,796 [INFO] PluginManage:310 - Check plugin projectmanager
2025-12-23 11:04:45,843 [INFO] PluginManage:359 - Loaded plugin projectmanager (category:projectmanager,tabindex:4)
2025-12-23 11:04:45,843 [INFO] PluginManage:310 - Check plugin rif
2025-12-23 11:04:45,862 [INFO] PluginManage:359 - Loaded plugin rif (category:base,tabindex:3)
2025-12-23 11:04:45,863 [INFO] PluginManage:310 - Check plugin thirdparty
2025-12-23 11:04:46,196 [INFO] PluginManage:359 - Loaded plugin thirdparty (category:base,tabindex:-1)
2025-12-23 11:04:46,196 [INFO] PluginManage:310 - Check plugin tools
2025-12-23 11:04:46,196 [WARN] IntegrityCheckThread:84 - waiting for thirdparty lock release [integrity check]
2025-12-23 11:04:46,198 [INFO] IntegrityCheckThread:86 - entering critical section [integrity check]
2025-12-23 11:04:46,199 [INFO] ThirdPartyUpdaterWithRetryManager:70 - Updater plugin not ready yet. [1/15]
2025-12-23 11:04:46,202 [INFO] PluginManage:359 - Loaded plugin tools (category:base,tabindex:7)
2025-12-23 11:04:46,203 [INFO] PluginManage:310 - Check plugin tutovideos
2025-12-23 11:04:46,570 [INFO] PluginManage:359 - Loaded plugin tutovideos (category:base,tabindex:-1)
2025-12-23 11:04:46,570 [INFO] PluginManage:310 - Check plugin updater
2025-12-23 11:04:46,616 [INFO] PluginManage:359 - Loaded plugin updater (category:base,tabindex:12)
2025-12-23 11:04:46,616 [INFO] PluginManage:310 - Check plugin userauth
2025-12-23 11:04:46,625 [INFO] UserAuth:118 - Init User Auth plugin
2025-12-23 11:04:46,627 [INFO] PluginManage:359 - Loaded plugin userauth (category:base,tabindex:14)
2025-12-23 11:04:46,628 [INFO] PluginManage:283 - PluginManage : Loaded plugins [18]
2025-12-23 11:04:47,061 [INFO] PinOutPanel:1589 - setPackage(No Configuration,No Configuration)
2025-12-23 11:04:47,271 [INFO] CADModel:165 - CPN selected for project level
2025-12-23 11:04:47,272 [INFO] CADModel:114 - Register for checkConnection events
2025-12-23 11:04:47,323 [INFO] IPUIPlugin:80 - create IPUIPlugin
2025-12-23 11:04:47,323 [INFO] PluginManager:220 - loadIPPluginJar : add adc
2025-12-23 11:04:47,331 [INFO] IPUIPlugin:80 - create IPUIPlugin
2025-12-23 11:04:47,331 [INFO] PluginManager:220 - loadIPPluginJar : add aes
2025-12-23 11:04:47,337 [INFO] IPUIPlugin:80 - create IPUIPlugin
2025-12-23 11:04:47,338 [INFO] PluginManager:220 - loadIPPluginJar : add can
2025-12-23 11:04:47,344 [INFO] IPUIPlugin:80 - create IPUIPlugin
2025-12-23 11:04:47,345 [INFO] PluginManager:220 - loadIPPluginJar : add comp
2025-12-23 11:04:47,352 [INFO] IPUIPlugin:80 - create IPUIPlugin
2025-12-23 11:04:47,352 [INFO] PluginManager:220 - loadIPPluginJar : add cryp
2025-12-23 11:04:47,359 [INFO] IPUIPlugin:80 - create IPUIPlugin
2025-12-23 11:04:47,360 [INFO] PluginManager:220 - loadIPPluginJar : add ddr_ctrl_phy
2025-12-23 11:04:47,365 [INFO] IPUIPlugin:80 - create IPUIPlugin
2025-12-23 11:04:47,365 [INFO] PluginManager:220 - loadIPPluginJar : add dfsdm
2025-12-23 11:04:47,378 [INFO] IPUIPlugin:80 - create IPUIPlugin
2025-12-23 11:04:47,380 [INFO] PluginManager:220 - loadIPPluginJar : add dma
2025-12-23 11:04:47,387 [INFO] IPUIPlugin:80 - create IPUIPlugin
2025-12-23 11:04:47,388 [INFO] PluginManager:220 - loadIPPluginJar : add dma3
2025-12-23 11:04:47,395 [INFO] IPUIPlugin:80 - create IPUIPlugin
2025-12-23 11:04:47,395 [INFO] PluginManager:220 - loadIPPluginJar : add extmemmanager
2025-12-23 11:04:47,399 [INFO] IPUIPlugin:80 - create IPUIPlugin
2025-12-23 11:04:47,400 [INFO] PluginManager:220 - loadIPPluginJar : add fatfs
2025-12-23 11:04:47,411 [INFO] IPUIPlugin:80 - create IPUIPlugin
2025-12-23 11:04:47,411 [INFO] PluginManager:220 - loadIPPluginJar : add fmc
2025-12-23 11:04:47,422 [INFO] IPUIPlugin:80 - create IPUIPlugin
2025-12-23 11:04:47,423 [INFO] PluginManager:220 - loadIPPluginJar : add freertos
2025-12-23 11:04:47,426 [INFO] IPUIPlugin:80 - create IPUIPlugin
2025-12-23 11:04:47,426 [INFO] PluginManager:220 - loadIPPluginJar : add genericplugin
2025-12-23 11:04:47,429 [INFO] IPUIPlugin:80 - create IPUIPlugin
2025-12-23 11:04:47,431 [INFO] PluginManager:220 - loadIPPluginJar : add gfxmmu
2025-12-23 11:04:47,440 [INFO] IPUIPlugin:80 - create IPUIPlugin
2025-12-23 11:04:47,440 [INFO] PluginManager:220 - loadIPPluginJar : add gic
2025-12-23 11:04:47,449 [INFO] IPUIPlugin:80 - create IPUIPlugin
2025-12-23 11:04:47,450 [INFO] PluginManager:220 - loadIPPluginJar : add gpio
2025-12-23 11:04:47,456 [INFO] IPUIPlugin:80 - create IPUIPlugin
2025-12-23 11:04:47,456 [INFO] PluginManager:220 - loadIPPluginJar : add gtzc
2025-12-23 11:04:47,462 [INFO] IPUIPlugin:80 - create IPUIPlugin
2025-12-23 11:04:47,462 [INFO] PluginManager:220 - loadIPPluginJar : add hash
2025-12-23 11:04:47,469 [INFO] IPUIPlugin:80 - create IPUIPlugin
2025-12-23 11:04:47,469 [INFO] PluginManager:220 - loadIPPluginJar : add i2c
2025-12-23 11:04:47,473 [INFO] IPUIPlugin:80 - create IPUIPlugin
2025-12-23 11:04:47,474 [INFO] PluginManager:220 - loadIPPluginJar : add i2s
2025-12-23 11:04:47,479 [INFO] IPUIPlugin:80 - create IPUIPlugin
2025-12-23 11:04:47,479 [INFO] PluginManager:220 - loadIPPluginJar : add i3c
2025-12-23 11:04:47,485 [INFO] IPUIPlugin:80 - create IPUIPlugin
2025-12-23 11:04:47,486 [INFO] PluginManager:220 - loadIPPluginJar : add ipddr
2025-12-23 11:04:47,499 [INFO] IPUIPlugin:80 - create IPUIPlugin
2025-12-23 11:04:47,499 [INFO] PluginManager:220 - loadIPPluginJar : add linkedlist
2025-12-23 11:04:47,508 [INFO] IPUIPlugin:80 - create IPUIPlugin
2025-12-23 11:04:47,508 [INFO] PluginManager:220 - loadIPPluginJar : add lorawan
2025-12-23 11:04:47,512 [INFO] IPUIPlugin:80 - create IPUIPlugin
2025-12-23 11:04:47,513 [INFO] PluginManager:220 - loadIPPluginJar : add ltdc
2025-12-23 11:04:47,523 [INFO] IPUIPlugin:80 - create IPUIPlugin
2025-12-23 11:04:47,523 [INFO] PluginManager:220 - loadIPPluginJar : add mdma
2025-12-23 11:04:47,530 [INFO] IPUIPlugin:80 - create IPUIPlugin
2025-12-23 11:04:47,531 [INFO] PluginManager:220 - loadIPPluginJar : add nvic
2025-12-23 11:04:47,537 [INFO] IPUIPlugin:80 - create IPUIPlugin
2025-12-23 11:04:47,538 [INFO] PluginManager:220 - loadIPPluginJar : add opamp
2025-12-23 11:04:47,544 [INFO] IPUIPlugin:80 - create IPUIPlugin
2025-12-23 11:04:47,544 [INFO] PluginManager:220 - loadIPPluginJar : add openamp
2025-12-23 11:04:47,551 [INFO] IPUIPlugin:80 - create IPUIPlugin
2025-12-23 11:04:47,551 [INFO] PluginManager:220 - loadIPPluginJar : add pdm2pcm
2025-12-23 11:04:47,564 [INFO] IPUIPlugin:80 - create IPUIPlugin
2025-12-23 11:04:47,570 [INFO] PluginManager:220 - loadIPPluginJar : add plateformsettings
2025-12-23 11:04:47,573 [INFO] IPUIPlugin:80 - create IPUIPlugin
2025-12-23 11:04:47,574 [INFO] PluginManager:220 - loadIPPluginJar : add quadspi
2025-12-23 11:04:47,577 [INFO] IPUIPlugin:80 - create IPUIPlugin
2025-12-23 11:04:47,579 [INFO] PluginManager:220 - loadIPPluginJar : add radio
2025-12-23 11:04:47,584 [INFO] IPUIPlugin:80 - create IPUIPlugin
2025-12-23 11:04:47,584 [INFO] PluginManager:220 - loadIPPluginJar : add resmgrutility
2025-12-23 11:04:47,589 [INFO] IPUIPlugin:80 - create IPUIPlugin
2025-12-23 11:04:47,590 [INFO] PluginManager:220 - loadIPPluginJar : add sai
2025-12-23 11:04:47,594 [INFO] IPUIPlugin:80 - create IPUIPlugin
2025-12-23 11:04:47,594 [INFO] PluginManager:220 - loadIPPluginJar : add spi
2025-12-23 11:04:47,604 [INFO] IPUIPlugin:80 - create IPUIPlugin
2025-12-23 11:04:47,604 [INFO] PluginManager:220 - loadIPPluginJar : add stm32_wpan
2025-12-23 11:04:47,607 [INFO] IPUIPlugin:80 - create IPUIPlugin
2025-12-23 11:04:47,608 [INFO] PluginManager:220 - loadIPPluginJar : add tim
2025-12-23 11:04:47,612 [INFO] IPUIPlugin:80 - create IPUIPlugin
2025-12-23 11:04:47,613 [INFO] PluginManager:220 - loadIPPluginJar : add touchsensing
2025-12-23 11:04:47,616 [INFO] IPUIPlugin:80 - create IPUIPlugin
2025-12-23 11:04:47,617 [INFO] PluginManager:220 - loadIPPluginJar : add tracer_emb
2025-12-23 11:04:47,620 [INFO] IPUIPlugin:80 - create IPUIPlugin
2025-12-23 11:04:47,620 [INFO] PluginManager:220 - loadIPPluginJar : add ts
2025-12-23 11:04:47,624 [INFO] IPUIPlugin:80 - create IPUIPlugin
2025-12-23 11:04:47,625 [INFO] PluginManager:220 - loadIPPluginJar : add tsc
2025-12-23 11:04:47,629 [INFO] IPUIPlugin:80 - create IPUIPlugin
2025-12-23 11:04:47,630 [INFO] PluginManager:220 - loadIPPluginJar : add ucpd
2025-12-23 11:04:47,636 [INFO] IPUIPlugin:80 - create IPUIPlugin
2025-12-23 11:04:47,636 [INFO] PluginManager:220 - loadIPPluginJar : add usart
2025-12-23 11:04:47,644 [INFO] IPUIPlugin:80 - create IPUIPlugin
2025-12-23 11:04:47,645 [INFO] PluginManager:220 - loadIPPluginJar : add usbx
2025-12-23 11:04:47,844 [FATAL] Updater:351 - Updater called before beeing initialized
2025-12-23 11:04:47,984 [INFO] RulesReader:64 - Compatibility file has been processed (317 Rules)
2025-12-23 11:04:48,015 [INFO] RulesReader:64 - Compatibility file has been processed (317 Rules)
2025-12-23 11:04:48,029 [INFO] CADModel:165 - CPN selected for project level
2025-12-23 11:04:48,029 [INFO] CADModel:114 - Register for checkConnection events
2025-12-23 11:04:48,029 [FATAL] Updater:351 - Updater called before beeing initialized
2025-12-23 11:04:48,030 [ERROR] CADModel:125 - Updater not yet initialized, retry later 
2025-12-23 11:04:48,261 [FATAL] Updater:351 - Updater called before beeing initialized
2025-12-23 11:04:48,264 [INFO] CADModel:165 - CPN selected for project level
2025-12-23 11:04:48,265 [INFO] CADModel:114 - Register for checkConnection events
2025-12-23 11:04:48,265 [FATAL] Updater:351 - Updater called before beeing initialized
2025-12-23 11:04:48,265 [ERROR] CADModel:125 - Updater not yet initialized, retry later 
2025-12-23 11:04:48,276 [FATAL] Updater:351 - Updater called before beeing initialized
2025-12-23 11:04:48,546 [FATAL] Updater:351 - Updater called before beeing initialized
2025-12-23 11:04:48,556 [INFO] DbMcusAds:53 - JSON generation date=Tue Dec 16 04:41:46 IST 2025 (1765840306612)
2025-12-23 11:04:48,557 [FATAL] Updater:351 - Updater called before beeing initialized
2025-12-23 11:04:48,627 [WARN] DetailPanel:346 - Failed to get advertising image, set to default
2025-12-23 11:04:48,819 [FATAL] Updater:351 - Updater called before beeing initialized
2025-12-23 11:04:48,831 [FATAL] Updater:351 - Updater called before beeing initialized
2025-12-23 11:04:48,832 [FATAL] Updater:351 - Updater called before beeing initialized
2025-12-23 11:04:48,832 [WARN] DetailPanel:346 - Failed to get advertising image, set to default
2025-12-23 11:04:48,835 [FATAL] Updater:351 - Updater called before beeing initialized
2025-12-23 11:04:48,979 [ERROR] Updater:1198 - MainUpdater not yet initialized. External WinMGr cannot be set.
2025-12-23 11:04:48,984 [INFO] Updater:1134 - Updater Version found : 6.15.0
2025-12-23 11:04:49,010 [INFO] ApplicationProperties:184 - Using Application install path: C:\ST\STM32CubeIDE_1.19.0\STM32CubeIDE\plugins\com.st.stm32cube.common.mx_6.15.0.202507011659
2025-12-23 11:04:49,200 [INFO] ThirdPartyUpdaterWithRetryManager:70 - Updater plugin not ready yet. [2/15]
2025-12-23 11:04:50,046 [INFO] MainUpdater:2872 - connection check result : 10
2025-12-23 11:04:50,049 [INFO] MainUpdater:289 - Updater Check For Update Now.
2025-12-23 11:04:50,050 [INFO] MicroXplorer:498 - Change Database Version : DB.6.0.150
2025-12-23 11:04:50,128 [INFO] McuFinderGlobals:63 - Set McuFinder mode to 2 (CubeIDE integrated)
2025-12-23 11:04:50,131 [INFO] UserAuth:487 - Internet connection configuration mode: 1
2025-12-23 11:04:50,199 [INFO] JxBrowserEngine:152 - Initiate JxBrowser Engine with user profile folder
2025-12-23 11:04:50,453 [INFO] CheckServerUpdateThread:120 - End of CheckServer Thread
2025-12-23 11:04:51,857 [INFO] WebApp:169 - Instantiating new browser for Auth
2025-12-23 11:04:53,141 [WARN] PackLoader:240 - Cannot read IP mode file for STMicroelectronics.FP-SNS-MOTENVWB1.1.4.0
2025-12-23 11:04:53,166 [WARN] PackLoader:240 - Cannot read IP mode file for STMicroelectronics.FP-ATR-ASTRA1.2.0.2
2025-12-23 11:04:53,189 [WARN] PackLoader:240 - Cannot read IP mode file for STMicroelectronics.X-CUBE-SMBUS.2.1.0
2025-12-23 11:04:53,226 [WARN] PackLoader:240 - Cannot read IP mode file for STMicroelectronics.X-CUBE-ST60.1.0.0
2025-12-23 11:04:53,376 [WARN] PackLoader:240 - Cannot read IP mode file for STMicroelectronics.X-CUBE-AZRTOS-F7.1.1.0
2025-12-23 11:04:53,411 [WARN] PackLoader:240 - Cannot read IP mode file for STMicroelectronics.FP-SNS-MOTENV1.5.1.0
2025-12-23 11:04:53,451 [WARN] PackLoader:240 - Cannot read IP mode file for WES.I-CUBE-Cesium.1.4.0
2025-12-23 11:04:53,575 [WARN] PackLoader:240 - Cannot read IP mode file for Infineon.AIROC-Wi-Fi-Bluetooth-STM32.1.7.1
2025-12-23 11:04:53,691 [WARN] PackLoader:240 - Cannot read IP mode file for STMicroelectronics.X-CUBE-AZRTOS-H7.3.4.0
2025-12-23 11:04:53,718 [WARN] PackLoader:240 - Cannot read IP mode file for STMicroelectronics.X-CUBE-DISPLAY.3.0.0
2025-12-23 11:04:53,747 [WARN] PackLoader:240 - Cannot read IP mode file for STMicroelectronics.X-CUBE-NFC10.1.0.0
2025-12-23 11:04:53,758 [WARN] PackLoader:240 - Cannot read IP mode file for STMicroelectronics.X-CUBE-ST60.1.1.0
2025-12-23 11:04:53,787 [WARN] PackLoader:240 - Cannot read IP mode file for emotas.I-CUBE-CANOPEN.1.3.0
2025-12-23 11:04:53,801 [WARN] PackLoader:240 - Cannot read IP mode file for STMicroelectronics.X-CUBE-GNSS1.7.1.0
2025-12-23 11:04:53,821 [WARN] PackLoader:240 - Cannot read IP mode file for STMicroelectronics.FP-SNS-STBOX1.2.1.0
2025-12-23 11:04:53,840 [WARN] PackLoader:240 - Cannot read IP mode file for STMicroelectronics.FP-SNS-SMARTAG2.1.2.0
2025-12-23 11:04:53,849 [WARN] PackLoader:240 - Cannot read IP mode file for STMicroelectronics.FP-SNS-FLIGHT1.5.1.0
2025-12-23 11:04:53,869 [INFO] LogOutputStream:77 - [STDOUT_REDIRECT] 1 : Invalid condition id : UX_CORESTACK_Condition cause : null
2025-12-23 11:04:53,871 [INFO] LogOutputStream:77 - [STDOUT_REDIRECT] 1 : Invalid condition id : UX_CORESTACK_Condition cause : null
2025-12-23 11:04:53,875 [INFO] LogOutputStream:77 - [STDOUT_REDIRECT] 1 : Invalid condition id : UX_CORESTACK_Condition cause : null
2025-12-23 11:04:53,880 [INFO] LogOutputStream:77 - [STDOUT_REDIRECT] 1 : Invalid condition id : UX_CORESTACK_Condition cause : null
2025-12-23 11:04:53,901 [INFO] LogOutputStream:77 - [STDOUT_REDIRECT] 1 : Invalid condition id : UX_CORESTACK_Condition cause : null
2025-12-23 11:04:53,910 [WARN] PackLoader:240 - Cannot read IP mode file for STMicroelectronics.X-CUBE-AZRTOS-WL.2.0.0
2025-12-23 11:04:53,924 [WARN] PackLoader:240 - Cannot read IP mode file for STMicroelectronics.FP-SNS-MOTENV1.5.0.0
2025-12-23 11:04:54,007 [WARN] PackLoader:240 - Cannot read IP mode file for STMicroelectronics.X-CUBE-AZRTOS-H7RS.1.2.0
2025-12-23 11:04:54,062 [WARN] PackLoader:240 - Cannot read IP mode file for STMicroelectronics.X-CUBE-BLE2.3.3.0
2025-12-23 11:04:54,126 [WARN] PackLoader:240 - Cannot read IP mode file for STMicroelectronics.X-CUBE-NFC9.1.0.0
2025-12-23 11:04:54,147 [WARN] PackLoader:240 - Cannot read IP mode file for wolfSSL.I-CUBE-wolfSSL.5.8.2
2025-12-23 11:04:54,165 [WARN] PackLoader:240 - Cannot read IP mode file for STMicroelectronics.X-CUBE-BLE1.7.1.0
2025-12-23 11:04:54,173 [WARN] PackLoader:240 - Cannot read IP mode file for wolfSSL.I-CUBE-wolfMQTT.1.19.2
2025-12-23 11:04:54,203 [WARN] PackLoader:240 - Cannot read IP mode file for STMicroelectronics.X-CUBE-FREERTOS.1.4.0
2025-12-23 11:04:54,220 [WARN] PackLoader:240 - Cannot read IP mode file for STMicroelectronics.X-CUBE-EEPRMA1.5.2.0
2025-12-23 11:04:54,242 [WARN] PackLoader:240 - Cannot read IP mode file for STMicroelectronics.X-CUBE-ST67W61.1.1.0
2025-12-23 11:04:54,432 [WARN] PackLoader:240 - Cannot read IP mode file for STMicroelectronics.X-CUBE-MEMS1.12.0.0
2025-12-23 11:04:54,793 [WARN] PackLoader:240 - Cannot read IP mode file for STMicroelectronics.X-CUBE-AZRTOS-G0.1.1.0
2025-12-23 11:04:54,819 [WARN] PackLoader:240 - Cannot read IP mode file for STMicroelectronics.X-CUBE-SAFEA1.1.2.2
2025-12-23 11:04:54,835 [WARN] PackLoader:240 - Cannot read IP mode file for STMicroelectronics.X-CUBE-NFC4.3.0.0
2025-12-23 11:04:54,859 [WARN] PackLoader:240 - Cannot read IP mode file for EmbeddedOffice.I-CUBE-FS-RTOS.1.0.1
2025-12-23 11:04:54,900 [WARN] PackLoader:240 - Cannot read IP mode file for STMicroelectronics.X-CUBE-WB05N.2.0.0
2025-12-23 11:04:54,911 [WARN] PackLoader:240 - Cannot read IP mode file for wolfSSL.I-CUBE-wolfTPM.3.8.0
2025-12-23 11:04:54,929 [WARN] PackLoader:240 - Cannot read IP mode file for STMicroelectronics.X-CUBE-TCPP.4.2.0
2025-12-23 11:04:54,945 [WARN] PackLoader:240 - Cannot read IP mode file for RealThread.X-CUBE-RT-Thread_Nano.4.1.1
2025-12-23 11:04:54,955 [WARN] PackLoader:240 - Cannot read IP mode file for STMicroelectronics.FP-ATR-SIGFOX1.3.2.0
2025-12-23 11:04:54,969 [WARN] PackLoader:240 - Cannot read IP mode file for ITTIA_DB.I-CUBE-ITTIADB.8.9.0
2025-12-23 11:04:54,984 [WARN] PackLoader:240 - Cannot read IP mode file for STMicroelectronics.X-CUBE-ST67W61.1.0.0
2025-12-23 11:04:55,002 [WARN] PackLoader:240 - Cannot read IP mode file for STMicroelectronics.X-CUBE-AI.10.2.0
2025-12-23 11:04:55,114 [WARN] PackLoader:240 - Cannot read IP mode file for SEGGER.I-CUBE-embOS.1.3.1
2025-12-23 11:04:55,279 [WARN] PackLoader:240 - Cannot read IP mode file for STMicroelectronics.X-CUBE-ALGOBUILD.1.4.0
2025-12-23 11:04:55,460 [WARN] PackLoader:240 - Cannot read IP mode file for STMicroelectronics.X-CUBE-MEMS1.11.3.0
2025-12-23 11:04:55,827 [WARN] PackLoader:240 - Cannot read IP mode file for STMicroelectronics.X-CUBE-PM33A1.1.0.0
2025-12-23 11:04:55,862 [WARN] PackLoader:240 - Cannot read IP mode file for STMicroelectronics.X-CUBE-AZRTOS-F4.1.1.0
2025-12-23 11:04:55,871 [WARN] PackLoader:240 - Cannot read IP mode file for Avnet-IotConnect.X-CUBE-IoTC-DA16k-PMOD.1.0.0
2025-12-23 11:04:55,881 [WARN] PackLoader:240 - Cannot read IP mode file for STMicroelectronics.X-CUBE-ISPU.2.1.0
2025-12-23 11:04:55,923 [WARN] PackLoader:240 - Cannot read IP mode file for STMicroelectronics.X-CUBE-IPS.3.2.0
2025-12-23 11:04:55,947 [WARN] PackLoader:240 - Cannot read IP mode file for STMicroelectronics.X-CUBE-NFC12.1.0.0
2025-12-23 11:04:56,000 [WARN] PackLoader:240 - Cannot read IP mode file for STMicroelectronics.X-CUBE-AZRTOS-L5.2.0.0
2025-12-23 11:04:56,018 [WARN] PackLoader:240 - Cannot read IP mode file for STMicroelectronics.X-CUBE-NFC6.3.1.0
2025-12-23 11:04:56,061 [WARN] PackLoader:240 - Cannot read IP mode file for STMicroelectronics.X-CUBE-FREERTOS.1.3.1
2025-12-23 11:04:56,071 [WARN] PackLoader:240 - Cannot read IP mode file for STMicroelectronics.X-CUBE-TOUCHGFX.4.26.0
2025-12-23 11:04:56,081 [WARN] PackLoader:240 - Cannot read IP mode file for STMicroelectronics.FP-SNS-STAIOTCFT.1.0.0
2025-12-23 11:04:56,093 [WARN] PackLoader:240 - Cannot read IP mode file for STMicroelectronics.X-CUBE-DPower.1.3.0
2025-12-23 11:04:56,164 [WARN] ConditionMgr:438 - getConditionDescription Invalid condition id : LAN8742 Phy interface Condition cause : null
2025-12-23 11:04:56,166 [WARN] PackLoader:240 - Cannot read IP mode file for STMicroelectronics.X-CUBE-AZRTOS-L4.2.0.0
2025-12-23 11:04:56,169 [WARN] ConditionMgr:1044 - genDependencies : Invalid condition id : LAN8742 Phy interface Condition cause : null
2025-12-23 11:04:56,170 [WARN] ConditionMgr:1044 - genDependencies : Invalid condition id : LAN8742 Phy interface Condition cause : null
2025-12-23 11:04:56,171 [WARN] ConditionMgr:1044 - genDependencies : Invalid condition id : LAN8742 Phy interface Condition cause : null
2025-12-23 11:04:56,218 [WARN] PackLoader:240 - Cannot read IP mode file for STMicroelectronics.X-CUBE-SFXS2LP1.4.0.0
2025-12-23 11:04:56,249 [WARN] PackLoader:240 - Cannot read IP mode file for STMicroelectronics.X-CUBE-BLEMGR.4.1.0
2025-12-23 11:04:56,286 [WARN] ConditionMgr:438 - getConditionDescription Invalid condition id : UX DEVICE CLASS RTOS Condition cause : null
2025-12-23 11:04:56,287 [WARN] ConditionMgr:438 - getConditionDescription Invalid condition id : UX DEVICE CLASS RTOS Condition cause : null
2025-12-23 11:04:56,292 [WARN] PackLoader:240 - Cannot read IP mode file for STMicroelectronics.X-CUBE-AZRTOS-WB.2.0.0
2025-12-23 11:04:56,293 [WARN] ConditionMgr:1044 - genDependencies : Invalid condition id : UX DEVICE CLASS RTOS Condition cause : null
2025-12-23 11:04:56,293 [WARN] ConditionMgr:1044 - genDependencies : Invalid condition id : UX DEVICE CLASS RTOS Condition cause : null
2025-12-23 11:04:56,294 [WARN] ConditionMgr:1044 - genDependencies : Invalid condition id : UX DEVICE CLASS RTOS Condition cause : null
2025-12-23 11:04:56,295 [WARN] ConditionMgr:1044 - genDependencies : Invalid condition id : UX DEVICE CLASS RTOS Condition cause : null
2025-12-23 11:04:56,295 [WARN] ConditionMgr:1044 - genDependencies : Invalid condition id : UX DEVICE CLASS RTOS Condition cause : null
2025-12-23 11:04:56,309 [WARN] PackLoader:240 - Cannot read IP mode file for STMicroelectronics.X-CUBE-GNSS1.7.0.1
2025-12-23 11:04:56,319 [WARN] PackLoader:240 - Cannot read IP mode file for STMicroelectronics.X-CUBE-TOUCHGFX.4.25.0
2025-12-23 11:04:56,351 [WARN] ConditionMgr:438 - getConditionDescription Invalid condition id : Cortex-A Device cause : null
2025-12-23 11:04:56,379 [WARN] ConditionMgr:1044 - genDependencies : Invalid condition id : Cortex-A Device cause : null
2025-12-23 11:04:56,379 [WARN] ConditionMgr:1044 - genDependencies : Invalid condition id : Cortex-A Device cause : null
2025-12-23 11:04:56,379 [WARN] ConditionMgr:1044 - genDependencies : Invalid condition id : Cortex-A Device cause : null
2025-12-23 11:04:56,404 [WARN] PackLoader:240 - Cannot read IP mode file for STMicroelectronics.X-CUBE-SUBG2.5.0.0
2025-12-23 11:04:56,452 [WARN] PackLoader:240 - Cannot read IP mode file for STMicroelectronics.X-CUBE-AZRTOS-H7RS.1.1.0
2025-12-23 11:04:56,476 [WARN] PackLoader:240 - Cannot read IP mode file for Cesanta.I-CUBE-Mongoose.7.13.0
2025-12-23 11:04:56,506 [WARN] PackLoader:240 - Cannot read IP mode file for STMicroelectronics.X-CUBE-AZRTOS-G4.2.0.0
2025-12-23 11:04:56,516 [WARN] PackLoader:240 - Cannot read IP mode file for wolfSSL.I-CUBE-wolfSSH.1.4.20
2025-12-23 11:04:56,526 [WARN] PackLoader:240 - Cannot read IP mode file for STMicroelectronics.X-CUBE-NFC7.2.0.0
2025-12-23 11:04:56,556 [WARN] PackLoader:240 - Cannot read IP mode file for STMicroelectronics.X-CUBE-IPS.3.1.0
2025-12-23 11:04:56,583 [WARN] PackLoader:240 - Cannot read IP mode file for STMicroelectronics.X-CUBE-ALS.1.0.2
2025-12-23 11:04:56,598 [WARN] PackLoader:240 - Cannot read IP mode file for STMicroelectronics.X-CUBE-STSE01.1.0.0
2025-12-23 11:04:56,633 [WARN] PackLoader:240 - Cannot read IP mode file for STMicroelectronics.X-CUBE-TOF1.3.4.3
2025-12-23 11:04:56,660 [INFO] ThirdParty:978 - Integrity check success = true
2025-12-23 11:04:56,662 [INFO] IntegrityCheckThread:100 - exiting critical section [integrity check]
2025-12-23 11:04:56,662 [INFO] IntegrityCheckThread:103 - End integrity checks thread
2025-12-23 11:04:56,679 [INFO] WebApp:463 - Apply proxy settings
2025-12-23 11:04:56,679 [INFO] WebApp:548 - Chromium requires no authentication
2025-12-23 11:04:56,703 [INFO] WebApp:491 - Direct internet connection detected
2025-12-23 11:04:56,802 [INFO] WebApp:900 - Register for checkConnection events
2025-12-23 11:04:56,802 [INFO] WebApp:463 - Apply proxy settings
2025-12-23 11:04:56,803 [INFO] WebApp:548 - Chromium requires no authentication
2025-12-23 11:04:56,804 [INFO] WebApp:491 - Direct internet connection detected
2025-12-23 11:04:57,318 [INFO] WebApp:225 - Starting web application
2025-12-23 11:04:57,318 [INFO] WebApp:593 - Web application path used C:\ST\STM32CubeIDE_1.19.0\STM32CubeIDE\plugins\com.st.stm32cube.common.mx_6.15.0.202507011659\db\plugins\mcufinder\reactClient1\index.html
2025-12-23 11:04:57,554 [INFO] UserAuth:487 - Internet connection configuration mode: 1
2025-12-23 11:04:58,010 [INFO] WebApp:191 - Connection restablished
2025-12-23 11:36:09,812 [ERROR] LogOutputStream:75 - [STDERR_REDIRECT] 
