08:56:11 **** Incremental Build of configuration Debug for project Question02 ****
make -j4 all 
arm-none-eabi-gcc "../Src/gpio.c" -mcpu=cortex-m4 -std=gnu11 -g3 -DDEBUG -DSTM32 -DSTM32F407G_DISC1 -DSTM32F4 -DSTM32F407VGTx -c -I../Inc -O0 -ffunction-sections -fdata-sections -Wall -fstack-usage -fcyclomatic-complexity -MMD -MP -MF"Src/gpio.d" -MT"Src/gpio.o" --specs=nano.specs -mfpu=fpv4-sp-d16 -mfloat-abi=hard -mthumb -o "Src/gpio.o"
arm-none-eabi-gcc "../Src/main.c" -mcpu=cortex-m4 -std=gnu11 -g3 -DDEBUG -DSTM32 -DSTM32F407G_DISC1 -DSTM32F4 -DSTM32F407VGTx -c -I../Inc -O0 -ffunction-sections -fdata-sections -Wall -fstack-usage -fcyclomatic-complexity -MMD -MP -MF"Src/main.d" -MT"Src/main.o" --specs=nano.specs -mfpu=fpv4-sp-d16 -mfloat-abi=hard -mthumb -o "Src/main.o"
../Src/main.c:26:4: warning: #warning "FPU is not initialized, but the project is compiling for an FPU. Please initialize the FPU before use." [-Wcpp]
   26 |   #warning "FPU is not initialized, but the project is compiling for an FPU. Please initialize the FPU before use."
      |    ^~~~~~~
../Src/main.c: In function 'main':
../Src/main.c:36:20: warning: implicit declaration of function 'switch_status'; did you mean 'switch_init'? [-Wimplicit-function-declaration]
   36 |                 if(switch_status())
      |                    ^~~~~~~~~~~~~
      |                    switch_init
../Src/main.c:38:39: warning: implicit declaration of function 'BV' [-Wimplicit-function-declaration]
   38 |                         GPIOD->ODR ^= BV(14);
      |                                       ^~
arm-none-eabi-gcc -o "Question02.elf" @"objects.list"   -mcpu=cortex-m4 -T"C:\InternshipGIT\ARM_94151_Manasi\InternshipSTMfolder\Assignment3\Question02\STM32F407VGTX_FLASH.ld" --specs=nosys.specs -Wl,-Map="Question02.map" -Wl,--gc-sections -static --specs=nano.specs -mfpu=fpv4-sp-d16 -mfloat-abi=hard -mthumb -Wl,--start-group -lc -lm -Wl,--end-group
C:/ST/STM32CubeIDE_1.19.0/STM32CubeIDE/plugins/com.st.stm32cube.ide.mcu.externaltools.gnu-tools-for-stm32.13.3.rel1.win32_1.0.0.202411081344/tools/bin/../lib/gcc/arm-none-eabi/13.3.1/../../../../arm-none-eabi/bin/ld.exe: ./Src/gpio.o: in function `led_init':
C:/InternshipGIT/ARM_94151_Manasi/InternshipSTMfolder/Assignment3/Question02/Debug/../Src/gpio.c:11: multiple definition of `led_init'; ./Src/Src/gpio.o:C:/InternshipGIT/ARM_94151_Manasi/InternshipSTMfolder/Assignment3/Question02/Debug/../Src/Src/gpio.c:11: first defined here
C:/ST/STM32CubeIDE_1.19.0/STM32CubeIDE/plugins/com.st.stm32cube.ide.mcu.externaltools.gnu-tools-for-stm32.13.3.rel1.win32_1.0.0.202411081344/tools/bin/../lib/gcc/arm-none-eabi/13.3.1/../../../../arm-none-eabi/bin/ld.exe: ./Src/gpio.o: in function `switch_init':
C:/InternshipGIT/ARM_94151_Manasi/InternshipSTMfolder/Assignment3/Question02/Debug/../Src/gpio.c:27: multiple definition of `switch_init'; ./Src/Src/gpio.o:C:/InternshipGIT/ARM_94151_Manasi/InternshipSTMfolder/Assignment3/Question02/Debug/../Src/Src/gpio.c:27: first defined here
C:/ST/STM32CubeIDE_1.19.0/STM32CubeIDE/plugins/com.st.stm32cube.ide.mcu.externaltools.gnu-tools-for-stm32.13.3.rel1.win32_1.0.0.202411081344/tools/bin/../lib/gcc/arm-none-eabi/13.3.1/../../../../arm-none-eabi/bin/ld.exe: ./Src/gpio.o: in function `switch_status':
C:/InternshipGIT/ARM_94151_Manasi/InternshipSTMfolder/Assignment3/Question02/Debug/../Src/gpio.c:39: multiple definition of `switch_status'; ./Src/Src/gpio.o:C:/InternshipGIT/ARM_94151_Manasi/InternshipSTMfolder/Assignment3/Question02/Debug/../Src/Src/gpio.c:47: first defined here
C:/ST/STM32CubeIDE_1.19.0/STM32CubeIDE/plugins/com.st.stm32cube.ide.mcu.externaltools.gnu-tools-for-stm32.13.3.rel1.win32_1.0.0.202411081344/tools/bin/../lib/gcc/arm-none-eabi/13.3.1/../../../../arm-none-eabi/bin/ld.exe: ./Src/itm.o: in function `__io_putchar':
C:/InternshipGIT/ARM_94151_Manasi/InternshipSTMfolder/Assignment3/Question02/Debug/../Src/itm.c:18: multiple definition of `__io_putchar'; ./Src/Src/itm.o:C:/InternshipGIT/ARM_94151_Manasi/InternshipSTMfolder/Assignment3/Question02/Debug/../Src/Src/itm.c:18: first defined here
C:/ST/STM32CubeIDE_1.19.0/STM32CubeIDE/plugins/com.st.stm32cube.ide.mcu.externaltools.gnu-tools-for-stm32.13.3.rel1.win32_1.0.0.202411081344/tools/bin/../lib/gcc/arm-none-eabi/13.3.1/../../../../arm-none-eabi/bin/ld.exe: ./Src/main.o: in function `main':
C:/InternshipGIT/ARM_94151_Manasi/InternshipSTMfolder/Assignment3/Question02/Debug/../Src/main.c:31: multiple definition of `main'; ./Src/Src/main.o:C:/InternshipGIT/ARM_94151_Manasi/InternshipSTMfolder/Assignment3/Question02/Debug/../Src/Src/main.c:31: first defined here
C:/ST/STM32CubeIDE_1.19.0/STM32CubeIDE/plugins/com.st.stm32cube.ide.mcu.externaltools.gnu-tools-for-stm32.13.3.rel1.win32_1.0.0.202411081344/tools/bin/../lib/gcc/arm-none-eabi/13.3.1/../../../../arm-none-eabi/bin/ld.exe: ./Src/syscalls.o:C:/InternshipGIT/ARM_94151_Manasi/InternshipSTMfolder/Assignment3/Question02/Debug/../Src/syscalls.c:39: multiple definition of `__env'; ./Src/Src/syscalls.o:C:/InternshipGIT/ARM_94151_Manasi/InternshipSTMfolder/Assignment3/Question02/Debug/../Src/Src/syscalls.c:39: first defined here
C:/ST/STM32CubeIDE_1.19.0/STM32CubeIDE/plugins/com.st.stm32cube.ide.mcu.externaltools.gnu-tools-for-stm32.13.3.rel1.win32_1.0.0.202411081344/tools/bin/../lib/gcc/arm-none-eabi/13.3.1/../../../../arm-none-eabi/bin/ld.exe: ./Src/syscalls.o:C:/InternshipGIT/ARM_94151_Manasi/InternshipSTMfolder/Assignment3/Question02/Debug/../Src/syscalls.c:40: multiple definition of `environ'; ./Src/Src/syscalls.o:C:/InternshipGIT/ARM_94151_Manasi/InternshipSTMfolder/Assignment3/Question02/Debug/../Src/Src/syscalls.c:40: first defined here
C:/ST/STM32CubeIDE_1.19.0/STM32CubeIDE/plugins/com.st.stm32cube.ide.mcu.externaltools.gnu-tools-for-stm32.13.3.rel1.win32_1.0.0.202411081344/tools/bin/../lib/gcc/arm-none-eabi/13.3.1/../../../../arm-none-eabi/bin/ld.exe: ./Src/syscalls.o: in function `initialise_monitor_handles':
C:/InternshipGIT/ARM_94151_Manasi/InternshipSTMfolder/Assignment3/Question02/Debug/../Src/syscalls.c:45: multiple definition of `initialise_monitor_handles'; ./Src/Src/syscalls.o:C:/InternshipGIT/ARM_94151_Manasi/InternshipSTMfolder/Assignment3/Question02/Debug/../Src/Src/syscalls.c:45: first defined here
C:/ST/STM32CubeIDE_1.19.0/STM32CubeIDE/plugins/com.st.stm32cube.ide.mcu.externaltools.gnu-tools-for-stm32.13.3.rel1.win32_1.0.0.202411081344/tools/bin/../lib/gcc/arm-none-eabi/13.3.1/../../../../arm-none-eabi/bin/ld.exe: ./Src/syscalls.o: in function `_getpid':
C:/InternshipGIT/ARM_94151_Manasi/InternshipSTMfolder/Assignment3/Question02/Debug/../Src/syscalls.c:49: multiple definition of `_getpid'; ./Src/Src/syscalls.o:C:/InternshipGIT/ARM_94151_Manasi/InternshipSTMfolder/Assignment3/Question02/Debug/../Src/Src/syscalls.c:49: first defined here
C:/ST/STM32CubeIDE_1.19.0/STM32CubeIDE/plugins/com.st.stm32cube.ide.mcu.externaltools.gnu-tools-for-stm32.13.3.rel1.win32_1.0.0.202411081344/tools/bin/../lib/gcc/arm-none-eabi/13.3.1/../../../../arm-none-eabi/bin/ld.exe: ./Src/syscalls.o: in function `_kill':
C:/InternshipGIT/ARM_94151_Manasi/InternshipSTMfolder/Assignment3/Question02/Debug/../Src/syscalls.c:54: multiple definition of `_kill'; ./Src/Src/syscalls.o:C:/InternshipGIT/ARM_94151_Manasi/InternshipSTMfolder/Assignment3/Question02/Debug/../Src/Src/syscalls.c:54: first defined here
C:/ST/STM32CubeIDE_1.19.0/STM32CubeIDE/plugins/com.st.stm32cube.ide.mcu.externaltools.gnu-tools-for-stm32.13.3.rel1.win32_1.0.0.202411081344/tools/bin/../lib/gcc/arm-none-eabi/13.3.1/../../../../arm-none-eabi/bin/ld.exe: ./Src/syscalls.o: in function `_exit':
C:/InternshipGIT/ARM_94151_Manasi/InternshipSTMfolder/Assignment3/Question02/Debug/../Src/syscalls.c:60: multiple definition of `_exit'; ./Src/Src/syscalls.o:C:/InternshipGIT/ARM_94151_Manasi/InternshipSTMfolder/Assignment3/Question02/Debug/../Src/Src/syscalls.c:60: first defined here
C:/ST/STM32CubeIDE_1.19.0/STM32CubeIDE/plugins/com.st.stm32cube.ide.mcu.externaltools.gnu-tools-for-stm32.13.3.rel1.win32_1.0.0.202411081344/tools/bin/../lib/gcc/arm-none-eabi/13.3.1/../../../../arm-none-eabi/bin/ld.exe: ./Src/syscalls.o: in function `_close':
C:/InternshipGIT/ARM_94151_Manasi/InternshipSTMfolder/Assignment3/Question02/Debug/../Src/syscalls.c:89: multiple definition of `_close'; ./Src/Src/syscalls.o:C:/InternshipGIT/ARM_94151_Manasi/InternshipSTMfolder/Assignment3/Question02/Debug/../Src/Src/syscalls.c:89: first defined here
C:/ST/STM32CubeIDE_1.19.0/STM32CubeIDE/plugins/com.st.stm32cube.ide.mcu.externaltools.gnu-tools-for-stm32.13.3.rel1.win32_1.0.0.202411081344/tools/bin/../lib/gcc/arm-none-eabi/13.3.1/../../../../arm-none-eabi/bin/ld.exe: ./Src/syscalls.o: in function `_fstat':
C:/InternshipGIT/ARM_94151_Manasi/InternshipSTMfolder/Assignment3/Question02/Debug/../Src/syscalls.c:95: multiple definition of `_fstat'; ./Src/Src/syscalls.o:C:/InternshipGIT/ARM_94151_Manasi/InternshipSTMfolder/Assignment3/Question02/Debug/../Src/Src/syscalls.c:95: first defined here
C:/ST/STM32CubeIDE_1.19.0/STM32CubeIDE/plugins/com.st.stm32cube.ide.mcu.externaltools.gnu-tools-for-stm32.13.3.rel1.win32_1.0.0.202411081344/tools/bin/../lib/gcc/arm-none-eabi/13.3.1/../../../../arm-none-eabi/bin/ld.exe: ./Src/syscalls.o: in function `_isatty':
C:/InternshipGIT/ARM_94151_Manasi/InternshipSTMfolder/Assignment3/Question02/Debug/../Src/syscalls.c:101: multiple definition of `_isatty'; ./Src/Src/syscalls.o:C:/InternshipGIT/ARM_94151_Manasi/InternshipSTMfolder/Assignment3/Question02/Debug/../Src/Src/syscalls.c:101: first defined here
C:/ST/STM32CubeIDE_1.19.0/STM32CubeIDE/plugins/com.st.stm32cube.ide.mcu.externaltools.gnu-tools-for-stm32.13.3.rel1.win32_1.0.0.202411081344/tools/bin/../lib/gcc/arm-none-eabi/13.3.1/../../../../arm-none-eabi/bin/ld.exe: ./Src/syscalls.o: in function `_lseek':
C:/InternshipGIT/ARM_94151_Manasi/InternshipSTMfolder/Assignment3/Question02/Debug/../Src/syscalls.c:106: multiple definition of `_lseek'; ./Src/Src/syscalls.o:C:/InternshipGIT/ARM_94151_Manasi/InternshipSTMfolder/Assignment3/Question02/Debug/../Src/Src/syscalls.c:106: first defined here
C:/ST/STM32CubeIDE_1.19.0/STM32CubeIDE/plugins/com.st.stm32cube.ide.mcu.externaltools.gnu-tools-for-stm32.13.3.rel1.win32_1.0.0.202411081344/tools/bin/../lib/gcc/arm-none-eabi/13.3.1/../../../../arm-none-eabi/bin/ld.exe: ./Src/syscalls.o: in function `_open':
C:/InternshipGIT/ARM_94151_Manasi/InternshipSTMfolder/Assignment3/Question02/Debug/../Src/syscalls.c:111: multiple definition of `_open'; ./Src/Src/syscalls.o:C:/InternshipGIT/ARM_94151_Manasi/InternshipSTMfolder/Assignment3/Question02/Debug/../Src/Src/syscalls.c:111: first defined here
C:/ST/STM32CubeIDE_1.19.0/STM32CubeIDE/plugins/com.st.stm32cube.ide.mcu.externaltools.gnu-tools-for-stm32.13.3.rel1.win32_1.0.0.202411081344/tools/bin/../lib/gcc/arm-none-eabi/13.3.1/../../../../arm-none-eabi/bin/ld.exe: ./Src/syscalls.o: in function `_wait':
C:/InternshipGIT/ARM_94151_Manasi/InternshipSTMfolder/Assignment3/Question02/Debug/../Src/syscalls.c:117: multiple definition of `_wait'; ./Src/Src/syscalls.o:C:/InternshipGIT/ARM_94151_Manasi/InternshipSTMfolder/Assignment3/Question02/Debug/../Src/Src/syscalls.c:117: first defined here
C:/ST/STM32CubeIDE_1.19.0/STM32CubeIDE/plugins/com.st.stm32cube.ide.mcu.externaltools.gnu-tools-for-stm32.13.3.rel1.win32_1.0.0.202411081344/tools/bin/../lib/gcc/arm-none-eabi/13.3.1/../../../../arm-none-eabi/bin/ld.exe: ./Src/syscalls.o: in function `_unlink':
C:/InternshipGIT/ARM_94151_Manasi/InternshipSTMfolder/Assignment3/Question02/Debug/../Src/syscalls.c:123: multiple definition of `_unlink'; ./Src/Src/syscalls.o:C:/InternshipGIT/ARM_94151_Manasi/InternshipSTMfolder/Assignment3/Question02/Debug/../Src/Src/syscalls.c:123: first defined here
C:/ST/STM32CubeIDE_1.19.0/STM32CubeIDE/plugins/com.st.stm32cube.ide.mcu.externaltools.gnu-tools-for-stm32.13.3.rel1.win32_1.0.0.202411081344/tools/bin/../lib/gcc/arm-none-eabi/13.3.1/../../../../arm-none-eabi/bin/ld.exe: ./Src/syscalls.o: in function `_times':
C:/InternshipGIT/ARM_94151_Manasi/InternshipSTMfolder/Assignment3/Question02/Debug/../Src/syscalls.c:129: multiple definition of `_times'; ./Src/Src/syscalls.o:C:/InternshipGIT/ARM_94151_Manasi/InternshipSTMfolder/Assignment3/Question02/Debug/../Src/Src/syscalls.c:129: first defined here
C:/ST/STM32CubeIDE_1.19.0/STM32CubeIDE/plugins/com.st.stm32cube.ide.mcu.externaltools.gnu-tools-for-stm32.13.3.rel1.win32_1.0.0.202411081344/tools/bin/../lib/gcc/arm-none-eabi/13.3.1/../../../../arm-none-eabi/bin/ld.exe: ./Src/syscalls.o: in function `_stat':
C:/InternshipGIT/ARM_94151_Manasi/InternshipSTMfolder/Assignment3/Question02/Debug/../Src/syscalls.c:134: multiple definition of `_stat'; ./Src/Src/syscalls.o:C:/InternshipGIT/ARM_94151_Manasi/InternshipSTMfolder/Assignment3/Question02/Debug/../Src/Src/syscalls.c:134: first defined here
C:/ST/STM32CubeIDE_1.19.0/STM32CubeIDE/plugins/com.st.stm32cube.ide.mcu.externaltools.gnu-tools-for-stm32.13.3.rel1.win32_1.0.0.202411081344/tools/bin/../lib/gcc/arm-none-eabi/13.3.1/../../../../arm-none-eabi/bin/ld.exe: ./Src/syscalls.o: in function `_link':
C:/InternshipGIT/ARM_94151_Manasi/InternshipSTMfolder/Assignment3/Question02/Debug/../Src/syscalls.c:140: multiple definition of `_link'; ./Src/Src/syscalls.o:C:/InternshipGIT/ARM_94151_Manasi/InternshipSTMfolder/Assignment3/Question02/Debug/../Src/Src/syscalls.c:140: first defined here
C:/ST/STM32CubeIDE_1.19.0/STM32CubeIDE/plugins/com.st.stm32cube.ide.mcu.externaltools.gnu-tools-for-stm32.13.3.rel1.win32_1.0.0.202411081344/tools/bin/../lib/gcc/arm-none-eabi/13.3.1/../../../../arm-none-eabi/bin/ld.exe: ./Src/syscalls.o: in function `_fork':
C:/InternshipGIT/ARM_94151_Manasi/InternshipSTMfolder/Assignment3/Question02/Debug/../Src/syscalls.c:146: multiple definition of `_fork'; ./Src/Src/syscalls.o:C:/InternshipGIT/ARM_94151_Manasi/InternshipSTMfolder/Assignment3/Question02/Debug/../Src/Src/syscalls.c:146: first defined here
C:/ST/STM32CubeIDE_1.19.0/STM32CubeIDE/plugins/com.st.stm32cube.ide.mcu.externaltools.gnu-tools-for-stm32.13.3.rel1.win32_1.0.0.202411081344/tools/bin/../lib/gcc/arm-none-eabi/13.3.1/../../../../arm-none-eabi/bin/ld.exe: ./Src/syscalls.o: in function `_execve':
C:/InternshipGIT/ARM_94151_Manasi/InternshipSTMfolder/Assignment3/Question02/Debug/../Src/syscalls.c:152: multiple definition of `_execve'; ./Src/Src/syscalls.o:C:/InternshipGIT/ARM_94151_Manasi/InternshipSTMfolder/Assignment3/Question02/Debug/../Src/Src/syscalls.c:152: first defined here
C:/ST/STM32CubeIDE_1.19.0/STM32CubeIDE/plugins/com.st.stm32cube.ide.mcu.externaltools.gnu-tools-for-stm32.13.3.rel1.win32_1.0.0.202411081344/tools/bin/../lib/gcc/arm-none-eabi/13.3.1/../../../../arm-none-eabi/bin/ld.exe: ./Src/sysmem.o: in function `_sbrk':
C:/InternshipGIT/ARM_94151_Manasi/InternshipSTMfolder/Assignment3/Question02/Debug/../Src/sysmem.c:54: multiple definition of `_sbrk'; ./Src/Src/sysmem.o:C:/InternshipGIT/ARM_94151_Manasi/InternshipSTMfolder/Assignment3/Question02/Debug/../Src/Src/sysmem.c:54: first defined here
C:/ST/STM32CubeIDE_1.19.0/STM32CubeIDE/plugins/com.st.stm32cube.ide.mcu.externaltools.gnu-tools-for-stm32.13.3.rel1.win32_1.0.0.202411081344/tools/bin/../lib/gcc/arm-none-eabi/13.3.1/../../../../arm-none-eabi/bin/ld.exe: ./Src/system_stm32f4xx.o:C:/InternshipGIT/ARM_94151_Manasi/InternshipSTMfolder/Assignment3/Question02/Debug/../Src/system_stm32f4xx.c:138: multiple definition of `SystemCoreClock'; ./Src/Src/system_stm32f4xx.o:C:/InternshipGIT/ARM_94151_Manasi/InternshipSTMfolder/Assignment3/Question02/Debug/../Src/Src/system_stm32f4xx.c:138: first defined here
C:/ST/STM32CubeIDE_1.19.0/STM32CubeIDE/plugins/com.st.stm32cube.ide.mcu.externaltools.gnu-tools-for-stm32.13.3.rel1.win32_1.0.0.202411081344/tools/bin/../lib/gcc/arm-none-eabi/13.3.1/../../../../arm-none-eabi/bin/ld.exe: ./Src/system_stm32f4xx.o:C:/InternshipGIT/ARM_94151_Manasi/InternshipSTMfolder/Assignment3/Question02/Debug/../Src/system_stm32f4xx.c:139: multiple definition of `AHBPrescTable'; ./Src/Src/system_stm32f4xx.o:C:/InternshipGIT/ARM_94151_Manasi/InternshipSTMfolder/Assignment3/Question02/Debug/../Src/Src/system_stm32f4xx.c:139: first defined here
C:/ST/STM32CubeIDE_1.19.0/STM32CubeIDE/plugins/com.st.stm32cube.ide.mcu.externaltools.gnu-tools-for-stm32.13.3.rel1.win32_1.0.0.202411081344/tools/bin/../lib/gcc/arm-none-eabi/13.3.1/../../../../arm-none-eabi/bin/ld.exe: ./Src/system_stm32f4xx.o:C:/InternshipGIT/ARM_94151_Manasi/InternshipSTMfolder/Assignment3/Question02/Debug/../Src/system_stm32f4xx.c:140: multiple definition of `APBPrescTable'; ./Src/Src/system_stm32f4xx.o:C:/InternshipGIT/ARM_94151_Manasi/InternshipSTMfolder/Assignment3/Question02/Debug/../Src/Src/system_stm32f4xx.c:140: first defined here
C:/ST/STM32CubeIDE_1.19.0/STM32CubeIDE/plugins/com.st.stm32cube.ide.mcu.externaltools.gnu-tools-for-stm32.13.3.rel1.win32_1.0.0.202411081344/tools/bin/../lib/gcc/arm-none-eabi/13.3.1/../../../../arm-none-eabi/bin/ld.exe: ./Src/system_stm32f4xx.o: in function `SystemInit':
C:/InternshipGIT/ARM_94151_Manasi/InternshipSTMfolder/Assignment3/Question02/Debug/../Src/system_stm32f4xx.c:169: multiple definition of `SystemInit'; ./Src/Src/system_stm32f4xx.o:C:/InternshipGIT/ARM_94151_Manasi/InternshipSTMfolder/Assignment3/Question02/Debug/../Src/Src/system_stm32f4xx.c:169: first defined here
C:/ST/STM32CubeIDE_1.19.0/STM32CubeIDE/plugins/com.st.stm32cube.ide.mcu.externaltools.gnu-tools-for-stm32.13.3.rel1.win32_1.0.0.202411081344/tools/bin/../lib/gcc/arm-none-eabi/13.3.1/../../../../arm-none-eabi/bin/ld.exe: ./Src/system_stm32f4xx.o: in function `DWT_Init':
C:/InternshipGIT/ARM_94151_Manasi/InternshipSTMfolder/Assignment3/Question02/Debug/../Src/system_stm32f4xx.c:768: multiple definition of `DWT_Init'; ./Src/Src/system_stm32f4xx.o:C:/InternshipGIT/ARM_94151_Manasi/InternshipSTMfolder/Assignment3/Question02/Debug/../Src/Src/system_stm32f4xx.c:768: first defined here
C:/ST/STM32CubeIDE_1.19.0/STM32CubeIDE/plugins/com.st.stm32cube.ide.mcu.externaltools.gnu-tools-for-stm32.13.3.rel1.win32_1.0.0.202411081344/tools/bin/../lib/gcc/arm-none-eabi/13.3.1/../../../../arm-none-eabi/bin/ld.exe: ./Src/system_stm32f4xx.o: in function `SystemCoreClockUpdate':
C:/InternshipGIT/ARM_94151_Manasi/InternshipSTMfolder/Assignment3/Question02/Debug/../Src/system_stm32f4xx.c:224: multiple definition of `SystemCoreClockUpdate'; ./Src/Src/system_stm32f4xx.o:C:/InternshipGIT/ARM_94151_Manasi/InternshipSTMfolder/Assignment3/Question02/Debug/../Src/Src/system_stm32f4xx.c:224: first defined here
C:/ST/STM32CubeIDE_1.19.0/STM32CubeIDE/plugins/com.st.stm32cube.ide.mcu.externaltools.gnu-tools-for-stm32.13.3.rel1.win32_1.0.0.202411081344/tools/bin/../lib/gcc/arm-none-eabi/13.3.1/../../../../arm-none-eabi/bin/ld.exe: ./Src/system_stm32f4xx.o: in function `SwDelayMs':
C:/InternshipGIT/ARM_94151_Manasi/InternshipSTMfolder/Assignment3/Question02/Debug/../Src/system_stm32f4xx.c:761: multiple definition of `SwDelayMs'; ./Src/Src/system_stm32f4xx.o:C:/InternshipGIT/ARM_94151_Manasi/InternshipSTMfolder/Assignment3/Question02/Debug/../Src/Src/system_stm32f4xx.c:761: first defined here
collect2.exe: error: ld returned 1 exit status
make: *** [makefile:64: Question02.elf] Error 1
"make -j4 all" terminated with exit code 2. Build might be incomplete.

08:56:13 Build Failed. 32 errors, 3 warnings. (took 2s.118ms)

